In file included from /home/liu_lab/shared/include/RtypesCore.h:23:0,
                 from /home/liu_lab/shared/include/Rtypes.h:23,
                 from /home/liu_lab/shared/include/TObject.h:17,
                 from /home/liu_lab/shared/include/TNamed.h:25,
                 from /home/liu_lab/shared/include/TRandom.h:25,
                 from /home/liu_lab/shared/include/TRandom3.h:25,
                 from test.cc:2:
/home/liu_lab/shared/include/ROOT/RConfig.h:48:4: error: #error "ROOT requires support for C++11 or higher."
 #  error "ROOT requires support for C++11 or higher."
    ^
/home/liu_lab/shared/include/ROOT/RConfig.h:50:5: error: #error "Pass `-std=c++11` as compiler argument."
 #   error "Pass `-std=c++11` as compiler argument."
     ^
In file included from /usr/include/c++/4.8.2/atomic:38:0,
                 from /home/liu_lab/shared/include/Rtypes.h:29,
                 from /home/liu_lab/shared/include/TObject.h:17,
                 from /home/liu_lab/shared/include/TNamed.h:25,
                 from /home/liu_lab/shared/include/TRandom.h:25,
                 from /home/liu_lab/shared/include/TRandom3.h:25,
                 from test.cc:2:
/usr/include/c++/4.8.2/bits/c++0x_warning.h:32:2: error: #error This file requires compiler and library support for the ISO C++ 2011 standard. This support is currently experimental, and must be enabled with the -std=c++11 or -std=gnu++11 compiler options.
 #error This file requires compiler and library support for the \
  ^
In file included from /usr/include/c++/4.8.2/atomic:41:0,
                 from /home/liu_lab/shared/include/Rtypes.h:29,
                 from /home/liu_lab/shared/include/TObject.h:17,
                 from /home/liu_lab/shared/include/TNamed.h:25,
                 from /home/liu_lab/shared/include/TRandom.h:25,
                 from /home/liu_lab/shared/include/TRandom3.h:25,
                 from test.cc:2:
/usr/include/c++/4.8.2/bits/atomic_base.h:70:3: error: ‘constexpr’ does not name a type
   constexpr memory_order
   ^
/usr/include/c++/4.8.2/bits/atomic_base.h:70:3: note: C++11 ‘constexpr’ only available with -std=c++11 or -std=gnu++11
/usr/include/c++/4.8.2/bits/atomic_base.h:76:3: error: ‘constexpr’ does not name a type
   constexpr memory_order
   ^
/usr/include/c++/4.8.2/bits/atomic_base.h:76:3: note: C++11 ‘constexpr’ only available with -std=c++11 or -std=gnu++11
/usr/include/c++/4.8.2/bits/atomic_base.h:83:3: error: ‘constexpr’ does not name a type
   constexpr memory_order
   ^
/usr/include/c++/4.8.2/bits/atomic_base.h:83:3: note: C++11 ‘constexpr’ only available with -std=c++11 or -std=gnu++11
/usr/include/c++/4.8.2/bits/atomic_base.h:90:3: error: ‘constexpr’ does not name a type
   constexpr memory_order
   ^
/usr/include/c++/4.8.2/bits/atomic_base.h:90:3: note: C++11 ‘constexpr’ only available with -std=c++11 or -std=gnu++11
/usr/include/c++/4.8.2/bits/atomic_base.h:98:41: error: expected initializer before ‘noexcept’
   atomic_thread_fence(memory_order __m) noexcept
                                         ^
/usr/include/c++/4.8.2/bits/atomic_base.h:102:41: error: expected initializer before ‘noexcept’
   atomic_signal_fence(memory_order __m) noexcept
                                         ^
/usr/include/c++/4.8.2/bits/atomic_base.h:108:30: error: expected initializer before ‘noexcept’
     kill_dependency(_Tp __y) noexcept
                              ^
/usr/include/c++/4.8.2/bits/atomic_base.h:156:25: error: ‘char16_t’ was not declared in this scope
   typedef __atomic_base<char16_t>    atomic_char16_t;
                         ^
/usr/include/c++/4.8.2/bits/atomic_base.h:156:33: error: template argument 1 is invalid
   typedef __atomic_base<char16_t>    atomic_char16_t;
                                 ^
/usr/include/c++/4.8.2/bits/atomic_base.h:156:53: error: invalid type in declaration before ‘;’ token
   typedef __atomic_base<char16_t>    atomic_char16_t;
                                                     ^
/usr/include/c++/4.8.2/bits/atomic_base.h:159:25: error: ‘char32_t’ was not declared in this scope
   typedef __atomic_base<char32_t>    atomic_char32_t;
                         ^
/usr/include/c++/4.8.2/bits/atomic_base.h:159:33: error: template argument 1 is invalid
   typedef __atomic_base<char32_t>    atomic_char32_t;
                                 ^
/usr/include/c++/4.8.2/bits/atomic_base.h:159:53: error: invalid type in declaration before ‘;’ token
   typedef __atomic_base<char32_t>    atomic_char32_t;
                                                     ^
/usr/include/c++/4.8.2/bits/atomic_base.h:162:25: error: ‘char32_t’ was not declared in this scope
   typedef __atomic_base<char32_t>    atomic_char32_t;
                         ^
/usr/include/c++/4.8.2/bits/atomic_base.h:162:33: error: template argument 1 is invalid
   typedef __atomic_base<char32_t>    atomic_char32_t;
                                 ^
/usr/include/c++/4.8.2/bits/atomic_base.h:162:53: error: invalid type in declaration before ‘;’ token
   typedef __atomic_base<char32_t>    atomic_char32_t;
                                                     ^
/usr/include/c++/4.8.2/bits/atomic_base.h:273:17: error: expected ‘;’ at end of member declaration
     atomic_flag() noexcept = default;
                 ^
/usr/include/c++/4.8.2/bits/atomic_base.h:273:19: error: ‘noexcept’ does not name a type
     atomic_flag() noexcept = default;
                   ^
/usr/include/c++/4.8.2/bits/atomic_base.h:274:18: error: expected ‘;’ at end of member declaration
     ~atomic_flag() noexcept = default;
                  ^
/usr/include/c++/4.8.2/bits/atomic_base.h:274:20: error: ‘noexcept’ does not name a type
     ~atomic_flag() noexcept = default;
                    ^
/usr/include/c++/4.8.2/bits/atomic_base.h:280:5: error: ‘constexpr’ does not name a type
     constexpr atomic_flag(bool __i) noexcept
     ^
/usr/include/c++/4.8.2/bits/atomic_base.h:280:5: note: C++11 ‘constexpr’ only available with -std=c++11 or -std=gnu++11
/usr/include/c++/4.8.2/bits/atomic_base.h:282:5: error: expected unqualified-id before ‘{’ token
     { }
     ^
/usr/include/c++/4.8.2/bits/atomic_base.h:285:57: error: expected ‘;’ at end of member declaration
     test_and_set(memory_order __m = memory_order_seq_cst) noexcept
                                                         ^
/usr/include/c++/4.8.2/bits/atomic_base.h:285:59: error: ‘noexcept’ does not name a type
     test_and_set(memory_order __m = memory_order_seq_cst) noexcept
                                                           ^
/usr/include/c++/4.8.2/bits/atomic_base.h:291:59: error: expected ‘;’ at end of member declaration
     test_and_set(memory_order __m = memory_order_seq_cst) volatile noexcept
                                                           ^
/usr/include/c++/4.8.2/bits/atomic_base.h:291:68: error: ‘noexcept’ does not name a type
     test_and_set(memory_order __m = memory_order_seq_cst) volatile noexcept
                                                                    ^
/usr/include/c++/4.8.2/bits/atomic_base.h:297:50: error: expected ‘;’ at end of member declaration
     clear(memory_order __m = memory_order_seq_cst) noexcept
                                                  ^
/usr/include/c++/4.8.2/bits/atomic_base.h:297:52: error: ‘noexcept’ does not name a type
     clear(memory_order __m = memory_order_seq_cst) noexcept
                                                    ^
/usr/include/c++/4.8.2/bits/atomic_base.h:308:52: error: expected ‘;’ at end of member declaration
     clear(memory_order __m = memory_order_seq_cst) volatile noexcept
                                                    ^
/usr/include/c++/4.8.2/bits/atomic_base.h:308:61: error: ‘noexcept’ does not name a type
     clear(memory_order __m = memory_order_seq_cst) volatile noexcept
                                                             ^
/usr/include/c++/4.8.2/bits/atomic_base.h:319:12: error: ‘constexpr’ does not name a type
     static constexpr __atomic_flag_data_type
            ^
/usr/include/c++/4.8.2/bits/atomic_base.h:319:12: note: C++11 ‘constexpr’ only available with -std=c++11 or -std=gnu++11
/usr/include/c++/4.8.2/bits/atomic_base.h:357:21: error: expected ‘;’ at end of member declaration
       __atomic_base() noexcept = default;
                     ^
/usr/include/c++/4.8.2/bits/atomic_base.h:357:23: error: ‘noexcept’ does not name a type
       __atomic_base() noexcept = default;
                       ^
/usr/include/c++/4.8.2/bits/atomic_base.h:358:22: error: expected ‘;’ at end of member declaration
       ~__atomic_base() noexcept = default;
                      ^
/usr/include/c++/4.8.2/bits/atomic_base.h:358:24: error: ‘noexcept’ does not name a type
       ~__atomic_base() noexcept = default;
                        ^
/usr/include/c++/4.8.2/bits/atomic_base.h:364:7: error: ‘constexpr’ does not name a type
       constexpr __atomic_base(__int_type __i) noexcept : _M_i (__i) { }
       ^
/usr/include/c++/4.8.2/bits/atomic_base.h:364:7: note: C++11 ‘constexpr’ only available with -std=c++11 or -std=gnu++11
/usr/include/c++/4.8.2/bits/atomic_base.h:366:29: error: expected ‘;’ at end of member declaration
       operator __int_type() const noexcept
                             ^
/usr/include/c++/4.8.2/bits/atomic_base.h:366:35: error: ‘noexcept’ does not name a type
       operator __int_type() const noexcept
                                   ^
/usr/include/c++/4.8.2/bits/atomic_base.h:369:35: error: expected ‘;’ at end of member declaration
       operator __int_type() const volatile noexcept
                                   ^
/usr/include/c++/4.8.2/bits/atomic_base.h:369:44: error: ‘noexcept’ does not name a type
       operator __int_type() const volatile noexcept
                                            ^
/usr/include/c++/4.8.2/bits/atomic_base.h:373:31: error: expected ‘;’ at end of member declaration
       operator=(__int_type __i) noexcept
                               ^
/usr/include/c++/4.8.2/bits/atomic_base.h:373:33: error: ‘noexcept’ does not name a type
       operator=(__int_type __i) noexcept
                                 ^
/usr/include/c++/4.8.2/bits/atomic_base.h:380:33: error: expected ‘;’ at end of member declaration
       operator=(__int_type __i) volatile noexcept
                                 ^
/usr/include/c++/4.8.2/bits/atomic_base.h:380:42: error: ‘noexcept’ does not name a type
       operator=(__int_type __i) volatile noexcept
                                          ^
/usr/include/c++/4.8.2/bits/atomic_base.h:387:21: error: expected ‘;’ at end of member declaration
       operator++(int) noexcept
                     ^
/usr/include/c++/4.8.2/bits/atomic_base.h:387:23: error: ‘noexcept’ does not name a type
       operator++(int) noexcept
                       ^
/usr/include/c++/4.8.2/bits/atomic_base.h:391:23: error: expected ‘;’ at end of member declaration
       operator++(int) volatile noexcept
                       ^
/usr/include/c++/4.8.2/bits/atomic_base.h:391:32: error: ‘noexcept’ does not name a type
       operator++(int) volatile noexcept
                                ^
/usr/include/c++/4.8.2/bits/atomic_base.h:395:21: error: expected ‘;’ at end of member declaration
       operator--(int) noexcept
                     ^
/usr/include/c++/4.8.2/bits/atomic_base.h:395:23: error: ‘noexcept’ does not name a type
       operator--(int) noexcept
                       ^
/usr/include/c++/4.8.2/bits/atomic_base.h:399:23: error: expected ‘;’ at end of member declaration
       operator--(int) volatile noexcept
                       ^
/usr/include/c++/4.8.2/bits/atomic_base.h:399:32: error: ‘noexcept’ does not name a type
       operator--(int) volatile noexcept
                                ^
/usr/include/c++/4.8.2/bits/atomic_base.h:403:18: error: expected ‘;’ at end of member declaration
       operator++() noexcept
                  ^
/usr/include/c++/4.8.2/bits/atomic_base.h:403:20: error: ‘noexcept’ does not name a type
       operator++() noexcept
                    ^
/usr/include/c++/4.8.2/bits/atomic_base.h:407:20: error: expected ‘;’ at end of member declaration
       operator++() volatile noexcept
                    ^
/usr/include/c++/4.8.2/bits/atomic_base.h:407:29: error: ‘noexcept’ does not name a type
       operator++() volatile noexcept
                             ^
/usr/include/c++/4.8.2/bits/atomic_base.h:411:18: error: expected ‘;’ at end of member declaration
       operator--() noexcept
                  ^
/usr/include/c++/4.8.2/bits/atomic_base.h:411:20: error: ‘noexcept’ does not name a type
       operator--() noexcept
                    ^
/usr/include/c++/4.8.2/bits/atomic_base.h:415:20: error: expected ‘;’ at end of member declaration
       operator--() volatile noexcept
                    ^
/usr/include/c++/4.8.2/bits/atomic_base.h:415:29: error: ‘noexcept’ does not name a type
       operator--() volatile noexcept
                             ^
/usr/include/c++/4.8.2/bits/atomic_base.h:419:32: error: expected ‘;’ at end of member declaration
       operator+=(__int_type __i) noexcept
                                ^
/usr/include/c++/4.8.2/bits/atomic_base.h:419:34: error: ‘noexcept’ does not name a type
       operator+=(__int_type __i) noexcept
                                  ^
/usr/include/c++/4.8.2/bits/atomic_base.h:423:34: error: expected ‘;’ at end of member declaration
       operator+=(__int_type __i) volatile noexcept
                                  ^
/usr/include/c++/4.8.2/bits/atomic_base.h:423:43: error: ‘noexcept’ does not name a type
       operator+=(__int_type __i) volatile noexcept
                                           ^
/usr/include/c++/4.8.2/bits/atomic_base.h:427:32: error: expected ‘;’ at end of member declaration
       operator-=(__int_type __i) noexcept
                                ^
/usr/include/c++/4.8.2/bits/atomic_base.h:427:34: error: ‘noexcept’ does not name a type
       operator-=(__int_type __i) noexcept
                                  ^
/usr/include/c++/4.8.2/bits/atomic_base.h:431:34: error: expected ‘;’ at end of member declaration
       operator-=(__int_type __i) volatile noexcept
                                  ^
/usr/include/c++/4.8.2/bits/atomic_base.h:431:43: error: ‘noexcept’ does not name a type
       operator-=(__int_type __i) volatile noexcept
                                           ^
/usr/include/c++/4.8.2/bits/atomic_base.h:435:32: error: expected ‘;’ at end of member declaration
       operator&=(__int_type __i) noexcept
                                ^
/usr/include/c++/4.8.2/bits/atomic_base.h:435:34: error: ‘noexcept’ does not name a type
       operator&=(__int_type __i) noexcept
                                  ^
/usr/include/c++/4.8.2/bits/atomic_base.h:439:34: error: expected ‘;’ at end of member declaration
       operator&=(__int_type __i) volatile noexcept
                                  ^
/usr/include/c++/4.8.2/bits/atomic_base.h:439:43: error: ‘noexcept’ does not name a type
       operator&=(__int_type __i) volatile noexcept
                                           ^
/usr/include/c++/4.8.2/bits/atomic_base.h:443:32: error: expected ‘;’ at end of member declaration
       operator|=(__int_type __i) noexcept
                                ^
/usr/include/c++/4.8.2/bits/atomic_base.h:443:34: error: ‘noexcept’ does not name a type
       operator|=(__int_type __i) noexcept
                                  ^
/usr/include/c++/4.8.2/bits/atomic_base.h:447:34: error: expected ‘;’ at end of member declaration
       operator|=(__int_type __i) volatile noexcept
                                  ^
/usr/include/c++/4.8.2/bits/atomic_base.h:447:43: error: ‘noexcept’ does not name a type
       operator|=(__int_type __i) volatile noexcept
                                           ^
/usr/include/c++/4.8.2/bits/atomic_base.h:451:32: error: expected ‘;’ at end of member declaration
       operator^=(__int_type __i) noexcept
                                ^
/usr/include/c++/4.8.2/bits/atomic_base.h:451:34: error: ‘noexcept’ does not name a type
       operator^=(__int_type __i) noexcept
                                  ^
/usr/include/c++/4.8.2/bits/atomic_base.h:455:34: error: expected ‘;’ at end of member declaration
       operator^=(__int_type __i) volatile noexcept
                                  ^
/usr/include/c++/4.8.2/bits/atomic_base.h:455:43: error: ‘noexcept’ does not name a type
       operator^=(__int_type __i) volatile noexcept
                                           ^
/usr/include/c++/4.8.2/bits/atomic_base.h:459:22: error: expected ‘;’ at end of member declaration
       is_lock_free() const noexcept
                      ^
/usr/include/c++/4.8.2/bits/atomic_base.h:459:28: error: ‘noexcept’ does not name a type
       is_lock_free() const noexcept
                            ^
/usr/include/c++/4.8.2/bits/atomic_base.h:463:28: error: expected ‘;’ at end of member declaration
       is_lock_free() const volatile noexcept
                            ^
/usr/include/c++/4.8.2/bits/atomic_base.h:463:37: error: ‘noexcept’ does not name a type
       is_lock_free() const volatile noexcept
                                     ^
/usr/include/c++/4.8.2/bits/atomic_base.h:467:68: error: expected ‘;’ at end of member declaration
       store(__int_type __i, memory_order __m = memory_order_seq_cst) noexcept
                                                                    ^
/usr/include/c++/4.8.2/bits/atomic_base.h:467:70: error: ‘noexcept’ does not name a type
       store(__int_type __i, memory_order __m = memory_order_seq_cst) noexcept
                                                                      ^
/usr/include/c++/4.8.2/bits/atomic_base.h:479:47: error: expected ‘;’ at end of member declaration
      memory_order __m = memory_order_seq_cst) volatile noexcept
                                               ^
/usr/include/c++/4.8.2/bits/atomic_base.h:479:56: error: ‘noexcept’ does not name a type
      memory_order __m = memory_order_seq_cst) volatile noexcept
                                                        ^
/usr/include/c++/4.8.2/bits/atomic_base.h:490:53: error: expected ‘;’ at end of member declaration
       load(memory_order __m = memory_order_seq_cst) const noexcept
                                                     ^
/usr/include/c++/4.8.2/bits/atomic_base.h:490:59: error: ‘noexcept’ does not name a type
       load(memory_order __m = memory_order_seq_cst) const noexcept
                                                           ^
/usr/include/c++/4.8.2/bits/atomic_base.h:500:59: error: expected ‘;’ at end of member declaration
       load(memory_order __m = memory_order_seq_cst) const volatile noexcept
                                                           ^
/usr/include/c++/4.8.2/bits/atomic_base.h:500:68: error: ‘noexcept’ does not name a type
       load(memory_order __m = memory_order_seq_cst) const volatile noexcept
                                                                    ^
/usr/include/c++/4.8.2/bits/atomic_base.h:511:48: error: expected ‘;’ at end of member declaration
         memory_order __m = memory_order_seq_cst) noexcept
                                                ^
/usr/include/c++/4.8.2/bits/atomic_base.h:511:50: error: ‘noexcept’ does not name a type
         memory_order __m = memory_order_seq_cst) noexcept
                                                  ^
/usr/include/c++/4.8.2/bits/atomic_base.h:519:50: error: expected ‘;’ at end of member declaration
         memory_order __m = memory_order_seq_cst) volatile noexcept
                                                  ^
/usr/include/c++/4.8.2/bits/atomic_base.h:519:59: error: ‘noexcept’ does not name a type
         memory_order __m = memory_order_seq_cst) volatile noexcept
                                                           ^
/usr/include/c++/4.8.2/bits/atomic_base.h:526:44: error: expected ‘;’ at end of member declaration
        memory_order __m1, memory_order __m2) noexcept
                                            ^
/usr/include/c++/4.8.2/bits/atomic_base.h:526:46: error: ‘noexcept’ does not name a type
        memory_order __m1, memory_order __m2) noexcept
                                              ^
/usr/include/c++/4.8.2/bits/atomic_base.h:540:27: error: expected ‘;’ at end of member declaration
        memory_order __m2) volatile noexcept
                           ^
/usr/include/c++/4.8.2/bits/atomic_base.h:540:36: error: ‘noexcept’ does not name a type
        memory_order __m2) volatile noexcept
                                    ^
/usr/include/c++/4.8.2/bits/atomic_base.h:553:47: error: expected ‘;’ at end of member declaration
        memory_order __m = memory_order_seq_cst) noexcept
                                               ^
/usr/include/c++/4.8.2/bits/atomic_base.h:553:49: error: ‘noexcept’ does not name a type
        memory_order __m = memory_order_seq_cst) noexcept
                                                 ^
/usr/include/c++/4.8.2/bits/atomic_base.h:561:47: error: expected ‘;’ at end of member declaration
      memory_order __m = memory_order_seq_cst) volatile noexcept
                                               ^
/usr/include/c++/4.8.2/bits/atomic_base.h:561:56: error: ‘noexcept’ does not name a type
      memory_order __m = memory_order_seq_cst) volatile noexcept
                                                        ^
/usr/include/c++/4.8.2/bits/atomic_base.h:569:46: error: expected ‘;’ at end of member declaration
          memory_order __m1, memory_order __m2) noexcept
                                              ^
/usr/include/c++/4.8.2/bits/atomic_base.h:569:48: error: ‘noexcept’ does not name a type
          memory_order __m1, memory_order __m2) noexcept
                                                ^
/usr/include/c++/4.8.2/bits/atomic_base.h:583:29: error: expected ‘;’ at end of member declaration
          memory_order __m2) volatile noexcept
                             ^
/usr/include/c++/4.8.2/bits/atomic_base.h:583:38: error: ‘noexcept’ does not name a type
          memory_order __m2) volatile noexcept
                                      ^
/usr/include/c++/4.8.2/bits/atomic_base.h:597:49: error: expected ‘;’ at end of member declaration
          memory_order __m = memory_order_seq_cst) noexcept
                                                 ^
/usr/include/c++/4.8.2/bits/atomic_base.h:597:51: error: ‘noexcept’ does not name a type
          memory_order __m = memory_order_seq_cst) noexcept
                                                   ^
/usr/include/c++/4.8.2/bits/atomic_base.h:605:45: error: expected ‘;’ at end of member declaration
    memory_order __m = memory_order_seq_cst) volatile noexcept
                                             ^
/usr/include/c++/4.8.2/bits/atomic_base.h:605:54: error: ‘noexcept’ does not name a type
    memory_order __m = memory_order_seq_cst) volatile noexcept
                                                      ^
/usr/include/c++/4.8.2/bits/atomic_base.h:613:42: error: expected ‘;’ at end of member declaration
   memory_order __m = memory_order_seq_cst) noexcept
                                          ^
/usr/include/c++/4.8.2/bits/atomic_base.h:613:44: error: ‘noexcept’ does not name a type
   memory_order __m = memory_order_seq_cst) noexcept
                                            ^
/usr/include/c++/4.8.2/bits/atomic_base.h:618:44: error: expected ‘;’ at end of member declaration
   memory_order __m = memory_order_seq_cst) volatile noexcept
                                            ^
/usr/include/c++/4.8.2/bits/atomic_base.h:618:53: error: ‘noexcept’ does not name a type
   memory_order __m = memory_order_seq_cst) volatile noexcept
                                                     ^
/usr/include/c++/4.8.2/bits/atomic_base.h:623:42: error: expected ‘;’ at end of member declaration
   memory_order __m = memory_order_seq_cst) noexcept
                                          ^
/usr/include/c++/4.8.2/bits/atomic_base.h:623:44: error: ‘noexcept’ does not name a type
   memory_order __m = memory_order_seq_cst) noexcept
                                            ^
/usr/include/c++/4.8.2/bits/atomic_base.h:628:44: error: expected ‘;’ at end of member declaration
   memory_order __m = memory_order_seq_cst) volatile noexcept
                                            ^
/usr/include/c++/4.8.2/bits/atomic_base.h:628:53: error: ‘noexcept’ does not name a type
   memory_order __m = memory_order_seq_cst) volatile noexcept
                                                     ^
/usr/include/c++/4.8.2/bits/atomic_base.h:633:42: error: expected ‘;’ at end of member declaration
   memory_order __m = memory_order_seq_cst) noexcept
                                          ^
/usr/include/c++/4.8.2/bits/atomic_base.h:633:44: error: ‘noexcept’ does not name a type
   memory_order __m = memory_order_seq_cst) noexcept
                                            ^
/usr/include/c++/4.8.2/bits/atomic_base.h:638:44: error: expected ‘;’ at end of member declaration
   memory_order __m = memory_order_seq_cst) volatile noexcept
                                            ^
/usr/include/c++/4.8.2/bits/atomic_base.h:638:53: error: ‘noexcept’ does not name a type
   memory_order __m = memory_order_seq_cst) volatile noexcept
                                                     ^
/usr/include/c++/4.8.2/bits/atomic_base.h:643:48: error: expected ‘;’ at end of member declaration
         memory_order __m = memory_order_seq_cst) noexcept
                                                ^
/usr/include/c++/4.8.2/bits/atomic_base.h:643:50: error: ‘noexcept’ does not name a type
         memory_order __m = memory_order_seq_cst) noexcept
                                                  ^
/usr/include/c++/4.8.2/bits/atomic_base.h:648:50: error: expected ‘;’ at end of member declaration
         memory_order __m = memory_order_seq_cst) volatile noexcept
                                                  ^
/usr/include/c++/4.8.2/bits/atomic_base.h:648:59: error: ‘noexcept’ does not name a type
         memory_order __m = memory_order_seq_cst) volatile noexcept
                                                           ^
/usr/include/c++/4.8.2/bits/atomic_base.h:653:42: error: expected ‘;’ at end of member declaration
   memory_order __m = memory_order_seq_cst) noexcept
                                          ^
/usr/include/c++/4.8.2/bits/atomic_base.h:653:44: error: ‘noexcept’ does not name a type
   memory_order __m = memory_order_seq_cst) noexcept
                                            ^
/usr/include/c++/4.8.2/bits/atomic_base.h:658:44: error: expected ‘;’ at end of member declaration
   memory_order __m = memory_order_seq_cst) volatile noexcept
                                            ^
/usr/include/c++/4.8.2/bits/atomic_base.h:658:53: error: ‘noexcept’ does not name a type
   memory_order __m = memory_order_seq_cst) volatile noexcept
                                                     ^
/usr/include/c++/4.8.2/bits/atomic_base.h:673:7: error: ‘constexpr’ does not name a type
       constexpr ptrdiff_t
       ^
/usr/include/c++/4.8.2/bits/atomic_base.h:673:7: note: C++11 ‘constexpr’ only available with -std=c++11 or -std=gnu++11
/usr/include/c++/4.8.2/bits/atomic_base.h:676:7: error: ‘constexpr’ does not name a type
       constexpr ptrdiff_t
       ^
/usr/include/c++/4.8.2/bits/atomic_base.h:676:7: note: C++11 ‘constexpr’ only available with -std=c++11 or -std=gnu++11
/usr/include/c++/4.8.2/bits/atomic_base.h:680:21: error: expected ‘;’ at end of member declaration
       __atomic_base() noexcept = default;
                     ^
/usr/include/c++/4.8.2/bits/atomic_base.h:680:23: error: ‘noexcept’ does not name a type
       __atomic_base() noexcept = default;
                       ^
/usr/include/c++/4.8.2/bits/atomic_base.h:681:22: error: expected ‘;’ at end of member declaration
       ~__atomic_base() noexcept = default;
                      ^
/usr/include/c++/4.8.2/bits/atomic_base.h:681:24: error: ‘noexcept’ does not name a type
       ~__atomic_base() noexcept = default;
                        ^
/usr/include/c++/4.8.2/bits/atomic_base.h:687:7: error: ‘constexpr’ does not name a type
       constexpr __atomic_base(__pointer_type __p) noexcept : _M_p (__p) { }
       ^
/usr/include/c++/4.8.2/bits/atomic_base.h:687:7: note: C++11 ‘constexpr’ only available with -std=c++11 or -std=gnu++11
/usr/include/c++/4.8.2/bits/atomic_base.h:689:33: error: expected ‘;’ at end of member declaration
       operator __pointer_type() const noexcept
                                 ^
/usr/include/c++/4.8.2/bits/atomic_base.h:689:39: error: ‘noexcept’ does not name a type
       operator __pointer_type() const noexcept
                                       ^
/usr/include/c++/4.8.2/bits/atomic_base.h:692:39: error: expected ‘;’ at end of member declaration
       operator __pointer_type() const volatile noexcept
                                       ^
/usr/include/c++/4.8.2/bits/atomic_base.h:692:48: error: ‘noexcept’ does not name a type
       operator __pointer_type() const volatile noexcept
                                                ^
/usr/include/c++/4.8.2/bits/atomic_base.h:696:35: error: expected ‘;’ at end of member declaration
       operator=(__pointer_type __p) noexcept
                                   ^
/usr/include/c++/4.8.2/bits/atomic_base.h:696:37: error: ‘noexcept’ does not name a type
       operator=(__pointer_type __p) noexcept
                                     ^
/usr/include/c++/4.8.2/bits/atomic_base.h:703:37: error: expected ‘;’ at end of member declaration
       operator=(__pointer_type __p) volatile noexcept
                                     ^
/usr/include/c++/4.8.2/bits/atomic_base.h:703:46: error: ‘noexcept’ does not name a type
       operator=(__pointer_type __p) volatile noexcept
                                              ^
/usr/include/c++/4.8.2/bits/atomic_base.h:710:21: error: expected ‘;’ at end of member declaration
       operator++(int) noexcept
                     ^
/usr/include/c++/4.8.2/bits/atomic_base.h:710:23: error: ‘noexcept’ does not name a type
       operator++(int) noexcept
                       ^
/usr/include/c++/4.8.2/bits/atomic_base.h:714:23: error: expected ‘;’ at end of member declaration
       operator++(int) volatile noexcept
                       ^
/usr/include/c++/4.8.2/bits/atomic_base.h:714:32: error: ‘noexcept’ does not name a type
       operator++(int) volatile noexcept
                                ^
/usr/include/c++/4.8.2/bits/atomic_base.h:718:21: error: expected ‘;’ at end of member declaration
       operator--(int) noexcept
                     ^
/usr/include/c++/4.8.2/bits/atomic_base.h:718:23: error: ‘noexcept’ does not name a type
       operator--(int) noexcept
                       ^
/usr/include/c++/4.8.2/bits/atomic_base.h:722:23: error: expected ‘;’ at end of member declaration
       operator--(int) volatile noexcept
                       ^
/usr/include/c++/4.8.2/bits/atomic_base.h:722:32: error: ‘noexcept’ does not name a type
       operator--(int) volatile noexcept
                                ^
/usr/include/c++/4.8.2/bits/atomic_base.h:726:18: error: expected ‘;’ at end of member declaration
       operator++() noexcept
                  ^
/usr/include/c++/4.8.2/bits/atomic_base.h:726:20: error: ‘noexcept’ does not name a type
       operator++() noexcept
                    ^
/usr/include/c++/4.8.2/bits/atomic_base.h:731:20: error: expected ‘;’ at end of member declaration
       operator++() volatile noexcept
                    ^
/usr/include/c++/4.8.2/bits/atomic_base.h:731:29: error: ‘noexcept’ does not name a type
       operator++() volatile noexcept
                             ^
/usr/include/c++/4.8.2/bits/atomic_base.h:736:18: error: expected ‘;’ at end of member declaration
       operator--() noexcept
                  ^
/usr/include/c++/4.8.2/bits/atomic_base.h:736:20: error: ‘noexcept’ does not name a type
       operator--() noexcept
                    ^
/usr/include/c++/4.8.2/bits/atomic_base.h:741:20: error: expected ‘;’ at end of member declaration
       operator--() volatile noexcept
                    ^
/usr/include/c++/4.8.2/bits/atomic_base.h:741:29: error: ‘noexcept’ does not name a type
       operator--() volatile noexcept
                             ^
/usr/include/c++/4.8.2/bits/atomic_base.h:746:31: error: expected ‘;’ at end of member declaration
       operator+=(ptrdiff_t __d) noexcept
                               ^
/usr/include/c++/4.8.2/bits/atomic_base.h:746:33: error: ‘noexcept’ does not name a type
       operator+=(ptrdiff_t __d) noexcept
                                 ^
/usr/include/c++/4.8.2/bits/atomic_base.h:751:33: error: expected ‘;’ at end of member declaration
       operator+=(ptrdiff_t __d) volatile noexcept
                                 ^
/usr/include/c++/4.8.2/bits/atomic_base.h:751:42: error: ‘noexcept’ does not name a type
       operator+=(ptrdiff_t __d) volatile noexcept
                                          ^
/usr/include/c++/4.8.2/bits/atomic_base.h:756:31: error: expected ‘;’ at end of member declaration
       operator-=(ptrdiff_t __d) noexcept
                               ^
/usr/include/c++/4.8.2/bits/atomic_base.h:756:33: error: ‘noexcept’ does not name a type
       operator-=(ptrdiff_t __d) noexcept
                                 ^
/usr/include/c++/4.8.2/bits/atomic_base.h:761:33: error: expected ‘;’ at end of member declaration
       operator-=(ptrdiff_t __d) volatile noexcept
                                 ^
/usr/include/c++/4.8.2/bits/atomic_base.h:761:42: error: ‘noexcept’ does not name a type
       operator-=(ptrdiff_t __d) volatile noexcept
                                          ^
/usr/include/c++/4.8.2/bits/atomic_base.h:766:22: error: expected ‘;’ at end of member declaration
       is_lock_free() const noexcept
                      ^
/usr/include/c++/4.8.2/bits/atomic_base.h:766:28: error: ‘noexcept’ does not name a type
       is_lock_free() const noexcept
                            ^
/usr/include/c++/4.8.2/bits/atomic_base.h:770:28: error: expected ‘;’ at end of member declaration
       is_lock_free() const volatile noexcept
                            ^
/usr/include/c++/4.8.2/bits/atomic_base.h:770:37: error: ‘noexcept’ does not name a type
       is_lock_free() const volatile noexcept
                                     ^
/usr/include/c++/4.8.2/bits/atomic_base.h:775:45: error: expected ‘;’ at end of member declaration
      memory_order __m = memory_order_seq_cst) noexcept
                                             ^
/usr/include/c++/4.8.2/bits/atomic_base.h:775:47: error: ‘noexcept’ does not name a type
      memory_order __m = memory_order_seq_cst) noexcept
                                               ^
/usr/include/c++/4.8.2/bits/atomic_base.h:788:47: error: expected ‘;’ at end of member declaration
      memory_order __m = memory_order_seq_cst) volatile noexcept
                                               ^
/usr/include/c++/4.8.2/bits/atomic_base.h:788:56: error: ‘noexcept’ does not name a type
      memory_order __m = memory_order_seq_cst) volatile noexcept
                                                        ^
/usr/include/c++/4.8.2/bits/atomic_base.h:799:53: error: expected ‘;’ at end of member declaration
       load(memory_order __m = memory_order_seq_cst) const noexcept
                                                     ^
/usr/include/c++/4.8.2/bits/atomic_base.h:799:59: error: ‘noexcept’ does not name a type
       load(memory_order __m = memory_order_seq_cst) const noexcept
                                                           ^
/usr/include/c++/4.8.2/bits/atomic_base.h:809:59: error: expected ‘;’ at end of member declaration
       load(memory_order __m = memory_order_seq_cst) const volatile noexcept
                                                           ^
/usr/include/c++/4.8.2/bits/atomic_base.h:809:68: error: ‘noexcept’ does not name a type
       load(memory_order __m = memory_order_seq_cst) const volatile noexcept
                                                                    ^
/usr/include/c++/4.8.2/bits/atomic_base.h:820:48: error: expected ‘;’ at end of member declaration
         memory_order __m = memory_order_seq_cst) noexcept
                                                ^
/usr/include/c++/4.8.2/bits/atomic_base.h:820:50: error: ‘noexcept’ does not name a type
         memory_order __m = memory_order_seq_cst) noexcept
                                                  ^
/usr/include/c++/4.8.2/bits/atomic_base.h:828:50: error: expected ‘;’ at end of member declaration
         memory_order __m = memory_order_seq_cst) volatile noexcept
                                                  ^
/usr/include/c++/4.8.2/bits/atomic_base.h:828:59: error: ‘noexcept’ does not name a type
         memory_order __m = memory_order_seq_cst) volatile noexcept
                                                           ^
/usr/include/c++/4.8.2/bits/atomic_base.h:836:27: error: expected ‘;’ at end of member declaration
          memory_order __m2) noexcept
                           ^
/usr/include/c++/4.8.2/bits/atomic_base.h:836:29: error: ‘noexcept’ does not name a type
          memory_order __m2) noexcept
                             ^
/usr/include/c++/4.8.2/bits/atomic_base.h:850:29: error: expected ‘;’ at end of member declaration
          memory_order __m2) volatile noexcept
                             ^
/usr/include/c++/4.8.2/bits/atomic_base.h:850:38: error: ‘noexcept’ does not name a type
          memory_order __m2) volatile noexcept
                                      ^
/usr/include/c++/4.8.2/bits/atomic_base.h:864:42: error: expected ‘;’ at end of member declaration
   memory_order __m = memory_order_seq_cst) noexcept
                                          ^
/usr/include/c++/4.8.2/bits/atomic_base.h:864:44: error: ‘noexcept’ does not name a type
   memory_order __m = memory_order_seq_cst) noexcept
                                            ^
/usr/include/c++/4.8.2/bits/atomic_base.h:869:44: error: expected ‘;’ at end of member declaration
   memory_order __m = memory_order_seq_cst) volatile noexcept
                                            ^
/usr/include/c++/4.8.2/bits/atomic_base.h:869:53: error: ‘noexcept’ does not name a type
   memory_order __m = memory_order_seq_cst) volatile noexcept
                                                     ^
/usr/include/c++/4.8.2/bits/atomic_base.h:874:42: error: expected ‘;’ at end of member declaration
   memory_order __m = memory_order_seq_cst) noexcept
                                          ^
/usr/include/c++/4.8.2/bits/atomic_base.h:874:44: error: ‘noexcept’ does not name a type
   memory_order __m = memory_order_seq_cst) noexcept
                                            ^
/usr/include/c++/4.8.2/bits/atomic_base.h:879:44: error: expected ‘;’ at end of member declaration
   memory_order __m = memory_order_seq_cst) volatile noexcept
                                            ^
/usr/include/c++/4.8.2/bits/atomic_base.h:879:53: error: ‘noexcept’ does not name a type
   memory_order __m = memory_order_seq_cst) volatile noexcept
                                                     ^
In file included from /home/liu_lab/shared/include/Rtypes.h:29:0,
                 from /home/liu_lab/shared/include/TObject.h:17,
                 from /home/liu_lab/shared/include/TNamed.h:25,
                 from /home/liu_lab/shared/include/TRandom.h:25,
                 from /home/liu_lab/shared/include/TRandom3.h:25,
                 from test.cc:2:
/usr/include/c++/4.8.2/atomic:60:17: error: expected ‘;’ at end of member declaration
     atomic_bool() noexcept = default;
                 ^
/usr/include/c++/4.8.2/atomic:60:19: error: ‘noexcept’ does not name a type
     atomic_bool() noexcept = default;
                   ^
/usr/include/c++/4.8.2/atomic:61:18: error: expected ‘;’ at end of member declaration
     ~atomic_bool() noexcept = default;
                  ^
/usr/include/c++/4.8.2/atomic:61:20: error: ‘noexcept’ does not name a type
     ~atomic_bool() noexcept = default;
                    ^
/usr/include/c++/4.8.2/atomic:66:5: error: ‘constexpr’ does not name a type
     constexpr atomic_bool(bool __i) noexcept : _M_base(__i) { }
     ^
/usr/include/c++/4.8.2/atomic:66:5: note: C++11 ‘constexpr’ only available with -std=c++11 or -std=gnu++11
/usr/include/c++/4.8.2/atomic:69:23: error: expected ‘;’ at end of member declaration
     operator=(bool __i) noexcept
                       ^
/usr/include/c++/4.8.2/atomic:69:25: error: ‘noexcept’ does not name a type
     operator=(bool __i) noexcept
                         ^
/usr/include/c++/4.8.2/atomic:73:25: error: expected ‘;’ at end of member declaration
     operator=(bool __i) volatile noexcept
                         ^
/usr/include/c++/4.8.2/atomic:73:34: error: ‘noexcept’ does not name a type
     operator=(bool __i) volatile noexcept
                                  ^
/usr/include/c++/4.8.2/atomic:76:21: error: expected ‘;’ at end of member declaration
     operator bool() const noexcept
                     ^
/usr/include/c++/4.8.2/atomic:76:27: error: ‘noexcept’ does not name a type
     operator bool() const noexcept
                           ^
/usr/include/c++/4.8.2/atomic:79:27: error: expected ‘;’ at end of member declaration
     operator bool() const volatile noexcept
                           ^
/usr/include/c++/4.8.2/atomic:79:36: error: ‘noexcept’ does not name a type
     operator bool() const volatile noexcept
                                    ^
/usr/include/c++/4.8.2/atomic:83:20: error: expected ‘;’ at end of member declaration
     is_lock_free() const noexcept { return _M_base.is_lock_free(); }
                    ^
/usr/include/c++/4.8.2/atomic:83:26: error: ‘noexcept’ does not name a type
     is_lock_free() const noexcept { return _M_base.is_lock_free(); }
                          ^
/usr/include/c++/4.8.2/atomic:86:26: error: expected ‘;’ at end of member declaration
     is_lock_free() const volatile noexcept { return _M_base.is_lock_free(); }
                          ^
/usr/include/c++/4.8.2/atomic:86:35: error: ‘noexcept’ does not name a type
     is_lock_free() const volatile noexcept { return _M_base.is_lock_free(); }
                                   ^
/usr/include/c++/4.8.2/atomic:89:60: error: expected ‘;’ at end of member declaration
     store(bool __i, memory_order __m = memory_order_seq_cst) noexcept
                                                            ^
/usr/include/c++/4.8.2/atomic:89:62: error: ‘noexcept’ does not name a type
     store(bool __i, memory_order __m = memory_order_seq_cst) noexcept
                                                              ^
/usr/include/c++/4.8.2/atomic:93:62: error: expected ‘;’ at end of member declaration
     store(bool __i, memory_order __m = memory_order_seq_cst) volatile noexcept
                                                              ^
/usr/include/c++/4.8.2/atomic:93:71: error: ‘noexcept’ does not name a type
     store(bool __i, memory_order __m = memory_order_seq_cst) volatile noexcept
                                                                       ^
/usr/include/c++/4.8.2/atomic:97:51: error: expected ‘;’ at end of member declaration
     load(memory_order __m = memory_order_seq_cst) const noexcept
                                                   ^
/usr/include/c++/4.8.2/atomic:97:57: error: ‘noexcept’ does not name a type
     load(memory_order __m = memory_order_seq_cst) const noexcept
                                                         ^
/usr/include/c++/4.8.2/atomic:101:57: error: expected ‘;’ at end of member declaration
     load(memory_order __m = memory_order_seq_cst) const volatile noexcept
                                                         ^
/usr/include/c++/4.8.2/atomic:101:66: error: ‘noexcept’ does not name a type
     load(memory_order __m = memory_order_seq_cst) const volatile noexcept
                                                                  ^
/usr/include/c++/4.8.2/atomic:105:63: error: expected ‘;’ at end of member declaration
     exchange(bool __i, memory_order __m = memory_order_seq_cst) noexcept
                                                               ^
/usr/include/c++/4.8.2/atomic:105:65: error: ‘noexcept’ does not name a type
     exchange(bool __i, memory_order __m = memory_order_seq_cst) noexcept
                                                                 ^
/usr/include/c++/4.8.2/atomic:110:48: error: expected ‘;’ at end of member declaration
       memory_order __m = memory_order_seq_cst) volatile noexcept
                                                ^
/usr/include/c++/4.8.2/atomic:110:57: error: ‘noexcept’ does not name a type
       memory_order __m = memory_order_seq_cst) volatile noexcept
                                                         ^
/usr/include/c++/4.8.2/atomic:115:23: error: expected ‘;’ at end of member declaration
      memory_order __m2) noexcept
                       ^
/usr/include/c++/4.8.2/atomic:115:25: error: ‘noexcept’ does not name a type
      memory_order __m2) noexcept
                         ^
/usr/include/c++/4.8.2/atomic:120:25: error: expected ‘;’ at end of member declaration
      memory_order __m2) volatile noexcept
                         ^
/usr/include/c++/4.8.2/atomic:120:34: error: ‘noexcept’ does not name a type
      memory_order __m2) volatile noexcept
                                  ^
/usr/include/c++/4.8.2/atomic:125:45: error: expected ‘;’ at end of member declaration
      memory_order __m = memory_order_seq_cst) noexcept
                                             ^
/usr/include/c++/4.8.2/atomic:125:47: error: ‘noexcept’ does not name a type
      memory_order __m = memory_order_seq_cst) noexcept
                                               ^
/usr/include/c++/4.8.2/atomic:130:49: error: expected ‘;’ at end of member declaration
        memory_order __m = memory_order_seq_cst) volatile noexcept
                                                 ^
/usr/include/c++/4.8.2/atomic:130:58: error: ‘noexcept’ does not name a type
        memory_order __m = memory_order_seq_cst) volatile noexcept
                                                          ^
/usr/include/c++/4.8.2/atomic:135:25: error: expected ‘;’ at end of member declaration
        memory_order __m2) noexcept
                         ^
/usr/include/c++/4.8.2/atomic:135:27: error: ‘noexcept’ does not name a type
        memory_order __m2) noexcept
                           ^
/usr/include/c++/4.8.2/atomic:140:27: error: expected ‘;’ at end of member declaration
        memory_order __m2) volatile noexcept
                           ^
/usr/include/c++/4.8.2/atomic:140:36: error: ‘noexcept’ does not name a type
        memory_order __m2) volatile noexcept
                                    ^
/usr/include/c++/4.8.2/atomic:145:47: error: expected ‘;’ at end of member declaration
        memory_order __m = memory_order_seq_cst) noexcept
                                               ^
/usr/include/c++/4.8.2/atomic:145:49: error: ‘noexcept’ does not name a type
        memory_order __m = memory_order_seq_cst) noexcept
                                                 ^
/usr/include/c++/4.8.2/atomic:150:48: error: expected ‘;’ at end of member declaration
       memory_order __m = memory_order_seq_cst) volatile noexcept
                                                ^
/usr/include/c++/4.8.2/atomic:150:57: error: ‘noexcept’ does not name a type
       memory_order __m = memory_order_seq_cst) volatile noexcept
                                                         ^
/usr/include/c++/4.8.2/atomic:167:14: error: expected ‘;’ at end of member declaration
       atomic() noexcept = default;
              ^
/usr/include/c++/4.8.2/atomic:167:16: error: ‘noexcept’ does not name a type
       atomic() noexcept = default;
                ^
/usr/include/c++/4.8.2/atomic:168:15: error: expected ‘;’ at end of member declaration
       ~atomic() noexcept = default;
               ^
/usr/include/c++/4.8.2/atomic:168:17: error: ‘noexcept’ does not name a type
       ~atomic() noexcept = default;
                 ^
/usr/include/c++/4.8.2/atomic:173:7: error: ‘constexpr’ does not name a type
       constexpr atomic(_Tp __i) noexcept : _M_i(__i) { }
       ^
/usr/include/c++/4.8.2/atomic:173:7: note: C++11 ‘constexpr’ only available with -std=c++11 or -std=gnu++11
/usr/include/c++/4.8.2/atomic:175:22: error: expected ‘;’ at end of member declaration
       operator _Tp() const noexcept
                      ^
/usr/include/c++/4.8.2/atomic:175:28: error: ‘noexcept’ does not name a type
       operator _Tp() const noexcept
                            ^
/usr/include/c++/4.8.2/atomic:178:28: error: expected ‘;’ at end of member declaration
       operator _Tp() const volatile noexcept
                            ^
/usr/include/c++/4.8.2/atomic:178:37: error: ‘noexcept’ does not name a type
       operator _Tp() const volatile noexcept
                                     ^
/usr/include/c++/4.8.2/atomic:182:24: error: expected ‘;’ at end of member declaration
       operator=(_Tp __i) noexcept 
                        ^
/usr/include/c++/4.8.2/atomic:182:26: error: ‘noexcept’ does not name a type
       operator=(_Tp __i) noexcept 
                          ^
/usr/include/c++/4.8.2/atomic:186:26: error: expected ‘;’ at end of member declaration
       operator=(_Tp __i) volatile noexcept 
                          ^
/usr/include/c++/4.8.2/atomic:186:35: error: ‘noexcept’ does not name a type
       operator=(_Tp __i) volatile noexcept 
                                   ^
/usr/include/c++/4.8.2/atomic:190:22: error: expected ‘;’ at end of member declaration
       is_lock_free() const noexcept
                      ^
/usr/include/c++/4.8.2/atomic:190:28: error: ‘noexcept’ does not name a type
       is_lock_free() const noexcept
                            ^
/usr/include/c++/4.8.2/atomic:194:28: error: expected ‘;’ at end of member declaration
       is_lock_free() const volatile noexcept
                            ^
/usr/include/c++/4.8.2/atomic:194:37: error: ‘noexcept’ does not name a type
       is_lock_free() const volatile noexcept
                                     ^
/usr/include/c++/4.8.2/atomic:198:60: error: expected ‘;’ at end of member declaration
       store(_Tp __i, memory_order _m = memory_order_seq_cst) noexcept
                                                            ^
/usr/include/c++/4.8.2/atomic:198:62: error: ‘noexcept’ does not name a type
       store(_Tp __i, memory_order _m = memory_order_seq_cst) noexcept
                                                              ^
/usr/include/c++/4.8.2/atomic:202:62: error: expected ‘;’ at end of member declaration
       store(_Tp __i, memory_order _m = memory_order_seq_cst) volatile noexcept
                                                              ^
/usr/include/c++/4.8.2/atomic:202:71: error: ‘noexcept’ does not name a type
       store(_Tp __i, memory_order _m = memory_order_seq_cst) volatile noexcept
                                                                       ^
/usr/include/c++/4.8.2/atomic:206:52: error: expected ‘;’ at end of member declaration
       load(memory_order _m = memory_order_seq_cst) const noexcept
                                                    ^
/usr/include/c++/4.8.2/atomic:206:58: error: ‘noexcept’ does not name a type
       load(memory_order _m = memory_order_seq_cst) const noexcept
                                                          ^
/usr/include/c++/4.8.2/atomic:214:58: error: expected ‘;’ at end of member declaration
       load(memory_order _m = memory_order_seq_cst) const volatile noexcept
                                                          ^
/usr/include/c++/4.8.2/atomic:214:67: error: ‘noexcept’ does not name a type
       load(memory_order _m = memory_order_seq_cst) const volatile noexcept
                                                                   ^
/usr/include/c++/4.8.2/atomic:222:63: error: expected ‘;’ at end of member declaration
       exchange(_Tp __i, memory_order _m = memory_order_seq_cst) noexcept
                                                               ^
/usr/include/c++/4.8.2/atomic:222:65: error: ‘noexcept’ does not name a type
       exchange(_Tp __i, memory_order _m = memory_order_seq_cst) noexcept
                                                                 ^
/usr/include/c++/4.8.2/atomic:231:49: error: expected ‘;’ at end of member declaration
         memory_order _m = memory_order_seq_cst) volatile noexcept
                                                 ^
/usr/include/c++/4.8.2/atomic:231:58: error: ‘noexcept’ does not name a type
         memory_order _m = memory_order_seq_cst) volatile noexcept
                                                          ^
/usr/include/c++/4.8.2/atomic:240:24: error: expected ‘;’ at end of member declaration
        memory_order __f) noexcept
                        ^
/usr/include/c++/4.8.2/atomic:240:26: error: ‘noexcept’ does not name a type
        memory_order __f) noexcept
                          ^
/usr/include/c++/4.8.2/atomic:247:26: error: expected ‘;’ at end of member declaration
        memory_order __f) volatile noexcept
                          ^
/usr/include/c++/4.8.2/atomic:247:35: error: ‘noexcept’ does not name a type
        memory_order __f) volatile noexcept
                                   ^
/usr/include/c++/4.8.2/atomic:254:47: error: expected ‘;’ at end of member declaration
        memory_order __m = memory_order_seq_cst) noexcept
                                               ^
/usr/include/c++/4.8.2/atomic:254:49: error: ‘noexcept’ does not name a type
        memory_order __m = memory_order_seq_cst) noexcept
                                                 ^
/usr/include/c++/4.8.2/atomic:259:49: error: expected ‘;’ at end of member declaration
        memory_order __m = memory_order_seq_cst) volatile noexcept
                                                 ^
/usr/include/c++/4.8.2/atomic:259:58: error: ‘noexcept’ does not name a type
        memory_order __m = memory_order_seq_cst) volatile noexcept
                                                          ^
/usr/include/c++/4.8.2/atomic:264:26: error: expected ‘;’ at end of member declaration
          memory_order __f) noexcept
                          ^
/usr/include/c++/4.8.2/atomic:264:28: error: ‘noexcept’ does not name a type
          memory_order __f) noexcept
                            ^
/usr/include/c++/4.8.2/atomic:271:28: error: expected ‘;’ at end of member declaration
          memory_order __f) volatile noexcept
                            ^
/usr/include/c++/4.8.2/atomic:271:37: error: ‘noexcept’ does not name a type
          memory_order __f) volatile noexcept
                                     ^
/usr/include/c++/4.8.2/atomic:278:50: error: expected ‘;’ at end of member declaration
           memory_order __m = memory_order_seq_cst) noexcept
                                                  ^
/usr/include/c++/4.8.2/atomic:278:52: error: ‘noexcept’ does not name a type
           memory_order __m = memory_order_seq_cst) noexcept
                                                    ^
/usr/include/c++/4.8.2/atomic:283:49: error: expected ‘;’ at end of member declaration
        memory_order __m = memory_order_seq_cst) volatile noexcept
                                                 ^
/usr/include/c++/4.8.2/atomic:283:58: error: ‘noexcept’ does not name a type
        memory_order __m = memory_order_seq_cst) volatile noexcept
                                                          ^
/usr/include/c++/4.8.2/atomic:296:14: error: expected ‘;’ at end of member declaration
       atomic() noexcept = default;
              ^
/usr/include/c++/4.8.2/atomic:296:16: error: ‘noexcept’ does not name a type
       atomic() noexcept = default;
                ^
/usr/include/c++/4.8.2/atomic:297:15: error: expected ‘;’ at end of member declaration
       ~atomic() noexcept = default;
               ^
/usr/include/c++/4.8.2/atomic:297:17: error: ‘noexcept’ does not name a type
       ~atomic() noexcept = default;
                 ^
/usr/include/c++/4.8.2/atomic:302:7: error: ‘constexpr’ does not name a type
       constexpr atomic(__pointer_type __p) noexcept : _M_b(__p) { }
       ^
/usr/include/c++/4.8.2/atomic:302:7: note: C++11 ‘constexpr’ only available with -std=c++11 or -std=gnu++11
/usr/include/c++/4.8.2/atomic:304:33: error: expected ‘;’ at end of member declaration
       operator __pointer_type() const noexcept
                                 ^
/usr/include/c++/4.8.2/atomic:304:39: error: ‘noexcept’ does not name a type
       operator __pointer_type() const noexcept
                                       ^
/usr/include/c++/4.8.2/atomic:307:39: error: expected ‘;’ at end of member declaration
       operator __pointer_type() const volatile noexcept
                                       ^
/usr/include/c++/4.8.2/atomic:307:48: error: ‘noexcept’ does not name a type
       operator __pointer_type() const volatile noexcept
                                                ^
/usr/include/c++/4.8.2/atomic:311:35: error: expected ‘;’ at end of member declaration
       operator=(__pointer_type __p) noexcept
                                   ^
/usr/include/c++/4.8.2/atomic:311:37: error: ‘noexcept’ does not name a type
       operator=(__pointer_type __p) noexcept
                                     ^
/usr/include/c++/4.8.2/atomic:315:37: error: expected ‘;’ at end of member declaration
       operator=(__pointer_type __p) volatile noexcept
                                     ^
/usr/include/c++/4.8.2/atomic:315:46: error: ‘noexcept’ does not name a type
       operator=(__pointer_type __p) volatile noexcept
                                              ^
/usr/include/c++/4.8.2/atomic:319:21: error: expected ‘;’ at end of member declaration
       operator++(int) noexcept
                     ^
/usr/include/c++/4.8.2/atomic:319:23: error: ‘noexcept’ does not name a type
       operator++(int) noexcept
                       ^
/usr/include/c++/4.8.2/atomic:323:23: error: expected ‘;’ at end of member declaration
       operator++(int) volatile noexcept
                       ^
/usr/include/c++/4.8.2/atomic:323:32: error: ‘noexcept’ does not name a type
       operator++(int) volatile noexcept
                                ^
/usr/include/c++/4.8.2/atomic:327:21: error: expected ‘;’ at end of member declaration
       operator--(int) noexcept
                     ^
/usr/include/c++/4.8.2/atomic:327:23: error: ‘noexcept’ does not name a type
       operator--(int) noexcept
                       ^
/usr/include/c++/4.8.2/atomic:331:23: error: expected ‘;’ at end of member declaration
       operator--(int) volatile noexcept
                       ^
/usr/include/c++/4.8.2/atomic:331:32: error: ‘noexcept’ does not name a type
       operator--(int) volatile noexcept
                                ^
/usr/include/c++/4.8.2/atomic:335:18: error: expected ‘;’ at end of member declaration
       operator++() noexcept
                  ^
/usr/include/c++/4.8.2/atomic:335:20: error: ‘noexcept’ does not name a type
       operator++() noexcept
                    ^
/usr/include/c++/4.8.2/atomic:339:20: error: expected ‘;’ at end of member declaration
       operator++() volatile noexcept
                    ^
/usr/include/c++/4.8.2/atomic:339:29: error: ‘noexcept’ does not name a type
       operator++() volatile noexcept
                             ^
/usr/include/c++/4.8.2/atomic:343:18: error: expected ‘;’ at end of member declaration
       operator--() noexcept
                  ^
/usr/include/c++/4.8.2/atomic:343:20: error: ‘noexcept’ does not name a type
       operator--() noexcept
                    ^
/usr/include/c++/4.8.2/atomic:347:20: error: expected ‘;’ at end of member declaration
       operator--() volatile noexcept
                    ^
/usr/include/c++/4.8.2/atomic:347:29: error: ‘noexcept’ does not name a type
       operator--() volatile noexcept
                             ^
/usr/include/c++/4.8.2/atomic:351:31: error: expected ‘;’ at end of member declaration
       operator+=(ptrdiff_t __d) noexcept
                               ^
/usr/include/c++/4.8.2/atomic:351:33: error: ‘noexcept’ does not name a type
       operator+=(ptrdiff_t __d) noexcept
                                 ^
/usr/include/c++/4.8.2/atomic:355:33: error: expected ‘;’ at end of member declaration
       operator+=(ptrdiff_t __d) volatile noexcept
                                 ^
/usr/include/c++/4.8.2/atomic:355:42: error: ‘noexcept’ does not name a type
       operator+=(ptrdiff_t __d) volatile noexcept
                                          ^
/usr/include/c++/4.8.2/atomic:359:31: error: expected ‘;’ at end of member declaration
       operator-=(ptrdiff_t __d) noexcept
                               ^
/usr/include/c++/4.8.2/atomic:359:33: error: ‘noexcept’ does not name a type
       operator-=(ptrdiff_t __d) noexcept
                                 ^
/usr/include/c++/4.8.2/atomic:363:33: error: expected ‘;’ at end of member declaration
       operator-=(ptrdiff_t __d) volatile noexcept
                                 ^
/usr/include/c++/4.8.2/atomic:363:42: error: ‘noexcept’ does not name a type
       operator-=(ptrdiff_t __d) volatile noexcept
                                          ^
/usr/include/c++/4.8.2/atomic:367:22: error: expected ‘;’ at end of member declaration
       is_lock_free() const noexcept
                      ^
/usr/include/c++/4.8.2/atomic:367:28: error: ‘noexcept’ does not name a type
       is_lock_free() const noexcept
                            ^
/usr/include/c++/4.8.2/atomic:371:28: error: expected ‘;’ at end of member declaration
       is_lock_free() const volatile noexcept
                            ^
/usr/include/c++/4.8.2/atomic:371:37: error: ‘noexcept’ does not name a type
       is_lock_free() const volatile noexcept
                                     ^
/usr/include/c++/4.8.2/atomic:376:45: error: expected ‘;’ at end of member declaration
      memory_order __m = memory_order_seq_cst) noexcept
                                             ^
/usr/include/c++/4.8.2/atomic:376:47: error: ‘noexcept’ does not name a type
      memory_order __m = memory_order_seq_cst) noexcept
                                               ^
/usr/include/c++/4.8.2/atomic:381:47: error: expected ‘;’ at end of member declaration
      memory_order __m = memory_order_seq_cst) volatile noexcept
                                               ^
/usr/include/c++/4.8.2/atomic:381:56: error: ‘noexcept’ does not name a type
      memory_order __m = memory_order_seq_cst) volatile noexcept
                                                        ^
/usr/include/c++/4.8.2/atomic:385:53: error: expected ‘;’ at end of member declaration
       load(memory_order __m = memory_order_seq_cst) const noexcept
                                                     ^
/usr/include/c++/4.8.2/atomic:385:59: error: ‘noexcept’ does not name a type
       load(memory_order __m = memory_order_seq_cst) const noexcept
                                                           ^
/usr/include/c++/4.8.2/atomic:389:59: error: expected ‘;’ at end of member declaration
       load(memory_order __m = memory_order_seq_cst) const volatile noexcept
                                                           ^
/usr/include/c++/4.8.2/atomic:389:68: error: ‘noexcept’ does not name a type
       load(memory_order __m = memory_order_seq_cst) const volatile noexcept
                                                                    ^
/usr/include/c++/4.8.2/atomic:394:48: error: expected ‘;’ at end of member declaration
         memory_order __m = memory_order_seq_cst) noexcept
                                                ^
/usr/include/c++/4.8.2/atomic:394:50: error: ‘noexcept’ does not name a type
         memory_order __m = memory_order_seq_cst) noexcept
                                                  ^
/usr/include/c++/4.8.2/atomic:399:50: error: expected ‘;’ at end of member declaration
         memory_order __m = memory_order_seq_cst) volatile noexcept
                                                  ^
/usr/include/c++/4.8.2/atomic:399:59: error: ‘noexcept’ does not name a type
         memory_order __m = memory_order_seq_cst) volatile noexcept
                                                           ^
/usr/include/c++/4.8.2/atomic:404:44: error: expected ‘;’ at end of member declaration
        memory_order __m1, memory_order __m2) noexcept
                                            ^
/usr/include/c++/4.8.2/atomic:404:46: error: ‘noexcept’ does not name a type
        memory_order __m1, memory_order __m2) noexcept
                                              ^
/usr/include/c++/4.8.2/atomic:410:27: error: expected ‘;’ at end of member declaration
        memory_order __m2) volatile noexcept
                           ^
/usr/include/c++/4.8.2/atomic:410:36: error: ‘noexcept’ does not name a type
        memory_order __m2) volatile noexcept
                                    ^
/usr/include/c++/4.8.2/atomic:415:47: error: expected ‘;’ at end of member declaration
        memory_order __m = memory_order_seq_cst) noexcept
                                               ^
/usr/include/c++/4.8.2/atomic:415:49: error: ‘noexcept’ does not name a type
        memory_order __m = memory_order_seq_cst) noexcept
                                                 ^
/usr/include/c++/4.8.2/atomic:423:48: error: expected ‘;’ at end of member declaration
       memory_order __m = memory_order_seq_cst) volatile noexcept
                                                ^
/usr/include/c++/4.8.2/atomic:423:57: error: ‘noexcept’ does not name a type
       memory_order __m = memory_order_seq_cst) volatile noexcept
                                                         ^
/usr/include/c++/4.8.2/atomic:431:46: error: expected ‘;’ at end of member declaration
          memory_order __m1, memory_order __m2) noexcept
                                              ^
/usr/include/c++/4.8.2/atomic:431:48: error: ‘noexcept’ does not name a type
          memory_order __m1, memory_order __m2) noexcept
                                                ^
/usr/include/c++/4.8.2/atomic:437:29: error: expected ‘;’ at end of member declaration
          memory_order __m2) volatile noexcept
                             ^
/usr/include/c++/4.8.2/atomic:437:38: error: ‘noexcept’ does not name a type
          memory_order __m2) volatile noexcept
                                      ^
/usr/include/c++/4.8.2/atomic:442:49: error: expected ‘;’ at end of member declaration
          memory_order __m = memory_order_seq_cst) noexcept
                                                 ^
/usr/include/c++/4.8.2/atomic:442:51: error: ‘noexcept’ does not name a type
          memory_order __m = memory_order_seq_cst) noexcept
                                                   ^
/usr/include/c++/4.8.2/atomic:450:48: error: expected ‘;’ at end of member declaration
       memory_order __m = memory_order_seq_cst) volatile noexcept
                                                ^
/usr/include/c++/4.8.2/atomic:450:57: error: ‘noexcept’ does not name a type
       memory_order __m = memory_order_seq_cst) volatile noexcept
                                                         ^
/usr/include/c++/4.8.2/atomic:458:42: error: expected ‘;’ at end of member declaration
   memory_order __m = memory_order_seq_cst) noexcept
                                          ^
/usr/include/c++/4.8.2/atomic:458:44: error: ‘noexcept’ does not name a type
   memory_order __m = memory_order_seq_cst) noexcept
                                            ^
/usr/include/c++/4.8.2/atomic:463:44: error: expected ‘;’ at end of member declaration
   memory_order __m = memory_order_seq_cst) volatile noexcept
                                            ^
/usr/include/c++/4.8.2/atomic:463:53: error: ‘noexcept’ does not name a type
   memory_order __m = memory_order_seq_cst) volatile noexcept
                                                     ^
/usr/include/c++/4.8.2/atomic:468:42: error: expected ‘;’ at end of member declaration
   memory_order __m = memory_order_seq_cst) noexcept
                                          ^
/usr/include/c++/4.8.2/atomic:468:44: error: ‘noexcept’ does not name a type
   memory_order __m = memory_order_seq_cst) noexcept
                                            ^
/usr/include/c++/4.8.2/atomic:473:44: error: expected ‘;’ at end of member declaration
   memory_order __m = memory_order_seq_cst) volatile noexcept
                                            ^
/usr/include/c++/4.8.2/atomic:473:53: error: ‘noexcept’ does not name a type
   memory_order __m = memory_order_seq_cst) volatile noexcept
                                                     ^
/usr/include/c++/4.8.2/atomic:485:14: error: expected ‘;’ at end of member declaration
       atomic() noexcept = default;
              ^
/usr/include/c++/4.8.2/atomic:485:16: error: ‘noexcept’ does not name a type
       atomic() noexcept = default;
                ^
/usr/include/c++/4.8.2/atomic:486:15: error: expected ‘;’ at end of member declaration
       ~atomic() noexcept = default;
               ^
/usr/include/c++/4.8.2/atomic:486:17: error: ‘noexcept’ does not name a type
       ~atomic() noexcept = default;
                 ^
/usr/include/c++/4.8.2/atomic:491:7: error: ‘constexpr’ does not name a type
       constexpr atomic(__integral_type __i) noexcept : __base_type(__i) { }
       ^
/usr/include/c++/4.8.2/atomic:491:7: note: C++11 ‘constexpr’ only available with -std=c++11 or -std=gnu++11
/usr/include/c++/4.8.2/atomic:504:14: error: expected ‘;’ at end of member declaration
       atomic() noexcept = default;
              ^
/usr/include/c++/4.8.2/atomic:504:16: error: ‘noexcept’ does not name a type
       atomic() noexcept = default;
                ^
/usr/include/c++/4.8.2/atomic:505:15: error: expected ‘;’ at end of member declaration
       ~atomic() noexcept = default;
               ^
/usr/include/c++/4.8.2/atomic:505:17: error: ‘noexcept’ does not name a type
       ~atomic() noexcept = default;
                 ^
/usr/include/c++/4.8.2/atomic:510:7: error: ‘constexpr’ does not name a type
       constexpr atomic(__integral_type __i) noexcept : __base_type(__i) { }
       ^
/usr/include/c++/4.8.2/atomic:510:7: note: C++11 ‘constexpr’ only available with -std=c++11 or -std=gnu++11
/usr/include/c++/4.8.2/atomic:523:14: error: expected ‘;’ at end of member declaration
       atomic() noexcept= default;
              ^
/usr/include/c++/4.8.2/atomic:523:16: error: ‘noexcept’ does not name a type
       atomic() noexcept= default;
                ^
/usr/include/c++/4.8.2/atomic:524:15: error: expected ‘;’ at end of member declaration
       ~atomic() noexcept = default;
               ^
/usr/include/c++/4.8.2/atomic:524:17: error: ‘noexcept’ does not name a type
       ~atomic() noexcept = default;
                 ^
/usr/include/c++/4.8.2/atomic:529:7: error: ‘constexpr’ does not name a type
       constexpr atomic(__integral_type __i) noexcept : __base_type(__i) { }
       ^
/usr/include/c++/4.8.2/atomic:529:7: note: C++11 ‘constexpr’ only available with -std=c++11 or -std=gnu++11
/usr/include/c++/4.8.2/atomic:542:14: error: expected ‘;’ at end of member declaration
       atomic() noexcept= default;
              ^
/usr/include/c++/4.8.2/atomic:542:16: error: ‘noexcept’ does not name a type
       atomic() noexcept= default;
                ^
/usr/include/c++/4.8.2/atomic:543:15: error: expected ‘;’ at end of member declaration
       ~atomic() noexcept = default;
               ^
/usr/include/c++/4.8.2/atomic:543:17: error: ‘noexcept’ does not name a type
       ~atomic() noexcept = default;
                 ^
/usr/include/c++/4.8.2/atomic:548:7: error: ‘constexpr’ does not name a type
       constexpr atomic(__integral_type __i) noexcept : __base_type(__i) { }
       ^
/usr/include/c++/4.8.2/atomic:548:7: note: C++11 ‘constexpr’ only available with -std=c++11 or -std=gnu++11
/usr/include/c++/4.8.2/atomic:561:14: error: expected ‘;’ at end of member declaration
       atomic() noexcept = default;
              ^
/usr/include/c++/4.8.2/atomic:561:16: error: ‘noexcept’ does not name a type
       atomic() noexcept = default;
                ^
/usr/include/c++/4.8.2/atomic:562:15: error: expected ‘;’ at end of member declaration
       ~atomic() noexcept = default;
               ^
/usr/include/c++/4.8.2/atomic:562:17: error: ‘noexcept’ does not name a type
       ~atomic() noexcept = default;
                 ^
/usr/include/c++/4.8.2/atomic:567:7: error: ‘constexpr’ does not name a type
       constexpr atomic(__integral_type __i) noexcept : __base_type(__i) { }
       ^
/usr/include/c++/4.8.2/atomic:567:7: note: C++11 ‘constexpr’ only available with -std=c++11 or -std=gnu++11
/usr/include/c++/4.8.2/atomic:580:14: error: expected ‘;’ at end of member declaration
       atomic() noexcept = default;
              ^
/usr/include/c++/4.8.2/atomic:580:16: error: ‘noexcept’ does not name a type
       atomic() noexcept = default;
                ^
/usr/include/c++/4.8.2/atomic:581:15: error: expected ‘;’ at end of member declaration
       ~atomic() noexcept = default;
               ^
/usr/include/c++/4.8.2/atomic:581:17: error: ‘noexcept’ does not name a type
       ~atomic() noexcept = default;
                 ^
/usr/include/c++/4.8.2/atomic:586:7: error: ‘constexpr’ does not name a type
       constexpr atomic(__integral_type __i) noexcept : __base_type(__i) { }
       ^
/usr/include/c++/4.8.2/atomic:586:7: note: C++11 ‘constexpr’ only available with -std=c++11 or -std=gnu++11
/usr/include/c++/4.8.2/atomic:599:14: error: expected ‘;’ at end of member declaration
       atomic() noexcept = default;
              ^
/usr/include/c++/4.8.2/atomic:599:16: error: ‘noexcept’ does not name a type
       atomic() noexcept = default;
                ^
/usr/include/c++/4.8.2/atomic:600:15: error: expected ‘;’ at end of member declaration
       ~atomic() noexcept = default;
               ^
/usr/include/c++/4.8.2/atomic:600:17: error: ‘noexcept’ does not name a type
       ~atomic() noexcept = default;
                 ^
/usr/include/c++/4.8.2/atomic:605:7: error: ‘constexpr’ does not name a type
       constexpr atomic(__integral_type __i) noexcept : __base_type(__i) { }
       ^
/usr/include/c++/4.8.2/atomic:605:7: note: C++11 ‘constexpr’ only available with -std=c++11 or -std=gnu++11
/usr/include/c++/4.8.2/atomic:618:14: error: expected ‘;’ at end of member declaration
       atomic() noexcept = default;
              ^
/usr/include/c++/4.8.2/atomic:618:16: error: ‘noexcept’ does not name a type
       atomic() noexcept = default;
                ^
/usr/include/c++/4.8.2/atomic:619:15: error: expected ‘;’ at end of member declaration
       ~atomic() noexcept = default;
               ^
/usr/include/c++/4.8.2/atomic:619:17: error: ‘noexcept’ does not name a type
       ~atomic() noexcept = default;
                 ^
/usr/include/c++/4.8.2/atomic:624:7: error: ‘constexpr’ does not name a type
       constexpr atomic(__integral_type __i) noexcept : __base_type(__i) { }
       ^
/usr/include/c++/4.8.2/atomic:624:7: note: C++11 ‘constexpr’ only available with -std=c++11 or -std=gnu++11
/usr/include/c++/4.8.2/atomic:637:14: error: expected ‘;’ at end of member declaration
       atomic() noexcept = default;
              ^
/usr/include/c++/4.8.2/atomic:637:16: error: ‘noexcept’ does not name a type
       atomic() noexcept = default;
                ^
/usr/include/c++/4.8.2/atomic:638:15: error: expected ‘;’ at end of member declaration
       ~atomic() noexcept = default;
               ^
/usr/include/c++/4.8.2/atomic:638:17: error: ‘noexcept’ does not name a type
       ~atomic() noexcept = default;
                 ^
/usr/include/c++/4.8.2/atomic:643:7: error: ‘constexpr’ does not name a type
       constexpr atomic(__integral_type __i) noexcept : __base_type(__i) { }
       ^
/usr/include/c++/4.8.2/atomic:643:7: note: C++11 ‘constexpr’ only available with -std=c++11 or -std=gnu++11
/usr/include/c++/4.8.2/atomic:656:14: error: expected ‘;’ at end of member declaration
       atomic() noexcept = default;
              ^
/usr/include/c++/4.8.2/atomic:656:16: error: ‘noexcept’ does not name a type
       atomic() noexcept = default;
                ^
/usr/include/c++/4.8.2/atomic:657:15: error: expected ‘;’ at end of member declaration
       ~atomic() noexcept = default;
               ^
/usr/include/c++/4.8.2/atomic:657:17: error: ‘noexcept’ does not name a type
       ~atomic() noexcept = default;
                 ^
/usr/include/c++/4.8.2/atomic:662:7: error: ‘constexpr’ does not name a type
       constexpr atomic(__integral_type __i) noexcept : __base_type(__i) { }
       ^
/usr/include/c++/4.8.2/atomic:662:7: note: C++11 ‘constexpr’ only available with -std=c++11 or -std=gnu++11
/usr/include/c++/4.8.2/atomic:675:14: error: expected ‘;’ at end of member declaration
       atomic() noexcept = default;
              ^
/usr/include/c++/4.8.2/atomic:675:16: error: ‘noexcept’ does not name a type
       atomic() noexcept = default;
                ^
/usr/include/c++/4.8.2/atomic:676:15: error: expected ‘;’ at end of member declaration
       ~atomic() noexcept = default;
               ^
/usr/include/c++/4.8.2/atomic:676:17: error: ‘noexcept’ does not name a type
       ~atomic() noexcept = default;
                 ^
/usr/include/c++/4.8.2/atomic:681:7: error: ‘constexpr’ does not name a type
       constexpr atomic(__integral_type __i) noexcept : __base_type(__i) { }
       ^
/usr/include/c++/4.8.2/atomic:681:7: note: C++11 ‘constexpr’ only available with -std=c++11 or -std=gnu++11
/usr/include/c++/4.8.2/atomic:694:14: error: expected ‘;’ at end of member declaration
       atomic() noexcept = default;
              ^
/usr/include/c++/4.8.2/atomic:694:16: error: ‘noexcept’ does not name a type
       atomic() noexcept = default;
                ^
/usr/include/c++/4.8.2/atomic:695:15: error: expected ‘;’ at end of member declaration
       ~atomic() noexcept = default;
               ^
/usr/include/c++/4.8.2/atomic:695:17: error: ‘noexcept’ does not name a type
       ~atomic() noexcept = default;
                 ^
/usr/include/c++/4.8.2/atomic:700:7: error: ‘constexpr’ does not name a type
       constexpr atomic(__integral_type __i) noexcept : __base_type(__i) { }
       ^
/usr/include/c++/4.8.2/atomic:700:7: note: C++11 ‘constexpr’ only available with -std=c++11 or -std=gnu++11
/usr/include/c++/4.8.2/atomic:713:14: error: expected ‘;’ at end of member declaration
       atomic() noexcept = default;
              ^
/usr/include/c++/4.8.2/atomic:713:16: error: ‘noexcept’ does not name a type
       atomic() noexcept = default;
                ^
/usr/include/c++/4.8.2/atomic:714:15: error: expected ‘;’ at end of member declaration
       ~atomic() noexcept = default;
               ^
/usr/include/c++/4.8.2/atomic:714:17: error: ‘noexcept’ does not name a type
       ~atomic() noexcept = default;
                 ^
/usr/include/c++/4.8.2/atomic:719:7: error: ‘constexpr’ does not name a type
       constexpr atomic(__integral_type __i) noexcept : __base_type(__i) { }
       ^
/usr/include/c++/4.8.2/atomic:719:7: note: C++11 ‘constexpr’ only available with -std=c++11 or -std=gnu++11
/usr/include/c++/4.8.2/atomic:727:19: error: ‘char16_t’ was not declared in this scope
     struct atomic<char16_t> : public atomic_char16_t
                   ^
/usr/include/c++/4.8.2/atomic:727:27: error: template argument 1 is invalid
     struct atomic<char16_t> : public atomic_char16_t
                           ^
/usr/include/c++/4.8.2/atomic:728:5: error: expected class-name before ‘{’ token
     {
     ^
/usr/include/c++/4.8.2/atomic:746:19: error: ‘char32_t’ was not declared in this scope
     struct atomic<char32_t> : public atomic_char32_t
                   ^
/usr/include/c++/4.8.2/atomic:746:27: error: template argument 1 is invalid
     struct atomic<char32_t> : public atomic_char32_t
                           ^
/usr/include/c++/4.8.2/atomic:747:5: error: expected class-name before ‘{’ token
     {
     ^
/usr/include/c++/4.8.2/atomic:767:27: error: expected initializer before ‘noexcept’
         memory_order __m) noexcept
                           ^
/usr/include/c++/4.8.2/atomic:772:27: error: expected initializer before ‘noexcept’
         memory_order __m) noexcept
                           ^
/usr/include/c++/4.8.2/atomic:776:66: error: expected initializer before ‘noexcept’
   atomic_flag_clear_explicit(atomic_flag* __a, memory_order __m) noexcept
                                                                  ^
/usr/include/c++/4.8.2/atomic:781:27: error: expected initializer before ‘noexcept’
         memory_order __m) noexcept
                           ^
/usr/include/c++/4.8.2/atomic:785:46: error: expected initializer before ‘noexcept’
   atomic_flag_test_and_set(atomic_flag* __a) noexcept
                                              ^
/usr/include/c++/4.8.2/atomic:789:55: error: expected initializer before ‘noexcept’
   atomic_flag_test_and_set(volatile atomic_flag* __a) noexcept
                                                       ^
/usr/include/c++/4.8.2/atomic:793:39: error: expected initializer before ‘noexcept’
   atomic_flag_clear(atomic_flag* __a) noexcept
                                       ^
/usr/include/c++/4.8.2/atomic:797:48: error: expected initializer before ‘noexcept’
   atomic_flag_clear(volatile atomic_flag* __a) noexcept
                                                ^
/usr/include/c++/4.8.2/atomic:804:50: error: expected initializer before ‘noexcept’
     atomic_is_lock_free(const atomic<_ITp>* __a) noexcept
                                                  ^
/usr/include/c++/4.8.2/atomic:809:59: error: expected initializer before ‘noexcept’
     atomic_is_lock_free(const volatile atomic<_ITp>* __a) noexcept
                                                           ^
/usr/include/c++/4.8.2/atomic:814:46: error: expected initializer before ‘noexcept’
     atomic_init(atomic<_ITp>* __a, _ITp __i) noexcept;
                                              ^
/usr/include/c++/4.8.2/atomic:818:55: error: expected initializer before ‘noexcept’
     atomic_init(volatile atomic<_ITp>* __a, _ITp __i) noexcept;
                                                       ^
/usr/include/c++/4.8.2/atomic:823:24: error: expected initializer before ‘noexcept’
      memory_order __m) noexcept
                        ^
/usr/include/c++/4.8.2/atomic:829:24: error: expected initializer before ‘noexcept’
      memory_order __m) noexcept
                        ^
/usr/include/c++/4.8.2/atomic:834:69: error: expected initializer before ‘noexcept’
     atomic_load_explicit(const atomic<_ITp>* __a, memory_order __m) noexcept
                                                                     ^
/usr/include/c++/4.8.2/atomic:840:23: error: expected initializer before ‘noexcept’
     memory_order __m) noexcept
                       ^
/usr/include/c++/4.8.2/atomic:846:27: error: expected initializer before ‘noexcept’
         memory_order __m) noexcept
                           ^
/usr/include/c++/4.8.2/atomic:852:27: error: expected initializer before ‘noexcept’
         memory_order __m) noexcept
                           ^
/usr/include/c++/4.8.2/atomic:860:27: error: expected initializer before ‘noexcept’
        memory_order __m2) noexcept
                           ^
/usr/include/c++/4.8.2/atomic:868:27: error: expected initializer before ‘noexcept’
        memory_order __m2) noexcept
                           ^
/usr/include/c++/4.8.2/atomic:876:29: error: expected initializer before ‘noexcept’
          memory_order __m2) noexcept
                             ^
/usr/include/c++/4.8.2/atomic:884:29: error: expected initializer before ‘noexcept’
          memory_order __m2) noexcept
                             ^
/usr/include/c++/4.8.2/atomic:890:47: error: expected initializer before ‘noexcept’
     atomic_store(atomic<_ITp>* __a, _ITp __i) noexcept
                                               ^
/usr/include/c++/4.8.2/atomic:895:56: error: expected initializer before ‘noexcept’
     atomic_store(volatile atomic<_ITp>* __a, _ITp __i) noexcept
                                                        ^
/usr/include/c++/4.8.2/atomic:900:42: error: expected initializer before ‘noexcept’
     atomic_load(const atomic<_ITp>* __a) noexcept
                                          ^
/usr/include/c++/4.8.2/atomic:905:51: error: expected initializer before ‘noexcept’
     atomic_load(const volatile atomic<_ITp>* __a) noexcept
                                                   ^
/usr/include/c++/4.8.2/atomic:910:50: error: expected initializer before ‘noexcept’
     atomic_exchange(atomic<_ITp>* __a, _ITp __i) noexcept
                                                  ^
/usr/include/c++/4.8.2/atomic:915:59: error: expected initializer before ‘noexcept’
     atomic_exchange(volatile atomic<_ITp>* __a, _ITp __i) noexcept
                                                           ^
/usr/include/c++/4.8.2/atomic:921:29: error: expected initializer before ‘noexcept’
      _ITp* __i1, _ITp __i2) noexcept
                             ^
/usr/include/c++/4.8.2/atomic:931:29: error: expected initializer before ‘noexcept’
      _ITp* __i1, _ITp __i2) noexcept
                             ^
/usr/include/c++/4.8.2/atomic:941:31: error: expected initializer before ‘noexcept’
        _ITp* __i1, _ITp __i2) noexcept
                               ^
/usr/include/c++/4.8.2/atomic:951:31: error: expected initializer before ‘noexcept’
        _ITp* __i1, _ITp __i2) noexcept
                               ^
/usr/include/c++/4.8.2/atomic:965:28: error: expected initializer before ‘noexcept’
          memory_order __m) noexcept
                            ^
/usr/include/c++/4.8.2/atomic:971:28: error: expected initializer before ‘noexcept’
          memory_order __m) noexcept
                            ^
/usr/include/c++/4.8.2/atomic:977:28: error: expected initializer before ‘noexcept’
          memory_order __m) noexcept
                            ^
/usr/include/c++/4.8.2/atomic:983:28: error: expected initializer before ‘noexcept’
          memory_order __m) noexcept
                            ^
/usr/include/c++/4.8.2/atomic:989:28: error: expected initializer before ‘noexcept’
          memory_order __m) noexcept
                            ^
/usr/include/c++/4.8.2/atomic:995:28: error: expected initializer before ‘noexcept’
          memory_order __m) noexcept
                            ^
/usr/include/c++/4.8.2/atomic:1001:27: error: expected initializer before ‘noexcept’
         memory_order __m) noexcept
                           ^
/usr/include/c++/4.8.2/atomic:1007:27: error: expected initializer before ‘noexcept’
         memory_order __m) noexcept
                           ^
/usr/include/c++/4.8.2/atomic:1013:28: error: expected initializer before ‘noexcept’
          memory_order __m) noexcept
                            ^
/usr/include/c++/4.8.2/atomic:1019:28: error: expected initializer before ‘noexcept’
          memory_order __m) noexcept
                            ^
/usr/include/c++/4.8.2/atomic:1024:58: error: expected initializer before ‘noexcept’
     atomic_fetch_add(__atomic_base<_ITp>* __a, _ITp __i) noexcept
                                                          ^
/usr/include/c++/4.8.2/atomic:1029:67: error: expected initializer before ‘noexcept’
     atomic_fetch_add(volatile __atomic_base<_ITp>* __a, _ITp __i) noexcept
                                                                   ^
/usr/include/c++/4.8.2/atomic:1034:58: error: expected initializer before ‘noexcept’
     atomic_fetch_sub(__atomic_base<_ITp>* __a, _ITp __i) noexcept
                                                          ^
/usr/include/c++/4.8.2/atomic:1039:67: error: expected initializer before ‘noexcept’
     atomic_fetch_sub(volatile __atomic_base<_ITp>* __a, _ITp __i) noexcept
                                                                   ^
/usr/include/c++/4.8.2/atomic:1044:58: error: expected initializer before ‘noexcept’
     atomic_fetch_and(__atomic_base<_ITp>* __a, _ITp __i) noexcept
                                                          ^
/usr/include/c++/4.8.2/atomic:1049:67: error: expected initializer before ‘noexcept’
     atomic_fetch_and(volatile __atomic_base<_ITp>* __a, _ITp __i) noexcept
                                                                   ^
/usr/include/c++/4.8.2/atomic:1054:57: error: expected initializer before ‘noexcept’
     atomic_fetch_or(__atomic_base<_ITp>* __a, _ITp __i) noexcept
                                                         ^
/usr/include/c++/4.8.2/atomic:1059:66: error: expected initializer before ‘noexcept’
     atomic_fetch_or(volatile __atomic_base<_ITp>* __a, _ITp __i) noexcept
                                                                  ^
/usr/include/c++/4.8.2/atomic:1064:58: error: expected initializer before ‘noexcept’
     atomic_fetch_xor(__atomic_base<_ITp>* __a, _ITp __i) noexcept
                                                          ^
/usr/include/c++/4.8.2/atomic:1069:67: error: expected initializer before ‘noexcept’
     atomic_fetch_xor(volatile __atomic_base<_ITp>* __a, _ITp __i) noexcept
                                                                   ^
/usr/include/c++/4.8.2/atomic:1077:28: error: expected initializer before ‘noexcept’
          memory_order __m) noexcept
                            ^
/usr/include/c++/4.8.2/atomic:1083:28: error: expected initializer before ‘noexcept’
          memory_order __m) noexcept
                            ^
/usr/include/c++/4.8.2/atomic:1088:66: error: expected initializer before ‘noexcept’
     atomic_fetch_add(volatile atomic<_ITp*>* __a, ptrdiff_t __d) noexcept
                                                                  ^
/usr/include/c++/4.8.2/atomic:1093:57: error: expected initializer before ‘noexcept’
     atomic_fetch_add(atomic<_ITp*>* __a, ptrdiff_t __d) noexcept
                                                         ^
/usr/include/c++/4.8.2/atomic:1099:43: error: expected initializer before ‘noexcept’
          ptrdiff_t __d, memory_order __m) noexcept
                                           ^
/usr/include/c++/4.8.2/atomic:1105:28: error: expected initializer before ‘noexcept’
          memory_order __m) noexcept
                            ^
/usr/include/c++/4.8.2/atomic:1110:66: error: expected initializer before ‘noexcept’
     atomic_fetch_sub(volatile atomic<_ITp*>* __a, ptrdiff_t __d) noexcept
                                                                  ^
/usr/include/c++/4.8.2/atomic:1115:57: error: expected initializer before ‘noexcept’
     atomic_fetch_sub(atomic<_ITp*>* __a, ptrdiff_t __d) noexcept
                                                         ^
In file included from /home/liu_lab/shared/include/Rtypes.h:196:0,
                 from /home/liu_lab/shared/include/TObject.h:17,
                 from /home/liu_lab/shared/include/TNamed.h:25,
                 from /home/liu_lab/shared/include/TRandom.h:25,
                 from /home/liu_lab/shared/include/TRandom3.h:25,
                 from test.cc:2:
/home/liu_lab/shared/include/TIsAProxy.h:29:26: error: expected unqualified-id before ‘using’
    template <typename T> using Atomic_t = std::atomic<T>;
                          ^
/home/liu_lab/shared/include/TIsAProxy.h:32:4: error: ‘Atomic_t’ does not name a type
    Atomic_t<TClass*>         fClass;       //Actual TClass
    ^
/home/liu_lab/shared/include/TIsAProxy.h:33:4: error: ‘Atomic_t’ does not name a type
    Atomic_t<void*>           fLast;        //points into fSubTypes map for last used values
    ^
/home/liu_lab/shared/include/TIsAProxy.h:35:12: error: ‘Atomic_t’ does not name a type
    mutable Atomic_t<UInt_t>  fSubTypesReaders; //number of readers of fSubTypes
            ^
/home/liu_lab/shared/include/TIsAProxy.h:36:4: error: ‘Atomic_t’ does not name a type
    Atomic_t<Bool_t>          fSubTypesWriteLockTaken; //True if there is a writer
    ^
/home/liu_lab/shared/include/TIsAProxy.h:38:4: error: ‘Atomic_t’ does not name a type
    Atomic_t<Bool_t>          fInit;        //Initialization flag
    ^
/home/liu_lab/shared/include/TIsAProxy.h:43:34: warning: defaulted and deleted functions only available with -std=c++11 or -std=gnu++11 [enabled by default]
    TIsAProxy(const TIsAProxy&) = delete;
                                  ^
/home/liu_lab/shared/include/TIsAProxy.h:44:45: warning: defaulted and deleted functions only available with -std=c++11 or -std=gnu++11 [enabled by default]
    TIsAProxy& operator=(const TIsAProxy&) = delete;
                                             ^
In file included from /home/liu_lab/shared/include/TObject.h:17:0,
                 from /home/liu_lab/shared/include/TNamed.h:25,
                 from /home/liu_lab/shared/include/TRandom.h:25,
                 from /home/liu_lab/shared/include/TRandom3.h:25,
                 from test.cc:2:
/home/liu_lab/shared/include/Rtypes.h:246:68: warning: extended initializer lists only available with -std=c++11 or -std=gnu++11 [enabled by default]
    atomic_TClass_ptr ClassDefGenerateInitInstanceLocalInjector<T>::fgIsA{};
                                                                    ^
/home/liu_lab/shared/include/Rtypes.h:248:77: warning: extended initializer lists only available with -std=c++11 or -std=gnu++11 [enabled by default]
    ::ROOT::TGenericClassInfo *ClassDefGenerateInitInstanceLocalInjector<T>::fgGenericInfo {
                                                                             ^
/home/liu_lab/shared/include/TStorage.h: In member function ‘virtual Bool_t TStorage::CheckTObjectHashConsistency() const’:
/home/liu_lab/shared/include/Rtypes.h:273:51: error: no matching function for call to ‘std::atomic<unsigned char>::atomic(int)’
       static std::atomic<UChar_t> recurseBlocker(0);                                                            \
                                                   ^
/home/liu_lab/shared/include/Rtypes.h:299:4: note: in expansion of macro ‘_ClassDefBase_’
    _ClassDefBase_(name,id, virtual_keyword, overrd)       \
    ^
/home/liu_lab/shared/include/Rtypes.h:325:4: note: in expansion of macro ‘_ClassDefOutline_’
    _ClassDefOutline_(name,id,virtual,)   \
    ^
/home/liu_lab/shared/include/TStorage.h:86:4: note: in expansion of macro ‘ClassDef’
    ClassDef(TStorage,0)  //Storage manager class
    ^
/home/liu_lab/shared/include/Rtypes.h:273:51: note: candidate is:
       static std::atomic<UChar_t> recurseBlocker(0);                                                            \
                                                   ^
/home/liu_lab/shared/include/Rtypes.h:299:4: note: in expansion of macro ‘_ClassDefBase_’
    _ClassDefBase_(name,id, virtual_keyword, overrd)       \
    ^
/home/liu_lab/shared/include/Rtypes.h:325:4: note: in expansion of macro ‘_ClassDefOutline_’
    _ClassDefOutline_(name,id,virtual,)   \
    ^
/home/liu_lab/shared/include/TStorage.h:86:4: note: in expansion of macro ‘ClassDef’
    ClassDef(TStorage,0)  //Storage manager class
    ^
In file included from /home/liu_lab/shared/include/Rtypes.h:29:0,
                 from /home/liu_lab/shared/include/TObject.h:17,
                 from /home/liu_lab/shared/include/TNamed.h:25,
                 from /home/liu_lab/shared/include/TRandom.h:25,
                 from /home/liu_lab/shared/include/TRandom3.h:25,
                 from test.cc:2:
/usr/include/c++/4.8.2/atomic:542:7: note: std::atomic<unsigned char>::atomic()
       atomic() noexcept= default;
       ^
/usr/include/c++/4.8.2/atomic:542:7: note:   candidate expects 0 arguments, 1 provided
In file included from /home/liu_lab/shared/include/TObject.h:17:0,
                 from /home/liu_lab/shared/include/TNamed.h:25,
                 from /home/liu_lab/shared/include/TRandom.h:25,
                 from /home/liu_lab/shared/include/TRandom3.h:25,
                 from test.cc:2:
/home/liu_lab/shared/include/Rtypes.h:275:68: error: ‘this’ cannot appear in a constant-expression
          return ::ROOT::Internal::THashConsistencyHolder<decltype(*this)>::fgHashConsistency;                   \
                                                                    ^
/home/liu_lab/shared/include/Rtypes.h:299:4: note: in expansion of macro ‘_ClassDefBase_’
    _ClassDefBase_(name,id, virtual_keyword, overrd)       \
    ^
/home/liu_lab/shared/include/Rtypes.h:325:4: note: in expansion of macro ‘_ClassDefOutline_’
    _ClassDefOutline_(name,id,virtual,)   \
    ^
/home/liu_lab/shared/include/TStorage.h:86:4: note: in expansion of macro ‘ClassDef’
    ClassDef(TStorage,0)  //Storage manager class
    ^
/home/liu_lab/shared/include/Rtypes.h:275:68: error: ‘*’ cannot appear in a constant-expression
          return ::ROOT::Internal::THashConsistencyHolder<decltype(*this)>::fgHashConsistency;                   \
                                                                    ^
/home/liu_lab/shared/include/Rtypes.h:299:4: note: in expansion of macro ‘_ClassDefBase_’
    _ClassDefBase_(name,id, virtual_keyword, overrd)       \
    ^
/home/liu_lab/shared/include/Rtypes.h:325:4: note: in expansion of macro ‘_ClassDefOutline_’
    _ClassDefOutline_(name,id,virtual,)   \
    ^
/home/liu_lab/shared/include/TStorage.h:86:4: note: in expansion of macro ‘ClassDef’
    ClassDef(TStorage,0)  //Storage manager class
    ^
/home/liu_lab/shared/include/Rtypes.h:275:72: error: a function call cannot appear in a constant-expression
          return ::ROOT::Internal::THashConsistencyHolder<decltype(*this)>::fgHashConsistency;                   \
                                                                        ^
/home/liu_lab/shared/include/Rtypes.h:299:4: note: in expansion of macro ‘_ClassDefBase_’
    _ClassDefBase_(name,id, virtual_keyword, overrd)       \
    ^
/home/liu_lab/shared/include/Rtypes.h:325:4: note: in expansion of macro ‘_ClassDefOutline_’
    _ClassDefOutline_(name,id,virtual,)   \
    ^
/home/liu_lab/shared/include/TStorage.h:86:4: note: in expansion of macro ‘ClassDef’
    ClassDef(TStorage,0)  //Storage manager class
    ^
/home/liu_lab/shared/include/Rtypes.h:275:73: error: template argument 1 is invalid
          return ::ROOT::Internal::THashConsistencyHolder<decltype(*this)>::fgHashConsistency;                   \
                                                                         ^
/home/liu_lab/shared/include/Rtypes.h:299:4: note: in expansion of macro ‘_ClassDefBase_’
    _ClassDefBase_(name,id, virtual_keyword, overrd)       \
    ^
/home/liu_lab/shared/include/Rtypes.h:325:4: note: in expansion of macro ‘_ClassDefOutline_’
    _ClassDefOutline_(name,id,virtual,)   \
    ^
/home/liu_lab/shared/include/TStorage.h:86:4: note: in expansion of macro ‘ClassDef’
    ClassDef(TStorage,0)  //Storage manager class
    ^
/home/liu_lab/shared/include/Rtypes.h:279:61: error: ‘this’ cannot appear in a constant-expression
          ::ROOT::Internal::THashConsistencyHolder<decltype(*this)>::fgHashConsistency =                         \
                                                             ^
/home/liu_lab/shared/include/Rtypes.h:299:4: note: in expansion of macro ‘_ClassDefBase_’
    _ClassDefBase_(name,id, virtual_keyword, overrd)       \
    ^
/home/liu_lab/shared/include/Rtypes.h:325:4: note: in expansion of macro ‘_ClassDefOutline_’
    _ClassDefOutline_(name,id,virtual,)   \
    ^
/home/liu_lab/shared/include/TStorage.h:86:4: note: in expansion of macro ‘ClassDef’
    ClassDef(TStorage,0)  //Storage manager class
    ^
/home/liu_lab/shared/include/Rtypes.h:279:61: error: ‘*’ cannot appear in a constant-expression
          ::ROOT::Internal::THashConsistencyHolder<decltype(*this)>::fgHashConsistency =                         \
                                                             ^
/home/liu_lab/shared/include/Rtypes.h:299:4: note: in expansion of macro ‘_ClassDefBase_’
    _ClassDefBase_(name,id, virtual_keyword, overrd)       \
    ^
/home/liu_lab/shared/include/Rtypes.h:325:4: note: in expansion of macro ‘_ClassDefOutline_’
    _ClassDefOutline_(name,id,virtual,)   \
    ^
/home/liu_lab/shared/include/TStorage.h:86:4: note: in expansion of macro ‘ClassDef’
    ClassDef(TStorage,0)  //Storage manager class
    ^
/home/liu_lab/shared/include/Rtypes.h:279:65: error: a function call cannot appear in a constant-expression
          ::ROOT::Internal::THashConsistencyHolder<decltype(*this)>::fgHashConsistency =                         \
                                                                 ^
/home/liu_lab/shared/include/Rtypes.h:299:4: note: in expansion of macro ‘_ClassDefBase_’
    _ClassDefBase_(name,id, virtual_keyword, overrd)       \
    ^
/home/liu_lab/shared/include/Rtypes.h:325:4: note: in expansion of macro ‘_ClassDefOutline_’
    _ClassDefOutline_(name,id,virtual,)   \
    ^
/home/liu_lab/shared/include/TStorage.h:86:4: note: in expansion of macro ‘ClassDef’
    ClassDef(TStorage,0)  //Storage manager class
    ^
/home/liu_lab/shared/include/Rtypes.h:279:66: error: template argument 1 is invalid
          ::ROOT::Internal::THashConsistencyHolder<decltype(*this)>::fgHashConsistency =                         \
                                                                  ^
/home/liu_lab/shared/include/Rtypes.h:299:4: note: in expansion of macro ‘_ClassDefBase_’
    _ClassDefBase_(name,id, virtual_keyword, overrd)       \
    ^
/home/liu_lab/shared/include/Rtypes.h:325:4: note: in expansion of macro ‘_ClassDefOutline_’
    _ClassDefOutline_(name,id,virtual,)   \
    ^
/home/liu_lab/shared/include/TStorage.h:86:4: note: in expansion of macro ‘ClassDef’
    ClassDef(TStorage,0)  //Storage manager class
    ^
/home/liu_lab/shared/include/Rtypes.h:279:87: error: invalid type in declaration before ‘=’ token
          ::ROOT::Internal::THashConsistencyHolder<decltype(*this)>::fgHashConsistency =                         \
                                                                                       ^
/home/liu_lab/shared/include/Rtypes.h:299:4: note: in expansion of macro ‘_ClassDefBase_’
    _ClassDefBase_(name,id, virtual_keyword, overrd)       \
    ^
/home/liu_lab/shared/include/Rtypes.h:325:4: note: in expansion of macro ‘_ClassDefOutline_’
    _ClassDefOutline_(name,id,virtual,)   \
    ^
/home/liu_lab/shared/include/TStorage.h:86:4: note: in expansion of macro ‘ClassDef’
    ClassDef(TStorage,0)  //Storage manager class
    ^
/home/liu_lab/shared/include/Rtypes.h:283:68: error: ‘this’ cannot appear in a constant-expression
          return ::ROOT::Internal::THashConsistencyHolder<decltype(*this)>::fgHashConsistency;                   \
                                                                    ^
/home/liu_lab/shared/include/Rtypes.h:299:4: note: in expansion of macro ‘_ClassDefBase_’
    _ClassDefBase_(name,id, virtual_keyword, overrd)       \
    ^
/home/liu_lab/shared/include/Rtypes.h:325:4: note: in expansion of macro ‘_ClassDefOutline_’
    _ClassDefOutline_(name,id,virtual,)   \
    ^
/home/liu_lab/shared/include/TStorage.h:86:4: note: in expansion of macro ‘ClassDef’
    ClassDef(TStorage,0)  //Storage manager class
    ^
/home/liu_lab/shared/include/Rtypes.h:283:68: error: ‘*’ cannot appear in a constant-expression
          return ::ROOT::Internal::THashConsistencyHolder<decltype(*this)>::fgHashConsistency;                   \
                                                                    ^
/home/liu_lab/shared/include/Rtypes.h:299:4: note: in expansion of macro ‘_ClassDefBase_’
    _ClassDefBase_(name,id, virtual_keyword, overrd)       \
    ^
/home/liu_lab/shared/include/Rtypes.h:325:4: note: in expansion of macro ‘_ClassDefOutline_’
    _ClassDefOutline_(name,id,virtual,)   \
    ^
/home/liu_lab/shared/include/TStorage.h:86:4: note: in expansion of macro ‘ClassDef’
    ClassDef(TStorage,0)  //Storage manager class
    ^
/home/liu_lab/shared/include/Rtypes.h:283:72: error: a function call cannot appear in a constant-expression
          return ::ROOT::Internal::THashConsistencyHolder<decltype(*this)>::fgHashConsistency;                   \
                                                                        ^
/home/liu_lab/shared/include/Rtypes.h:299:4: note: in expansion of macro ‘_ClassDefBase_’
    _ClassDefBase_(name,id, virtual_keyword, overrd)       \
    ^
/home/liu_lab/shared/include/Rtypes.h:325:4: note: in expansion of macro ‘_ClassDefOutline_’
    _ClassDefOutline_(name,id,virtual,)   \
    ^
/home/liu_lab/shared/include/TStorage.h:86:4: note: in expansion of macro ‘ClassDef’
    ClassDef(TStorage,0)  //Storage manager class
    ^
/home/liu_lab/shared/include/Rtypes.h:283:73: error: template argument 1 is invalid
          return ::ROOT::Internal::THashConsistencyHolder<decltype(*this)>::fgHashConsistency;                   \
                                                                         ^
/home/liu_lab/shared/include/Rtypes.h:299:4: note: in expansion of macro ‘_ClassDefBase_’
    _ClassDefBase_(name,id, virtual_keyword, overrd)       \
    ^
/home/liu_lab/shared/include/Rtypes.h:325:4: note: in expansion of macro ‘_ClassDefOutline_’
    _ClassDefOutline_(name,id,virtual,)   \
    ^
/home/liu_lab/shared/include/TStorage.h:86:4: note: in expansion of macro ‘ClassDef’
    ClassDef(TStorage,0)  //Storage manager class
    ^
In file included from /home/liu_lab/shared/include/TObject.h:18:0,
                 from /home/liu_lab/shared/include/TNamed.h:25,
                 from /home/liu_lab/shared/include/TRandom.h:25,
                 from /home/liu_lab/shared/include/TRandom3.h:25,
                 from test.cc:2:
/home/liu_lab/shared/include/TStorage.h: At global scope:
/home/liu_lab/shared/include/TStorage.h:124:7: error: expected nested-name-specifier before ‘FreeIfTMapFile_t’
 using FreeIfTMapFile_t = bool(void*);
       ^
/home/liu_lab/shared/include/TStorage.h:124:7: error: ‘FreeIfTMapFile_t’ has not been declared
/home/liu_lab/shared/include/TStorage.h:124:24: error: expected ‘;’ before ‘=’ token
 using FreeIfTMapFile_t = bool(void*);
                        ^
/home/liu_lab/shared/include/TStorage.h:124:24: error: expected unqualified-id before ‘=’ token
/home/liu_lab/shared/include/TStorage.h:125:11: error: ‘FreeIfTMapFile_t’ does not name a type
 R__EXTERN FreeIfTMapFile_t *gFreeIfTMapFile;
           ^
In file included from /home/liu_lab/shared/include/TObject.h:17:0,
                 from /home/liu_lab/shared/include/TNamed.h:25,
                 from /home/liu_lab/shared/include/TRandom.h:25,
                 from /home/liu_lab/shared/include/TRandom3.h:25,
                 from test.cc:2:
/home/liu_lab/shared/include/TObject.h: In member function ‘virtual Bool_t TObject::CheckTObjectHashConsistency() const’:
/home/liu_lab/shared/include/Rtypes.h:273:51: error: no matching function for call to ‘std::atomic<unsigned char>::atomic(int)’
       static std::atomic<UChar_t> recurseBlocker(0);                                                            \
                                                   ^
/home/liu_lab/shared/include/Rtypes.h:299:4: note: in expansion of macro ‘_ClassDefBase_’
    _ClassDefBase_(name,id, virtual_keyword, overrd)       \
    ^
/home/liu_lab/shared/include/Rtypes.h:325:4: note: in expansion of macro ‘_ClassDefOutline_’
    _ClassDefOutline_(name,id,virtual,)   \
    ^
/home/liu_lab/shared/include/TObject.h:215:4: note: in expansion of macro ‘ClassDef’
    ClassDef(TObject,1)  //Basic ROOT object
    ^
/home/liu_lab/shared/include/Rtypes.h:273:51: note: candidate is:
       static std::atomic<UChar_t> recurseBlocker(0);                                                            \
                                                   ^
/home/liu_lab/shared/include/Rtypes.h:299:4: note: in expansion of macro ‘_ClassDefBase_’
    _ClassDefBase_(name,id, virtual_keyword, overrd)       \
    ^
/home/liu_lab/shared/include/Rtypes.h:325:4: note: in expansion of macro ‘_ClassDefOutline_’
    _ClassDefOutline_(name,id,virtual,)   \
    ^
/home/liu_lab/shared/include/TObject.h:215:4: note: in expansion of macro ‘ClassDef’
    ClassDef(TObject,1)  //Basic ROOT object
    ^
In file included from /home/liu_lab/shared/include/Rtypes.h:29:0,
                 from /home/liu_lab/shared/include/TObject.h:17,
                 from /home/liu_lab/shared/include/TNamed.h:25,
                 from /home/liu_lab/shared/include/TRandom.h:25,
                 from /home/liu_lab/shared/include/TRandom3.h:25,
                 from test.cc:2:
/usr/include/c++/4.8.2/atomic:542:7: note: std::atomic<unsigned char>::atomic()
       atomic() noexcept= default;
       ^
/usr/include/c++/4.8.2/atomic:542:7: note:   candidate expects 0 arguments, 1 provided
In file included from /home/liu_lab/shared/include/TObject.h:17:0,
                 from /home/liu_lab/shared/include/TNamed.h:25,
                 from /home/liu_lab/shared/include/TRandom.h:25,
                 from /home/liu_lab/shared/include/TRandom3.h:25,
                 from test.cc:2:
/home/liu_lab/shared/include/Rtypes.h:275:68: error: ‘this’ cannot appear in a constant-expression
          return ::ROOT::Internal::THashConsistencyHolder<decltype(*this)>::fgHashConsistency;                   \
                                                                    ^
/home/liu_lab/shared/include/Rtypes.h:299:4: note: in expansion of macro ‘_ClassDefBase_’
    _ClassDefBase_(name,id, virtual_keyword, overrd)       \
    ^
/home/liu_lab/shared/include/Rtypes.h:325:4: note: in expansion of macro ‘_ClassDefOutline_’
    _ClassDefOutline_(name,id,virtual,)   \
    ^
/home/liu_lab/shared/include/TObject.h:215:4: note: in expansion of macro ‘ClassDef’
    ClassDef(TObject,1)  //Basic ROOT object
    ^
/home/liu_lab/shared/include/Rtypes.h:275:68: error: ‘*’ cannot appear in a constant-expression
          return ::ROOT::Internal::THashConsistencyHolder<decltype(*this)>::fgHashConsistency;                   \
                                                                    ^
/home/liu_lab/shared/include/Rtypes.h:299:4: note: in expansion of macro ‘_ClassDefBase_’
    _ClassDefBase_(name,id, virtual_keyword, overrd)       \
    ^
/home/liu_lab/shared/include/Rtypes.h:325:4: note: in expansion of macro ‘_ClassDefOutline_’
    _ClassDefOutline_(name,id,virtual,)   \
    ^
/home/liu_lab/shared/include/TObject.h:215:4: note: in expansion of macro ‘ClassDef’
    ClassDef(TObject,1)  //Basic ROOT object
    ^
/home/liu_lab/shared/include/Rtypes.h:275:72: error: a function call cannot appear in a constant-expression
          return ::ROOT::Internal::THashConsistencyHolder<decltype(*this)>::fgHashConsistency;                   \
                                                                        ^
/home/liu_lab/shared/include/Rtypes.h:299:4: note: in expansion of macro ‘_ClassDefBase_’
    _ClassDefBase_(name,id, virtual_keyword, overrd)       \
    ^
/home/liu_lab/shared/include/Rtypes.h:325:4: note: in expansion of macro ‘_ClassDefOutline_’
    _ClassDefOutline_(name,id,virtual,)   \
    ^
/home/liu_lab/shared/include/TObject.h:215:4: note: in expansion of macro ‘ClassDef’
    ClassDef(TObject,1)  //Basic ROOT object
    ^
/home/liu_lab/shared/include/Rtypes.h:275:73: error: template argument 1 is invalid
          return ::ROOT::Internal::THashConsistencyHolder<decltype(*this)>::fgHashConsistency;                   \
                                                                         ^
/home/liu_lab/shared/include/Rtypes.h:299:4: note: in expansion of macro ‘_ClassDefBase_’
    _ClassDefBase_(name,id, virtual_keyword, overrd)       \
    ^
/home/liu_lab/shared/include/Rtypes.h:325:4: note: in expansion of macro ‘_ClassDefOutline_’
    _ClassDefOutline_(name,id,virtual,)   \
    ^
/home/liu_lab/shared/include/TObject.h:215:4: note: in expansion of macro ‘ClassDef’
    ClassDef(TObject,1)  //Basic ROOT object
    ^
/home/liu_lab/shared/include/Rtypes.h:279:61: error: ‘this’ cannot appear in a constant-expression
          ::ROOT::Internal::THashConsistencyHolder<decltype(*this)>::fgHashConsistency =                         \
                                                             ^
/home/liu_lab/shared/include/Rtypes.h:299:4: note: in expansion of macro ‘_ClassDefBase_’
    _ClassDefBase_(name,id, virtual_keyword, overrd)       \
    ^
/home/liu_lab/shared/include/Rtypes.h:325:4: note: in expansion of macro ‘_ClassDefOutline_’
    _ClassDefOutline_(name,id,virtual,)   \
    ^
/home/liu_lab/shared/include/TObject.h:215:4: note: in expansion of macro ‘ClassDef’
    ClassDef(TObject,1)  //Basic ROOT object
    ^
/home/liu_lab/shared/include/Rtypes.h:279:61: error: ‘*’ cannot appear in a constant-expression
          ::ROOT::Internal::THashConsistencyHolder<decltype(*this)>::fgHashConsistency =                         \
                                                             ^
/home/liu_lab/shared/include/Rtypes.h:299:4: note: in expansion of macro ‘_ClassDefBase_’
    _ClassDefBase_(name,id, virtual_keyword, overrd)       \
    ^
/home/liu_lab/shared/include/Rtypes.h:325:4: note: in expansion of macro ‘_ClassDefOutline_’
    _ClassDefOutline_(name,id,virtual,)   \
    ^
/home/liu_lab/shared/include/TObject.h:215:4: note: in expansion of macro ‘ClassDef’
    ClassDef(TObject,1)  //Basic ROOT object
    ^
/home/liu_lab/shared/include/Rtypes.h:279:65: error: a function call cannot appear in a constant-expression
          ::ROOT::Internal::THashConsistencyHolder<decltype(*this)>::fgHashConsistency =                         \
                                                                 ^
/home/liu_lab/shared/include/Rtypes.h:299:4: note: in expansion of macro ‘_ClassDefBase_’
    _ClassDefBase_(name,id, virtual_keyword, overrd)       \
    ^
/home/liu_lab/shared/include/Rtypes.h:325:4: note: in expansion of macro ‘_ClassDefOutline_’
    _ClassDefOutline_(name,id,virtual,)   \
    ^
/home/liu_lab/shared/include/TObject.h:215:4: note: in expansion of macro ‘ClassDef’
    ClassDef(TObject,1)  //Basic ROOT object
    ^
/home/liu_lab/shared/include/Rtypes.h:279:66: error: template argument 1 is invalid
          ::ROOT::Internal::THashConsistencyHolder<decltype(*this)>::fgHashConsistency =                         \
                                                                  ^
/home/liu_lab/shared/include/Rtypes.h:299:4: note: in expansion of macro ‘_ClassDefBase_’
    _ClassDefBase_(name,id, virtual_keyword, overrd)       \
    ^
/home/liu_lab/shared/include/Rtypes.h:325:4: note: in expansion of macro ‘_ClassDefOutline_’
    _ClassDefOutline_(name,id,virtual,)   \
    ^
/home/liu_lab/shared/include/TObject.h:215:4: note: in expansion of macro ‘ClassDef’
    ClassDef(TObject,1)  //Basic ROOT object
    ^
/home/liu_lab/shared/include/Rtypes.h:279:87: error: invalid type in declaration before ‘=’ token
          ::ROOT::Internal::THashConsistencyHolder<decltype(*this)>::fgHashConsistency =                         \
                                                                                       ^
/home/liu_lab/shared/include/Rtypes.h:299:4: note: in expansion of macro ‘_ClassDefBase_’
    _ClassDefBase_(name,id, virtual_keyword, overrd)       \
    ^
/home/liu_lab/shared/include/Rtypes.h:325:4: note: in expansion of macro ‘_ClassDefOutline_’
    _ClassDefOutline_(name,id,virtual,)   \
    ^
/home/liu_lab/shared/include/TObject.h:215:4: note: in expansion of macro ‘ClassDef’
    ClassDef(TObject,1)  //Basic ROOT object
    ^
/home/liu_lab/shared/include/Rtypes.h:283:68: error: ‘this’ cannot appear in a constant-expression
          return ::ROOT::Internal::THashConsistencyHolder<decltype(*this)>::fgHashConsistency;                   \
                                                                    ^
/home/liu_lab/shared/include/Rtypes.h:299:4: note: in expansion of macro ‘_ClassDefBase_’
    _ClassDefBase_(name,id, virtual_keyword, overrd)       \
    ^
/home/liu_lab/shared/include/Rtypes.h:325:4: note: in expansion of macro ‘_ClassDefOutline_’
    _ClassDefOutline_(name,id,virtual,)   \
    ^
/home/liu_lab/shared/include/TObject.h:215:4: note: in expansion of macro ‘ClassDef’
    ClassDef(TObject,1)  //Basic ROOT object
    ^
/home/liu_lab/shared/include/Rtypes.h:283:68: error: ‘*’ cannot appear in a constant-expression
          return ::ROOT::Internal::THashConsistencyHolder<decltype(*this)>::fgHashConsistency;                   \
                                                                    ^
/home/liu_lab/shared/include/Rtypes.h:299:4: note: in expansion of macro ‘_ClassDefBase_’
    _ClassDefBase_(name,id, virtual_keyword, overrd)       \
    ^
/home/liu_lab/shared/include/Rtypes.h:325:4: note: in expansion of macro ‘_ClassDefOutline_’
    _ClassDefOutline_(name,id,virtual,)   \
    ^
/home/liu_lab/shared/include/TObject.h:215:4: note: in expansion of macro ‘ClassDef’
    ClassDef(TObject,1)  //Basic ROOT object
    ^
/home/liu_lab/shared/include/Rtypes.h:283:72: error: a function call cannot appear in a constant-expression
          return ::ROOT::Internal::THashConsistencyHolder<decltype(*this)>::fgHashConsistency;                   \
                                                                        ^
/home/liu_lab/shared/include/Rtypes.h:299:4: note: in expansion of macro ‘_ClassDefBase_’
    _ClassDefBase_(name,id, virtual_keyword, overrd)       \
    ^
/home/liu_lab/shared/include/Rtypes.h:325:4: note: in expansion of macro ‘_ClassDefOutline_’
    _ClassDefOutline_(name,id,virtual,)   \
    ^
/home/liu_lab/shared/include/TObject.h:215:4: note: in expansion of macro ‘ClassDef’
    ClassDef(TObject,1)  //Basic ROOT object
    ^
/home/liu_lab/shared/include/Rtypes.h:283:73: error: template argument 1 is invalid
          return ::ROOT::Internal::THashConsistencyHolder<decltype(*this)>::fgHashConsistency;                   \
                                                                         ^
/home/liu_lab/shared/include/Rtypes.h:299:4: note: in expansion of macro ‘_ClassDefBase_’
    _ClassDefBase_(name,id, virtual_keyword, overrd)       \
    ^
/home/liu_lab/shared/include/Rtypes.h:325:4: note: in expansion of macro ‘_ClassDefOutline_’
    _ClassDefOutline_(name,id,virtual,)   \
    ^
/home/liu_lab/shared/include/TObject.h:215:4: note: in expansion of macro ‘ClassDef’
    ClassDef(TObject,1)  //Basic ROOT object
    ^
In file included from /home/liu_lab/shared/include/TString.h:26:0,
                 from /home/liu_lab/shared/include/TNamed.h:26,
                 from /home/liu_lab/shared/include/TRandom.h:25,
                 from /home/liu_lab/shared/include/TRandom3.h:25,
                 from test.cc:2:
/home/liu_lab/shared/include/TMathBase.h: In function ‘Float_t TMath::Sign(Float_t, Float_t)’:
/home/liu_lab/shared/include/TMathBase.h:169:13: error: ‘copysign’ is not a member of ‘std’
    { return std::copysign(a,b);  }
             ^
/home/liu_lab/shared/include/TMathBase.h:169:13: note: suggested alternative:
In file included from /usr/include/features.h:375:0,
                 from /usr/include/c++/4.8.2/x86_64-redhat-linux/bits/os_defines.h:39,
                 from /usr/include/c++/4.8.2/x86_64-redhat-linux/bits/c++config.h:2097,
                 from /usr/include/c++/4.8.2/iostream:38,
                 from test.cc:1:
/usr/include/bits/mathcalls.h:218:1: note:   ‘copysign’
 __MATHCALLX (copysign,, (_Mdouble_ __x, _Mdouble_ __y), (__const__));
 ^
In file included from /home/liu_lab/shared/include/TString.h:26:0,
                 from /home/liu_lab/shared/include/TNamed.h:26,
                 from /home/liu_lab/shared/include/TRandom.h:25,
                 from /home/liu_lab/shared/include/TRandom3.h:25,
                 from test.cc:2:
/home/liu_lab/shared/include/TMathBase.h: In function ‘Double_t TMath::Sign(Double_t, Double_t)’:
/home/liu_lab/shared/include/TMathBase.h:172:13: error: ‘copysign’ is not a member of ‘std’
    { return std::copysign(a,b);  }
             ^
/home/liu_lab/shared/include/TMathBase.h:172:13: note: suggested alternative:
In file included from /usr/include/features.h:375:0,
                 from /usr/include/c++/4.8.2/x86_64-redhat-linux/bits/os_defines.h:39,
                 from /usr/include/c++/4.8.2/x86_64-redhat-linux/bits/c++config.h:2097,
                 from /usr/include/c++/4.8.2/iostream:38,
                 from test.cc:1:
/usr/include/bits/mathcalls.h:218:1: note:   ‘copysign’
 __MATHCALLX (copysign,, (_Mdouble_ __x, _Mdouble_ __y), (__const__));
 ^
In file included from /home/liu_lab/shared/include/TString.h:26:0,
                 from /home/liu_lab/shared/include/TNamed.h:26,
                 from /home/liu_lab/shared/include/TRandom.h:25,
                 from /home/liu_lab/shared/include/TRandom3.h:25,
                 from test.cc:2:
/home/liu_lab/shared/include/TMathBase.h: In function ‘LongDouble_t TMath::Sign(LongDouble_t, LongDouble_t)’:
/home/liu_lab/shared/include/TMathBase.h:175:13: error: ‘copysign’ is not a member of ‘std’
    { return std::copysign(a,b);  }
             ^
/home/liu_lab/shared/include/TMathBase.h:175:13: note: suggested alternative:
In file included from /usr/include/features.h:375:0,
                 from /usr/include/c++/4.8.2/x86_64-redhat-linux/bits/os_defines.h:39,
                 from /usr/include/c++/4.8.2/x86_64-redhat-linux/bits/c++config.h:2097,
                 from /usr/include/c++/4.8.2/iostream:38,
                 from test.cc:1:
/usr/include/bits/mathcalls.h:218:1: note:   ‘copysign’
 __MATHCALLX (copysign,, (_Mdouble_ __x, _Mdouble_ __y), (__const__));
 ^
In file included from /home/liu_lab/shared/include/ROOT/RStringView.hxx:26:0,
                 from /home/liu_lab/shared/include/TString.h:28,
                 from /home/liu_lab/shared/include/TNamed.h:26,
                 from /home/liu_lab/shared/include/TRandom.h:25,
                 from /home/liu_lab/shared/include/TRandom3.h:25,
                 from test.cc:2:
/home/liu_lab/shared/include/ROOT/libcpp_string_view.h: At global scope:
/home/liu_lab/shared/include/ROOT/RWrap_libcpp_string_view.h:72:27: error: ‘constexpr’ does not name a type
 #define _LIBCPP_CONSTEXPR constexpr
                           ^
/home/liu_lab/shared/include/ROOT/RWrap_libcpp_string_view.h:72:27: note: C++11 ‘constexpr’ only available with -std=c++11 or -std=gnu++11
/home/liu_lab/shared/include/ROOT/RWrap_libcpp_string_view.h:72:27: error: ‘constexpr’ does not name a type
 #define _LIBCPP_CONSTEXPR constexpr
                           ^
/home/liu_lab/shared/include/ROOT/RWrap_libcpp_string_view.h:72:27: note: C++11 ‘constexpr’ only available with -std=c++11 or -std=gnu++11
/home/liu_lab/shared/include/ROOT/RWrap_libcpp_string_view.h:72:27: error: ‘constexpr’ does not name a type
 #define _LIBCPP_CONSTEXPR constexpr
                           ^
/home/liu_lab/shared/include/ROOT/RWrap_libcpp_string_view.h:72:27: note: C++11 ‘constexpr’ only available with -std=c++11 or -std=gnu++11
/home/liu_lab/shared/include/ROOT/RWrap_libcpp_string_view.h:72:27: error: ‘constexpr’ does not name a type
 #define _LIBCPP_CONSTEXPR constexpr
                           ^
/home/liu_lab/shared/include/ROOT/RWrap_libcpp_string_view.h:72:27: note: C++11 ‘constexpr’ only available with -std=c++11 or -std=gnu++11
/home/liu_lab/shared/include/ROOT/RWrap_libcpp_string_view.h:72:27: error: ‘constexpr’ does not name a type
 #define _LIBCPP_CONSTEXPR constexpr
                           ^
/home/liu_lab/shared/include/ROOT/RWrap_libcpp_string_view.h:72:27: note: C++11 ‘constexpr’ only available with -std=c++11 or -std=gnu++11
/home/liu_lab/shared/include/ROOT/RWrap_libcpp_string_view.h:72:27: error: ‘constexpr’ does not name a type
 #define _LIBCPP_CONSTEXPR constexpr
                           ^
/home/liu_lab/shared/include/ROOT/RWrap_libcpp_string_view.h:72:27: note: C++11 ‘constexpr’ only available with -std=c++11 or -std=gnu++11
/home/liu_lab/shared/include/ROOT/RWrap_libcpp_string_view.h:72:27: error: ‘constexpr’ does not name a type
 #define _LIBCPP_CONSTEXPR constexpr
                           ^
/home/liu_lab/shared/include/ROOT/RWrap_libcpp_string_view.h:72:27: note: C++11 ‘constexpr’ only available with -std=c++11 or -std=gnu++11
/home/liu_lab/shared/include/ROOT/RWrap_libcpp_string_view.h:72:27: error: ‘constexpr’ does not name a type
 #define _LIBCPP_CONSTEXPR constexpr
                           ^
/home/liu_lab/shared/include/ROOT/RWrap_libcpp_string_view.h:72:27: note: C++11 ‘constexpr’ only available with -std=c++11 or -std=gnu++11
/home/liu_lab/shared/include/ROOT/RWrap_libcpp_string_view.h:72:27: error: ‘constexpr’ does not name a type
 #define _LIBCPP_CONSTEXPR constexpr
                           ^
/home/liu_lab/shared/include/ROOT/RWrap_libcpp_string_view.h:72:27: note: C++11 ‘constexpr’ only available with -std=c++11 or -std=gnu++11
/home/liu_lab/shared/include/ROOT/RWrap_libcpp_string_view.h:72:27: error: ‘constexpr’ does not name a type
 #define _LIBCPP_CONSTEXPR constexpr
                           ^
/home/liu_lab/shared/include/ROOT/RWrap_libcpp_string_view.h:72:27: note: C++11 ‘constexpr’ only available with -std=c++11 or -std=gnu++11
/home/liu_lab/shared/include/ROOT/RWrap_libcpp_string_view.h:72:27: error: ‘constexpr’ does not name a type
 #define _LIBCPP_CONSTEXPR constexpr
                           ^
/home/liu_lab/shared/include/ROOT/RWrap_libcpp_string_view.h:72:27: note: C++11 ‘constexpr’ only available with -std=c++11 or -std=gnu++11
/home/liu_lab/shared/include/ROOT/RWrap_libcpp_string_view.h:72:27: error: ‘constexpr’ does not name a type
 #define _LIBCPP_CONSTEXPR constexpr
                           ^
/home/liu_lab/shared/include/ROOT/RWrap_libcpp_string_view.h:72:27: note: C++11 ‘constexpr’ only available with -std=c++11 or -std=gnu++11
/home/liu_lab/shared/include/ROOT/RWrap_libcpp_string_view.h:72:27: error: ‘constexpr’ does not name a type
 #define _LIBCPP_CONSTEXPR constexpr
                           ^
/home/liu_lab/shared/include/ROOT/RWrap_libcpp_string_view.h:72:27: note: C++11 ‘constexpr’ only available with -std=c++11 or -std=gnu++11
/home/liu_lab/shared/include/ROOT/RWrap_libcpp_string_view.h:72:27: error: ‘constexpr’ does not name a type
 #define _LIBCPP_CONSTEXPR constexpr
                           ^
/home/liu_lab/shared/include/ROOT/RWrap_libcpp_string_view.h:72:27: note: C++11 ‘constexpr’ only available with -std=c++11 or -std=gnu++11
/home/liu_lab/shared/include/ROOT/RWrap_libcpp_string_view.h:72:27: error: ‘constexpr’ does not name a type
 #define _LIBCPP_CONSTEXPR constexpr
                           ^
/home/liu_lab/shared/include/ROOT/RWrap_libcpp_string_view.h:72:27: note: C++11 ‘constexpr’ only available with -std=c++11 or -std=gnu++11
/home/liu_lab/shared/include/ROOT/RWrap_libcpp_string_view.h:72:27: error: ‘constexpr’ does not name a type
 #define _LIBCPP_CONSTEXPR constexpr
                           ^
/home/liu_lab/shared/include/ROOT/RWrap_libcpp_string_view.h:72:27: note: C++11 ‘constexpr’ only available with -std=c++11 or -std=gnu++11
/home/liu_lab/shared/include/ROOT/RWrap_libcpp_string_view.h:72:27: error: ‘constexpr’ does not name a type
 #define _LIBCPP_CONSTEXPR constexpr
                           ^
/home/liu_lab/shared/include/ROOT/RWrap_libcpp_string_view.h:72:27: note: C++11 ‘constexpr’ only available with -std=c++11 or -std=gnu++11
/home/liu_lab/shared/include/ROOT/RWrap_libcpp_string_view.h:72:27: error: ‘constexpr’ does not name a type
 #define _LIBCPP_CONSTEXPR constexpr
                           ^
/home/liu_lab/shared/include/ROOT/RWrap_libcpp_string_view.h:72:27: note: C++11 ‘constexpr’ only available with -std=c++11 or -std=gnu++11
/home/liu_lab/shared/include/ROOT/RWrap_libcpp_string_view.h:72:27: error: ‘constexpr’ does not name a type
 #define _LIBCPP_CONSTEXPR constexpr
                           ^
/home/liu_lab/shared/include/ROOT/RWrap_libcpp_string_view.h:72:27: note: C++11 ‘constexpr’ only available with -std=c++11 or -std=gnu++11
In file included from /home/liu_lab/shared/include/ROOT/RWrap_libcpp_string_view.h:545:0,
                 from /home/liu_lab/shared/include/ROOT/RStringView.hxx:26,
                 from /home/liu_lab/shared/include/TString.h:28,
                 from /home/liu_lab/shared/include/TNamed.h:26,
                 from /home/liu_lab/shared/include/TRandom.h:25,
                 from /home/liu_lab/shared/include/TRandom3.h:25,
                 from test.cc:2:
/home/liu_lab/shared/include/ROOT/libcpp_string_view.h:445:66: error: ‘npos’ was not declared in this scope
         size_type rfind(basic_string_view __s, size_type __pos = npos) const _NOEXCEPT
                                                                  ^
/home/liu_lab/shared/include/ROOT/libcpp_string_view.h:453:55: error: ‘npos’ was not declared in this scope
         size_type rfind(_CharT __c, size_type __pos = npos) const _NOEXCEPT
                                                       ^
/home/liu_lab/shared/include/ROOT/libcpp_string_view.h:468:60: error: ‘npos’ was not declared in this scope
         size_type rfind(const _CharT* __s, size_type __pos=npos) const
                                                            ^
/home/liu_lab/shared/include/ROOT/libcpp_string_view.h:506:71: error: ‘npos’ was not declared in this scope
         size_type find_last_of(basic_string_view __s, size_type __pos=npos) const _NOEXCEPT
                                                                       ^
/home/liu_lab/shared/include/ROOT/libcpp_string_view.h:514:62: error: ‘npos’ was not declared in this scope
         size_type find_last_of(_CharT __c, size_type __pos = npos) const _NOEXCEPT
                                                              ^
/home/liu_lab/shared/include/ROOT/libcpp_string_view.h:526:67: error: ‘npos’ was not declared in this scope
         size_type find_last_of(const _CharT* __s, size_type __pos=npos) const
                                                                   ^
/home/liu_lab/shared/include/ROOT/libcpp_string_view.h:567:75: error: ‘npos’ was not declared in this scope
         size_type find_last_not_of(basic_string_view __s, size_type __pos=npos) const _NOEXCEPT
                                                                           ^
/home/liu_lab/shared/include/ROOT/libcpp_string_view.h:575:64: error: ‘npos’ was not declared in this scope
         size_type find_last_not_of(_CharT __c, size_type __pos=npos) const _NOEXCEPT
                                                                ^
/home/liu_lab/shared/include/ROOT/libcpp_string_view.h:590:71: error: ‘npos’ was not declared in this scope
         size_type find_last_not_of(const _CharT* __s, size_type __pos=npos) const
                                                                       ^
/home/liu_lab/shared/include/ROOT/libcpp_string_view.h: In member function ‘std::experimental::__ROOT::basic_string_view<_CharT, _Traits>::const_reverse_iterator std::experimental::__ROOT::basic_string_view<_CharT, _Traits>::rbegin() const’:
/home/liu_lab/shared/include/ROOT/libcpp_string_view.h:256:96: error: there are no arguments to ‘cend’ that depend on a template parameter, so a declaration of ‘cend’ must be available [-fpermissive]
         const_reverse_iterator rbegin()   const _NOEXCEPT { return const_reverse_iterator(cend()); }
                                                                                                ^
/home/liu_lab/shared/include/ROOT/libcpp_string_view.h:256:96: note: (if you use ‘-fpermissive’, G++ will accept your code, but allowing the use of an undeclared name is deprecated)
/home/liu_lab/shared/include/ROOT/libcpp_string_view.h: In member function ‘std::experimental::__ROOT::basic_string_view<_CharT, _Traits>::const_reverse_iterator std::experimental::__ROOT::basic_string_view<_CharT, _Traits>::rend() const’:
/home/liu_lab/shared/include/ROOT/libcpp_string_view.h:259:98: error: there are no arguments to ‘cbegin’ that depend on a template parameter, so a declaration of ‘cbegin’ must be available [-fpermissive]
         const_reverse_iterator rend()     const _NOEXCEPT { return const_reverse_iterator(cbegin()); }
                                                                                                  ^
/home/liu_lab/shared/include/ROOT/libcpp_string_view.h: In member function ‘std::experimental::__ROOT::basic_string_view<_CharT, _Traits>::const_reverse_iterator std::experimental::__ROOT::basic_string_view<_CharT, _Traits>::crbegin() const’:
/home/liu_lab/shared/include/ROOT/libcpp_string_view.h:262:96: error: there are no arguments to ‘cend’ that depend on a template parameter, so a declaration of ‘cend’ must be available [-fpermissive]
         const_reverse_iterator crbegin()  const _NOEXCEPT { return const_reverse_iterator(cend()); }
                                                                                                ^
/home/liu_lab/shared/include/ROOT/libcpp_string_view.h: In member function ‘std::experimental::__ROOT::basic_string_view<_CharT, _Traits>::const_reverse_iterator std::experimental::__ROOT::basic_string_view<_CharT, _Traits>::crend() const’:
/home/liu_lab/shared/include/ROOT/libcpp_string_view.h:265:98: error: there are no arguments to ‘cbegin’ that depend on a template parameter, so a declaration of ‘cbegin’ must be available [-fpermissive]
         const_reverse_iterator crend()    const _NOEXCEPT { return const_reverse_iterator(cbegin()); }
                                                                                                  ^
/home/liu_lab/shared/include/ROOT/libcpp_string_view.h: In member function ‘void std::experimental::__ROOT::basic_string_view<_CharT, _Traits>::clear()’:
/home/liu_lab/shared/include/ROOT/libcpp_string_view.h:311:22: error: ‘nullptr’ was not declared in this scope
             __data = nullptr;
                      ^
/home/liu_lab/shared/include/ROOT/libcpp_string_view.h: In member function ‘std::experimental::__ROOT::basic_string_view<_CharT, _Traits>::operator std::basic_string<_CharT, _Traits, _Allocator>() const’:
/home/liu_lab/shared/include/ROOT/libcpp_string_view.h:348:67: error: there are no arguments to ‘begin’ that depend on a template parameter, so a declaration of ‘begin’ must be available [-fpermissive]
         { return basic_string<_CharT, _Traits, _Allocator>( begin(), end()); }
                                                                   ^
/home/liu_lab/shared/include/ROOT/libcpp_string_view.h:348:74: error: there are no arguments to ‘end’ that depend on a template parameter, so a declaration of ‘end’ must be available [-fpermissive]
         { return basic_string<_CharT, _Traits, _Allocator>( begin(), end()); }
                                                                          ^
/home/liu_lab/shared/include/ROOT/libcpp_string_view.h: In member function ‘std::experimental::__ROOT::basic_string_view<_CharT, _Traits>::size_type std::experimental::__ROOT::basic_string_view<_CharT, _Traits>::copy(_CharT*, std::experimental::__ROOT::basic_string_view<_CharT, _Traits>::size_type, std::experimental::__ROOT::basic_string_view<_CharT, _Traits>::size_type) const’:
/home/liu_lab/shared/include/ROOT/libcpp_string_view.h:352:31: error: there are no arguments to ‘size’ that depend on a template parameter, so a declaration of ‘size’ must be available [-fpermissive]
             if ( __pos > size())
                               ^
/home/liu_lab/shared/include/ROOT/libcpp_string_view.h:354:56: error: there are no arguments to ‘size’ that depend on a template parameter, so a declaration of ‘size’ must be available [-fpermissive]
             size_type __rlen = (_VSTD::min)( __n, size() - __pos );
                                                        ^
In file included from /home/liu_lab/shared/include/ROOT/RStringView.hxx:26:0,
                 from /home/liu_lab/shared/include/TString.h:28,
                 from /home/liu_lab/shared/include/TNamed.h:26,
                 from /home/liu_lab/shared/include/TRandom.h:25,
                 from /home/liu_lab/shared/include/TRandom3.h:25,
                 from test.cc:2:
/home/liu_lab/shared/include/ROOT/RWrap_libcpp_string_view.h:77:15: error: ‘copy_n’ is not a member of ‘std’
 #define _VSTD ::std
               ^
In file included from /home/liu_lab/shared/include/ROOT/RWrap_libcpp_string_view.h:545:0,
                 from /home/liu_lab/shared/include/ROOT/RStringView.hxx:26,
                 from /home/liu_lab/shared/include/TString.h:28,
                 from /home/liu_lab/shared/include/TNamed.h:26,
                 from /home/liu_lab/shared/include/TRandom.h:25,
                 from /home/liu_lab/shared/include/TRandom3.h:25,
                 from test.cc:2:
/home/liu_lab/shared/include/ROOT/libcpp_string_view.h:355:33: error: there are no arguments to ‘begin’ that depend on a template parameter, so a declaration of ‘begin’ must be available [-fpermissive]
             _VSTD::copy_n(begin() + __pos, __rlen, __s );
                                 ^
/home/liu_lab/shared/include/ROOT/libcpp_string_view.h: In member function ‘int std::experimental::__ROOT::basic_string_view<_CharT, _Traits>::compare(std::experimental::__ROOT::basic_string_view<_CharT, _Traits>) const’:
/home/liu_lab/shared/include/ROOT/libcpp_string_view.h:373:51: error: there are no arguments to ‘size’ that depend on a template parameter, so a declaration of ‘size’ must be available [-fpermissive]
             size_type __rlen = (_VSTD::min)( size(), __sv.size());
                                                   ^
/home/liu_lab/shared/include/ROOT/libcpp_string_view.h:374:50: error: there are no arguments to ‘data’ that depend on a template parameter, so a declaration of ‘data’ must be available [-fpermissive]
             int __retval = _Traits::compare(data(), __sv.data(), __rlen);
                                                  ^
/home/liu_lab/shared/include/ROOT/libcpp_string_view.h:376:33: error: there are no arguments to ‘size’ that depend on a template parameter, so a declaration of ‘size’ must be available [-fpermissive]
                 __retval = size() == __sv.size() ? 0 : ( size() < __sv.size() ? -1 : 1 );
                                 ^
/home/liu_lab/shared/include/ROOT/libcpp_string_view.h:376:63: error: there are no arguments to ‘size’ that depend on a template parameter, so a declaration of ‘size’ must be available [-fpermissive]
                 __retval = size() == __sv.size() ? 0 : ( size() < __sv.size() ? -1 : 1 );
                                                               ^
/home/liu_lab/shared/include/ROOT/libcpp_string_view.h: In member function ‘int std::experimental::__ROOT::basic_string_view<_CharT, _Traits>::compare(std::experimental::__ROOT::basic_string_view<_CharT, _Traits>::size_type, std::experimental::__ROOT::basic_string_view<_CharT, _Traits>::size_type, std::experimental::__ROOT::basic_string_view<_CharT, _Traits>) const’:
/home/liu_lab/shared/include/ROOT/libcpp_string_view.h:383:39: error: there are no arguments to ‘substr’ that depend on a template parameter, so a declaration of ‘substr’ must be available [-fpermissive]
             return substr(__pos1, __n1).compare(__sv);
                                       ^
/home/liu_lab/shared/include/ROOT/libcpp_string_view.h: In member function ‘int std::experimental::__ROOT::basic_string_view<_CharT, _Traits>::compare(std::experimental::__ROOT::basic_string_view<_CharT, _Traits>::size_type, std::experimental::__ROOT::basic_string_view<_CharT, _Traits>::size_type, std::experimental::__ROOT::basic_string_view<_CharT, _Traits>, std::experimental::__ROOT::basic_string_view<_CharT, _Traits>::size_type, std::experimental::__ROOT::basic_string_view<_CharT, _Traits>::size_type) const’:
/home/liu_lab/shared/include/ROOT/libcpp_string_view.h:390:39: error: there are no arguments to ‘substr’ that depend on a template parameter, so a declaration of ‘substr’ must be available [-fpermissive]
             return substr(__pos1, __n1).compare(_sv.substr(__pos2, __n2));
                                       ^
/home/liu_lab/shared/include/ROOT/libcpp_string_view.h: In member function ‘int std::experimental::__ROOT::basic_string_view<_CharT, _Traits>::compare(std::experimental::__ROOT::basic_string_view<_CharT, _Traits>::size_type, std::experimental::__ROOT::basic_string_view<_CharT, _Traits>::size_type, const _CharT*) const’:
/home/liu_lab/shared/include/ROOT/libcpp_string_view.h:402:39: error: there are no arguments to ‘substr’ that depend on a template parameter, so a declaration of ‘substr’ must be available [-fpermissive]
             return substr(__pos1, __n1).compare(basic_string_view(__s));
                                       ^
/home/liu_lab/shared/include/ROOT/libcpp_string_view.h: In member function ‘int std::experimental::__ROOT::basic_string_view<_CharT, _Traits>::compare(std::experimental::__ROOT::basic_string_view<_CharT, _Traits>::size_type, std::experimental::__ROOT::basic_string_view<_CharT, _Traits>::size_type, const _CharT*, std::experimental::__ROOT::basic_string_view<_CharT, _Traits>::size_type) const’:
/home/liu_lab/shared/include/ROOT/libcpp_string_view.h:408:39: error: there are no arguments to ‘substr’ that depend on a template parameter, so a declaration of ‘substr’ must be available [-fpermissive]
             return substr(__pos1, __n1).compare(basic_string_view(__s, __n2));
                                       ^
/home/liu_lab/shared/include/ROOT/libcpp_string_view.h: In member function ‘std::experimental::__ROOT::basic_string_view<_CharT, _Traits>::size_type std::experimental::__ROOT::basic_string_view<_CharT, _Traits>::find(std::experimental::__ROOT::basic_string_view<_CharT, _Traits>, std::experimental::__ROOT::basic_string_view<_CharT, _Traits>::size_type) const’:
/home/liu_lab/shared/include/ROOT/libcpp_string_view.h:416:74: error: ‘npos’ was not declared in this scope
             return _VSTD::__str_find<value_type, size_type, traits_type, npos>
                                                                          ^
/home/liu_lab/shared/include/ROOT/libcpp_string_view.h:417:23: error: there are no arguments to ‘data’ that depend on a template parameter, so a declaration of ‘data’ must be available [-fpermissive]
                 (data(), size(), __s.data(), __pos, __s.size());
                       ^
/home/liu_lab/shared/include/ROOT/libcpp_string_view.h:417:31: error: there are no arguments to ‘size’ that depend on a template parameter, so a declaration of ‘size’ must be available [-fpermissive]
                 (data(), size(), __s.data(), __pos, __s.size());
                               ^
/home/liu_lab/shared/include/ROOT/libcpp_string_view.h: In member function ‘std::experimental::__ROOT::basic_string_view<_CharT, _Traits>::size_type std::experimental::__ROOT::basic_string_view<_CharT, _Traits>::find(_CharT, std::experimental::__ROOT::basic_string_view<_CharT, _Traits>::size_type) const’:
/home/liu_lab/shared/include/ROOT/libcpp_string_view.h:423:74: error: ‘npos’ was not declared in this scope
             return _VSTD::__str_find<value_type, size_type, traits_type, npos>
                                                                          ^
/home/liu_lab/shared/include/ROOT/libcpp_string_view.h:424:23: error: there are no arguments to ‘data’ that depend on a template parameter, so a declaration of ‘data’ must be available [-fpermissive]
                 (data(), size(), __c, __pos);
                       ^
/home/liu_lab/shared/include/ROOT/libcpp_string_view.h:424:31: error: there are no arguments to ‘size’ that depend on a template parameter, so a declaration of ‘size’ must be available [-fpermissive]
                 (data(), size(), __c, __pos);
                               ^
/home/liu_lab/shared/include/ROOT/libcpp_string_view.h: In member function ‘std::experimental::__ROOT::basic_string_view<_CharT, _Traits>::size_type std::experimental::__ROOT::basic_string_view<_CharT, _Traits>::find(const _CharT*, std::experimental::__ROOT::basic_string_view<_CharT, _Traits>::size_type, std::experimental::__ROOT::basic_string_view<_CharT, _Traits>::size_type) const’:
/home/liu_lab/shared/include/ROOT/libcpp_string_view.h:431:74: error: ‘npos’ was not declared in this scope
             return _VSTD::__str_find<value_type, size_type, traits_type, npos>
                                                                          ^
/home/liu_lab/shared/include/ROOT/libcpp_string_view.h:432:23: error: there are no arguments to ‘data’ that depend on a template parameter, so a declaration of ‘data’ must be available [-fpermissive]
                 (data(), size(), __s, __pos, __n);
                       ^
/home/liu_lab/shared/include/ROOT/libcpp_string_view.h:432:31: error: there are no arguments to ‘size’ that depend on a template parameter, so a declaration of ‘size’ must be available [-fpermissive]
                 (data(), size(), __s, __pos, __n);
                               ^
/home/liu_lab/shared/include/ROOT/libcpp_string_view.h: In member function ‘std::experimental::__ROOT::basic_string_view<_CharT, _Traits>::size_type std::experimental::__ROOT::basic_string_view<_CharT, _Traits>::find(const _CharT*, std::experimental::__ROOT::basic_string_view<_CharT, _Traits>::size_type) const’:
/home/liu_lab/shared/include/ROOT/libcpp_string_view.h:439:74: error: ‘npos’ was not declared in this scope
             return _VSTD::__str_find<value_type, size_type, traits_type, npos>
                                                                          ^
/home/liu_lab/shared/include/ROOT/libcpp_string_view.h:440:23: error: there are no arguments to ‘data’ that depend on a template parameter, so a declaration of ‘data’ must be available [-fpermissive]
                 (data(), size(), __s, __pos, traits_type::length(__s));
                       ^
/home/liu_lab/shared/include/ROOT/libcpp_string_view.h:440:31: error: there are no arguments to ‘size’ that depend on a template parameter, so a declaration of ‘size’ must be available [-fpermissive]
                 (data(), size(), __s, __pos, traits_type::length(__s));
                               ^
/home/liu_lab/shared/include/ROOT/libcpp_string_view.h: In member function ‘std::experimental::__ROOT::basic_string_view<_CharT, _Traits>::size_type std::experimental::__ROOT::basic_string_view<_CharT, _Traits>::rfind(std::experimental::__ROOT::basic_string_view<_CharT, _Traits>, std::experimental::__ROOT::basic_string_view<_CharT, _Traits>::size_type) const’:
/home/liu_lab/shared/include/ROOT/libcpp_string_view.h:448:75: error: ‘npos’ was not declared in this scope
             return _VSTD::__str_rfind<value_type, size_type, traits_type, npos>
                                                                           ^
/home/liu_lab/shared/include/ROOT/libcpp_string_view.h:449:23: error: there are no arguments to ‘data’ that depend on a template parameter, so a declaration of ‘data’ must be available [-fpermissive]
                 (data(), size(), __s.data(), __pos, __s.size());
                       ^
/home/liu_lab/shared/include/ROOT/libcpp_string_view.h:449:31: error: there are no arguments to ‘size’ that depend on a template parameter, so a declaration of ‘size’ must be available [-fpermissive]
                 (data(), size(), __s.data(), __pos, __s.size());
                               ^
/home/liu_lab/shared/include/ROOT/libcpp_string_view.h: In member function ‘std::experimental::__ROOT::basic_string_view<_CharT, _Traits>::size_type std::experimental::__ROOT::basic_string_view<_CharT, _Traits>::rfind(_CharT, std::experimental::__ROOT::basic_string_view<_CharT, _Traits>::size_type) const’:
/home/liu_lab/shared/include/ROOT/libcpp_string_view.h:455:75: error: ‘npos’ was not declared in this scope
             return _VSTD::__str_rfind<value_type, size_type, traits_type, npos>
                                                                           ^
/home/liu_lab/shared/include/ROOT/libcpp_string_view.h:456:23: error: there are no arguments to ‘data’ that depend on a template parameter, so a declaration of ‘data’ must be available [-fpermissive]
                 (data(), size(), __c, __pos);
                       ^
/home/liu_lab/shared/include/ROOT/libcpp_string_view.h:456:31: error: there are no arguments to ‘size’ that depend on a template parameter, so a declaration of ‘size’ must be available [-fpermissive]
                 (data(), size(), __c, __pos);
                               ^
/home/liu_lab/shared/include/ROOT/libcpp_string_view.h: In member function ‘std::experimental::__ROOT::basic_string_view<_CharT, _Traits>::size_type std::experimental::__ROOT::basic_string_view<_CharT, _Traits>::rfind(const _CharT*, std::experimental::__ROOT::basic_string_view<_CharT, _Traits>::size_type, std::experimental::__ROOT::basic_string_view<_CharT, _Traits>::size_type) const’:
/home/liu_lab/shared/include/ROOT/libcpp_string_view.h:463:75: error: ‘npos’ was not declared in this scope
             return _VSTD::__str_rfind<value_type, size_type, traits_type, npos>
                                                                           ^
/home/liu_lab/shared/include/ROOT/libcpp_string_view.h:464:23: error: there are no arguments to ‘data’ that depend on a template parameter, so a declaration of ‘data’ must be available [-fpermissive]
                 (data(), size(), __s, __pos, __n);
                       ^
/home/liu_lab/shared/include/ROOT/libcpp_string_view.h:464:31: error: there are no arguments to ‘size’ that depend on a template parameter, so a declaration of ‘size’ must be available [-fpermissive]
                 (data(), size(), __s, __pos, __n);
                               ^
/home/liu_lab/shared/include/ROOT/libcpp_string_view.h: In member function ‘std::experimental::__ROOT::basic_string_view<_CharT, _Traits>::size_type std::experimental::__ROOT::basic_string_view<_CharT, _Traits>::rfind(const _CharT*, std::experimental::__ROOT::basic_string_view<_CharT, _Traits>::size_type) const’:
/home/liu_lab/shared/include/ROOT/libcpp_string_view.h:471:75: error: ‘npos’ was not declared in this scope
             return _VSTD::__str_rfind<value_type, size_type, traits_type, npos>
                                                                           ^
/home/liu_lab/shared/include/ROOT/libcpp_string_view.h:472:23: error: there are no arguments to ‘data’ that depend on a template parameter, so a declaration of ‘data’ must be available [-fpermissive]
                 (data(), size(), __s, __pos, traits_type::length(__s));
                       ^
/home/liu_lab/shared/include/ROOT/libcpp_string_view.h:472:31: error: there are no arguments to ‘size’ that depend on a template parameter, so a declaration of ‘size’ must be available [-fpermissive]
                 (data(), size(), __s, __pos, traits_type::length(__s));
                               ^
/home/liu_lab/shared/include/ROOT/libcpp_string_view.h: In member function ‘std::experimental::__ROOT::basic_string_view<_CharT, _Traits>::size_type std::experimental::__ROOT::basic_string_view<_CharT, _Traits>::find_first_of(std::experimental::__ROOT::basic_string_view<_CharT, _Traits>, std::experimental::__ROOT::basic_string_view<_CharT, _Traits>::size_type) const’:
/home/liu_lab/shared/include/ROOT/libcpp_string_view.h:480:83: error: ‘npos’ was not declared in this scope
             return _VSTD::__str_find_first_of<value_type, size_type, traits_type, npos>
                                                                                   ^
/home/liu_lab/shared/include/ROOT/libcpp_string_view.h:481:23: error: there are no arguments to ‘data’ that depend on a template parameter, so a declaration of ‘data’ must be available [-fpermissive]
                 (data(), size(), __s.data(), __pos, __s.size());
                       ^
/home/liu_lab/shared/include/ROOT/libcpp_string_view.h:481:31: error: there are no arguments to ‘size’ that depend on a template parameter, so a declaration of ‘size’ must be available [-fpermissive]
                 (data(), size(), __s.data(), __pos, __s.size());
                               ^
/home/liu_lab/shared/include/ROOT/libcpp_string_view.h: In member function ‘std::experimental::__ROOT::basic_string_view<_CharT, _Traits>::size_type std::experimental::__ROOT::basic_string_view<_CharT, _Traits>::find_first_of(const _CharT*, std::experimental::__ROOT::basic_string_view<_CharT, _Traits>::size_type, std::experimental::__ROOT::basic_string_view<_CharT, _Traits>::size_type) const’:
/home/liu_lab/shared/include/ROOT/libcpp_string_view.h:492:83: error: ‘npos’ was not declared in this scope
             return _VSTD::__str_find_first_of<value_type, size_type, traits_type, npos>
                                                                                   ^
/home/liu_lab/shared/include/ROOT/libcpp_string_view.h:493:23: error: there are no arguments to ‘data’ that depend on a template parameter, so a declaration of ‘data’ must be available [-fpermissive]
                 (data(), size(), __s, __pos, __n);
                       ^
/home/liu_lab/shared/include/ROOT/libcpp_string_view.h:493:31: error: there are no arguments to ‘size’ that depend on a template parameter, so a declaration of ‘size’ must be available [-fpermissive]
                 (data(), size(), __s, __pos, __n);
                               ^
/home/liu_lab/shared/include/ROOT/libcpp_string_view.h: In member function ‘std::experimental::__ROOT::basic_string_view<_CharT, _Traits>::size_type std::experimental::__ROOT::basic_string_view<_CharT, _Traits>::find_first_of(const _CharT*, std::experimental::__ROOT::basic_string_view<_CharT, _Traits>::size_type) const’:
/home/liu_lab/shared/include/ROOT/libcpp_string_view.h:500:83: error: ‘npos’ was not declared in this scope
             return _VSTD::__str_find_first_of<value_type, size_type, traits_type, npos>
                                                                                   ^
/home/liu_lab/shared/include/ROOT/libcpp_string_view.h:501:23: error: there are no arguments to ‘data’ that depend on a template parameter, so a declaration of ‘data’ must be available [-fpermissive]
                 (data(), size(), __s, __pos, traits_type::length(__s));
                       ^
/home/liu_lab/shared/include/ROOT/libcpp_string_view.h:501:31: error: there are no arguments to ‘size’ that depend on a template parameter, so a declaration of ‘size’ must be available [-fpermissive]
                 (data(), size(), __s, __pos, traits_type::length(__s));
                               ^
/home/liu_lab/shared/include/ROOT/libcpp_string_view.h: In member function ‘std::experimental::__ROOT::basic_string_view<_CharT, _Traits>::size_type std::experimental::__ROOT::basic_string_view<_CharT, _Traits>::find_last_of(std::experimental::__ROOT::basic_string_view<_CharT, _Traits>, std::experimental::__ROOT::basic_string_view<_CharT, _Traits>::size_type) const’:
/home/liu_lab/shared/include/ROOT/libcpp_string_view.h:509:82: error: ‘npos’ was not declared in this scope
             return _VSTD::__str_find_last_of<value_type, size_type, traits_type, npos>
                                                                                  ^
/home/liu_lab/shared/include/ROOT/libcpp_string_view.h:510:23: error: there are no arguments to ‘data’ that depend on a template parameter, so a declaration of ‘data’ must be available [-fpermissive]
                 (data(), size(), __s.data(), __pos, __s.size());
                       ^
/home/liu_lab/shared/include/ROOT/libcpp_string_view.h:510:31: error: there are no arguments to ‘size’ that depend on a template parameter, so a declaration of ‘size’ must be available [-fpermissive]
                 (data(), size(), __s.data(), __pos, __s.size());
                               ^
/home/liu_lab/shared/include/ROOT/libcpp_string_view.h: In member function ‘std::experimental::__ROOT::basic_string_view<_CharT, _Traits>::size_type std::experimental::__ROOT::basic_string_view<_CharT, _Traits>::find_last_of(const _CharT*, std::experimental::__ROOT::basic_string_view<_CharT, _Traits>::size_type, std::experimental::__ROOT::basic_string_view<_CharT, _Traits>::size_type) const’:
/home/liu_lab/shared/include/ROOT/libcpp_string_view.h:521:82: error: ‘npos’ was not declared in this scope
             return _VSTD::__str_find_last_of<value_type, size_type, traits_type, npos>
                                                                                  ^
/home/liu_lab/shared/include/ROOT/libcpp_string_view.h:522:23: error: there are no arguments to ‘data’ that depend on a template parameter, so a declaration of ‘data’ must be available [-fpermissive]
                 (data(), size(), __s, __pos, __n);
                       ^
/home/liu_lab/shared/include/ROOT/libcpp_string_view.h:522:31: error: there are no arguments to ‘size’ that depend on a template parameter, so a declaration of ‘size’ must be available [-fpermissive]
                 (data(), size(), __s, __pos, __n);
                               ^
/home/liu_lab/shared/include/ROOT/libcpp_string_view.h: In member function ‘std::experimental::__ROOT::basic_string_view<_CharT, _Traits>::size_type std::experimental::__ROOT::basic_string_view<_CharT, _Traits>::find_last_of(const _CharT*, std::experimental::__ROOT::basic_string_view<_CharT, _Traits>::size_type) const’:
/home/liu_lab/shared/include/ROOT/libcpp_string_view.h:529:82: error: ‘npos’ was not declared in this scope
             return _VSTD::__str_find_last_of<value_type, size_type, traits_type, npos>
                                                                                  ^
/home/liu_lab/shared/include/ROOT/libcpp_string_view.h:530:23: error: there are no arguments to ‘data’ that depend on a template parameter, so a declaration of ‘data’ must be available [-fpermissive]
                 (data(), size(), __s, __pos, traits_type::length(__s));
                       ^
/home/liu_lab/shared/include/ROOT/libcpp_string_view.h:530:31: error: there are no arguments to ‘size’ that depend on a template parameter, so a declaration of ‘size’ must be available [-fpermissive]
                 (data(), size(), __s, __pos, traits_type::length(__s));
                               ^
/home/liu_lab/shared/include/ROOT/libcpp_string_view.h: In member function ‘std::experimental::__ROOT::basic_string_view<_CharT, _Traits>::size_type std::experimental::__ROOT::basic_string_view<_CharT, _Traits>::find_first_not_of(std::experimental::__ROOT::basic_string_view<_CharT, _Traits>, std::experimental::__ROOT::basic_string_view<_CharT, _Traits>::size_type) const’:
/home/liu_lab/shared/include/ROOT/libcpp_string_view.h:538:87: error: ‘npos’ was not declared in this scope
             return _VSTD::__str_find_first_not_of<value_type, size_type, traits_type, npos>
                                                                                       ^
/home/liu_lab/shared/include/ROOT/libcpp_string_view.h:539:23: error: there are no arguments to ‘data’ that depend on a template parameter, so a declaration of ‘data’ must be available [-fpermissive]
                 (data(), size(), __s.data(), __pos, __s.size());
                       ^
/home/liu_lab/shared/include/ROOT/libcpp_string_view.h:539:31: error: there are no arguments to ‘size’ that depend on a template parameter, so a declaration of ‘size’ must be available [-fpermissive]
                 (data(), size(), __s.data(), __pos, __s.size());
                               ^
/home/liu_lab/shared/include/ROOT/libcpp_string_view.h: In member function ‘std::experimental::__ROOT::basic_string_view<_CharT, _Traits>::size_type std::experimental::__ROOT::basic_string_view<_CharT, _Traits>::find_first_not_of(_CharT, std::experimental::__ROOT::basic_string_view<_CharT, _Traits>::size_type) const’:
/home/liu_lab/shared/include/ROOT/libcpp_string_view.h:545:87: error: ‘npos’ was not declared in this scope
             return _VSTD::__str_find_first_not_of<value_type, size_type, traits_type, npos>
                                                                                       ^
/home/liu_lab/shared/include/ROOT/libcpp_string_view.h:546:23: error: there are no arguments to ‘data’ that depend on a template parameter, so a declaration of ‘data’ must be available [-fpermissive]
                 (data(), size(), __c, __pos);
                       ^
/home/liu_lab/shared/include/ROOT/libcpp_string_view.h:546:31: error: there are no arguments to ‘size’ that depend on a template parameter, so a declaration of ‘size’ must be available [-fpermissive]
                 (data(), size(), __c, __pos);
                               ^
/home/liu_lab/shared/include/ROOT/libcpp_string_view.h: In member function ‘std::experimental::__ROOT::basic_string_view<_CharT, _Traits>::size_type std::experimental::__ROOT::basic_string_view<_CharT, _Traits>::find_first_not_of(const _CharT*, std::experimental::__ROOT::basic_string_view<_CharT, _Traits>::size_type, std::experimental::__ROOT::basic_string_view<_CharT, _Traits>::size_type) const’:
/home/liu_lab/shared/include/ROOT/libcpp_string_view.h:553:87: error: ‘npos’ was not declared in this scope
             return _VSTD::__str_find_first_not_of<value_type, size_type, traits_type, npos>
                                                                                       ^
/home/liu_lab/shared/include/ROOT/libcpp_string_view.h:554:23: error: there are no arguments to ‘data’ that depend on a template parameter, so a declaration of ‘data’ must be available [-fpermissive]
                 (data(), size(), __s, __pos, __n);
                       ^
/home/liu_lab/shared/include/ROOT/libcpp_string_view.h:554:31: error: there are no arguments to ‘size’ that depend on a template parameter, so a declaration of ‘size’ must be available [-fpermissive]
                 (data(), size(), __s, __pos, __n);
                               ^
/home/liu_lab/shared/include/ROOT/libcpp_string_view.h: In member function ‘std::experimental::__ROOT::basic_string_view<_CharT, _Traits>::size_type std::experimental::__ROOT::basic_string_view<_CharT, _Traits>::find_first_not_of(const _CharT*, std::experimental::__ROOT::basic_string_view<_CharT, _Traits>::size_type) const’:
/home/liu_lab/shared/include/ROOT/libcpp_string_view.h:561:87: error: ‘npos’ was not declared in this scope
             return _VSTD::__str_find_first_not_of<value_type, size_type, traits_type, npos>
                                                                                       ^
/home/liu_lab/shared/include/ROOT/libcpp_string_view.h:562:23: error: there are no arguments to ‘data’ that depend on a template parameter, so a declaration of ‘data’ must be available [-fpermissive]
                 (data(), size(), __s, __pos, traits_type::length(__s));
                       ^
/home/liu_lab/shared/include/ROOT/libcpp_string_view.h:562:31: error: there are no arguments to ‘size’ that depend on a template parameter, so a declaration of ‘size’ must be available [-fpermissive]
                 (data(), size(), __s, __pos, traits_type::length(__s));
                               ^
/home/liu_lab/shared/include/ROOT/libcpp_string_view.h: In member function ‘std::experimental::__ROOT::basic_string_view<_CharT, _Traits>::size_type std::experimental::__ROOT::basic_string_view<_CharT, _Traits>::find_last_not_of(std::experimental::__ROOT::basic_string_view<_CharT, _Traits>, std::experimental::__ROOT::basic_string_view<_CharT, _Traits>::size_type) const’:
/home/liu_lab/shared/include/ROOT/libcpp_string_view.h:570:86: error: ‘npos’ was not declared in this scope
             return _VSTD::__str_find_last_not_of<value_type, size_type, traits_type, npos>
                                                                                      ^
/home/liu_lab/shared/include/ROOT/libcpp_string_view.h:571:23: error: there are no arguments to ‘data’ that depend on a template parameter, so a declaration of ‘data’ must be available [-fpermissive]
                 (data(), size(), __s.data(), __pos, __s.size());
                       ^
/home/liu_lab/shared/include/ROOT/libcpp_string_view.h:571:31: error: there are no arguments to ‘size’ that depend on a template parameter, so a declaration of ‘size’ must be available [-fpermissive]
                 (data(), size(), __s.data(), __pos, __s.size());
                               ^
/home/liu_lab/shared/include/ROOT/libcpp_string_view.h: In member function ‘std::experimental::__ROOT::basic_string_view<_CharT, _Traits>::size_type std::experimental::__ROOT::basic_string_view<_CharT, _Traits>::find_last_not_of(_CharT, std::experimental::__ROOT::basic_string_view<_CharT, _Traits>::size_type) const’:
/home/liu_lab/shared/include/ROOT/libcpp_string_view.h:577:86: error: ‘npos’ was not declared in this scope
             return _VSTD::__str_find_last_not_of<value_type, size_type, traits_type, npos>
                                                                                      ^
/home/liu_lab/shared/include/ROOT/libcpp_string_view.h:578:23: error: there are no arguments to ‘data’ that depend on a template parameter, so a declaration of ‘data’ must be available [-fpermissive]
                 (data(), size(), __c, __pos);
                       ^
/home/liu_lab/shared/include/ROOT/libcpp_string_view.h:578:31: error: there are no arguments to ‘size’ that depend on a template parameter, so a declaration of ‘size’ must be available [-fpermissive]
                 (data(), size(), __c, __pos);
                               ^
/home/liu_lab/shared/include/ROOT/libcpp_string_view.h: In member function ‘std::experimental::__ROOT::basic_string_view<_CharT, _Traits>::size_type std::experimental::__ROOT::basic_string_view<_CharT, _Traits>::find_last_not_of(const _CharT*, std::experimental::__ROOT::basic_string_view<_CharT, _Traits>::size_type, std::experimental::__ROOT::basic_string_view<_CharT, _Traits>::size_type) const’:
/home/liu_lab/shared/include/ROOT/libcpp_string_view.h:585:86: error: ‘npos’ was not declared in this scope
             return _VSTD::__str_find_last_not_of<value_type, size_type, traits_type, npos>
                                                                                      ^
/home/liu_lab/shared/include/ROOT/libcpp_string_view.h:586:23: error: there are no arguments to ‘data’ that depend on a template parameter, so a declaration of ‘data’ must be available [-fpermissive]
                 (data(), size(), __s, __pos, __n);
                       ^
/home/liu_lab/shared/include/ROOT/libcpp_string_view.h:586:31: error: there are no arguments to ‘size’ that depend on a template parameter, so a declaration of ‘size’ must be available [-fpermissive]
                 (data(), size(), __s, __pos, __n);
                               ^
/home/liu_lab/shared/include/ROOT/libcpp_string_view.h: In member function ‘std::experimental::__ROOT::basic_string_view<_CharT, _Traits>::size_type std::experimental::__ROOT::basic_string_view<_CharT, _Traits>::find_last_not_of(const _CharT*, std::experimental::__ROOT::basic_string_view<_CharT, _Traits>::size_type) const’:
/home/liu_lab/shared/include/ROOT/libcpp_string_view.h:593:86: error: ‘npos’ was not declared in this scope
             return _VSTD::__str_find_last_not_of<value_type, size_type, traits_type, npos>
                                                                                      ^
/home/liu_lab/shared/include/ROOT/libcpp_string_view.h:594:23: error: there are no arguments to ‘data’ that depend on a template parameter, so a declaration of ‘data’ must be available [-fpermissive]
                 (data(), size(), __s, __pos, traits_type::length(__s));
                       ^
/home/liu_lab/shared/include/ROOT/libcpp_string_view.h:594:31: error: there are no arguments to ‘size’ that depend on a template parameter, so a declaration of ‘size’ must be available [-fpermissive]
                 (data(), size(), __s, __pos, traits_type::length(__s));
                               ^
/home/liu_lab/shared/include/ROOT/libcpp_string_view.h: At global scope:
/home/liu_lab/shared/include/ROOT/libcpp_string_view.h:617:37: error: ‘common_type’ in namespace ‘std’ does not name a type
                     typename _VSTD::common_type<basic_string_view<_CharT, _Traits> >::type __rhs) _NOEXCEPT
                                     ^
/home/liu_lab/shared/include/ROOT/libcpp_string_view.h:617:48: error: expected ‘,’ or ‘...’ before ‘<’ token
                     typename _VSTD::common_type<basic_string_view<_CharT, _Traits> >::type __rhs) _NOEXCEPT
                                                ^
/home/liu_lab/shared/include/ROOT/libcpp_string_view.h: In function ‘bool std::experimental::__ROOT::operator==(std::experimental::__ROOT::basic_string_view<_CharT, _Traits>, int)’:
/home/liu_lab/shared/include/ROOT/libcpp_string_view.h:619:30: error: ‘__rhs’ was not declared in this scope
         if ( __lhs.size() != __rhs.size()) return false;
                              ^
/home/liu_lab/shared/include/ROOT/libcpp_string_view.h:620:30: error: ‘__rhs’ was not declared in this scope
         return __lhs.compare(__rhs) == 0;
                              ^
/home/liu_lab/shared/include/ROOT/libcpp_string_view.h: At global scope:
/home/liu_lab/shared/include/ROOT/libcpp_string_view.h:625:37: error: ‘common_type’ in namespace ‘std’ does not name a type
     bool operator==(typename _VSTD::common_type<basic_string_view<_CharT, _Traits> >::type __lhs,
                                     ^
/home/liu_lab/shared/include/ROOT/libcpp_string_view.h:625:48: error: expected ‘,’ or ‘...’ before ‘<’ token
     bool operator==(typename _VSTD::common_type<basic_string_view<_CharT, _Traits> >::type __lhs,
                                                ^
/home/liu_lab/shared/include/ROOT/libcpp_string_view.h:626:61: error: ‘bool std::experimental::__ROOT::operator==(int)’ must have an argument of class or enumerated type
                     basic_string_view<_CharT, _Traits> __rhs) _NOEXCEPT
                                                             ^
/home/liu_lab/shared/include/ROOT/libcpp_string_view.h:658:37: error: ‘common_type’ in namespace ‘std’ does not name a type
                     typename _VSTD::common_type<basic_string_view<_CharT, _Traits> >::type __rhs) _NOEXCEPT
                                     ^
/home/liu_lab/shared/include/ROOT/libcpp_string_view.h:658:48: error: expected ‘,’ or ‘...’ before ‘<’ token
                     typename _VSTD::common_type<basic_string_view<_CharT, _Traits> >::type __rhs) _NOEXCEPT
                                                ^
/home/liu_lab/shared/include/ROOT/libcpp_string_view.h: In function ‘bool std::experimental::__ROOT::operator!=(std::experimental::__ROOT::basic_string_view<_CharT, _Traits>, int)’:
/home/liu_lab/shared/include/ROOT/libcpp_string_view.h:660:30: error: ‘__rhs’ was not declared in this scope
         if ( __lhs.size() != __rhs.size())
                              ^
/home/liu_lab/shared/include/ROOT/libcpp_string_view.h:662:30: error: ‘__rhs’ was not declared in this scope
         return __lhs.compare(__rhs) != 0;
                              ^
/home/liu_lab/shared/include/ROOT/libcpp_string_view.h: At global scope:
/home/liu_lab/shared/include/ROOT/libcpp_string_view.h:667:37: error: ‘common_type’ in namespace ‘std’ does not name a type
     bool operator!=(typename _VSTD::common_type<basic_string_view<_CharT, _Traits> >::type __lhs,
                                     ^
/home/liu_lab/shared/include/ROOT/libcpp_string_view.h:667:48: error: expected ‘,’ or ‘...’ before ‘<’ token
     bool operator!=(typename _VSTD::common_type<basic_string_view<_CharT, _Traits> >::type __lhs,
                                                ^
/home/liu_lab/shared/include/ROOT/libcpp_string_view.h:668:61: error: ‘bool std::experimental::__ROOT::operator!=(int)’ must have an argument of class or enumerated type
                     basic_string_view<_CharT, _Traits> __rhs) _NOEXCEPT
                                                             ^
/home/liu_lab/shared/include/ROOT/libcpp_string_view.h:687:37: error: ‘common_type’ in namespace ‘std’ does not name a type
                     typename _VSTD::common_type<basic_string_view<_CharT, _Traits> >::type __rhs) _NOEXCEPT
                                     ^
/home/liu_lab/shared/include/ROOT/libcpp_string_view.h:687:48: error: expected ‘,’ or ‘...’ before ‘<’ token
                     typename _VSTD::common_type<basic_string_view<_CharT, _Traits> >::type __rhs) _NOEXCEPT
                                                ^
/home/liu_lab/shared/include/ROOT/libcpp_string_view.h: In function ‘bool std::experimental::__ROOT::operator<(std::experimental::__ROOT::basic_string_view<_CharT, _Traits>, int)’:
/home/liu_lab/shared/include/ROOT/libcpp_string_view.h:689:30: error: ‘__rhs’ was not declared in this scope
         return __lhs.compare(__rhs) < 0;
                              ^
/home/liu_lab/shared/include/ROOT/libcpp_string_view.h: At global scope:
/home/liu_lab/shared/include/ROOT/libcpp_string_view.h:694:36: error: ‘common_type’ in namespace ‘std’ does not name a type
     bool operator<(typename _VSTD::common_type<basic_string_view<_CharT, _Traits> >::type __lhs,
                                    ^
/home/liu_lab/shared/include/ROOT/libcpp_string_view.h:694:47: error: expected ‘,’ or ‘...’ before ‘<’ token
     bool operator<(typename _VSTD::common_type<basic_string_view<_CharT, _Traits> >::type __lhs,
                                               ^
/home/liu_lab/shared/include/ROOT/libcpp_string_view.h:695:61: error: ‘bool std::experimental::__ROOT::operator<(int)’ must have an argument of class or enumerated type
                     basic_string_view<_CharT, _Traits> __rhs) _NOEXCEPT
                                                             ^
/home/liu_lab/shared/include/ROOT/libcpp_string_view.h:712:37: error: ‘common_type’ in namespace ‘std’ does not name a type
                     typename _VSTD::common_type<basic_string_view<_CharT, _Traits> >::type __rhs) _NOEXCEPT
                                     ^
/home/liu_lab/shared/include/ROOT/libcpp_string_view.h:712:48: error: expected ‘,’ or ‘...’ before ‘<’ token
                     typename _VSTD::common_type<basic_string_view<_CharT, _Traits> >::type __rhs) _NOEXCEPT
                                                ^
/home/liu_lab/shared/include/ROOT/libcpp_string_view.h: In function ‘bool std::experimental::__ROOT::operator>(std::experimental::__ROOT::basic_string_view<_CharT, _Traits>, int)’:
/home/liu_lab/shared/include/ROOT/libcpp_string_view.h:714:30: error: ‘__rhs’ was not declared in this scope
         return __lhs.compare(__rhs) > 0;
                              ^
/home/liu_lab/shared/include/ROOT/libcpp_string_view.h: At global scope:
/home/liu_lab/shared/include/ROOT/libcpp_string_view.h:719:36: error: ‘common_type’ in namespace ‘std’ does not name a type
     bool operator>(typename _VSTD::common_type<basic_string_view<_CharT, _Traits> >::type __lhs,
                                    ^
/home/liu_lab/shared/include/ROOT/libcpp_string_view.h:719:47: error: expected ‘,’ or ‘...’ before ‘<’ token
     bool operator>(typename _VSTD::common_type<basic_string_view<_CharT, _Traits> >::type __lhs,
                                               ^
/home/liu_lab/shared/include/ROOT/libcpp_string_view.h:720:61: error: ‘bool std::experimental::__ROOT::operator>(int)’ must have an argument of class or enumerated type
                     basic_string_view<_CharT, _Traits> __rhs) _NOEXCEPT
                                                             ^
/home/liu_lab/shared/include/ROOT/libcpp_string_view.h:737:37: error: ‘common_type’ in namespace ‘std’ does not name a type
                     typename _VSTD::common_type<basic_string_view<_CharT, _Traits> >::type __rhs) _NOEXCEPT
                                     ^
/home/liu_lab/shared/include/ROOT/libcpp_string_view.h:737:48: error: expected ‘,’ or ‘...’ before ‘<’ token
                     typename _VSTD::common_type<basic_string_view<_CharT, _Traits> >::type __rhs) _NOEXCEPT
                                                ^
/home/liu_lab/shared/include/ROOT/libcpp_string_view.h: In function ‘bool std::experimental::__ROOT::operator<=(std::experimental::__ROOT::basic_string_view<_CharT, _Traits>, int)’:
/home/liu_lab/shared/include/ROOT/libcpp_string_view.h:739:30: error: ‘__rhs’ was not declared in this scope
         return __lhs.compare(__rhs) <= 0;
                              ^
/home/liu_lab/shared/include/ROOT/libcpp_string_view.h: At global scope:
/home/liu_lab/shared/include/ROOT/libcpp_string_view.h:744:37: error: ‘common_type’ in namespace ‘std’ does not name a type
     bool operator<=(typename _VSTD::common_type<basic_string_view<_CharT, _Traits> >::type __lhs,
                                     ^
/home/liu_lab/shared/include/ROOT/libcpp_string_view.h:744:48: error: expected ‘,’ or ‘...’ before ‘<’ token
     bool operator<=(typename _VSTD::common_type<basic_string_view<_CharT, _Traits> >::type __lhs,
                                                ^
/home/liu_lab/shared/include/ROOT/libcpp_string_view.h:745:61: error: ‘bool std::experimental::__ROOT::operator<=(int)’ must have an argument of class or enumerated type
                     basic_string_view<_CharT, _Traits> __rhs) _NOEXCEPT
                                                             ^
/home/liu_lab/shared/include/ROOT/libcpp_string_view.h:763:37: error: ‘common_type’ in namespace ‘std’ does not name a type
                     typename _VSTD::common_type<basic_string_view<_CharT, _Traits> >::type __rhs) _NOEXCEPT
                                     ^
/home/liu_lab/shared/include/ROOT/libcpp_string_view.h:763:48: error: expected ‘,’ or ‘...’ before ‘<’ token
                     typename _VSTD::common_type<basic_string_view<_CharT, _Traits> >::type __rhs) _NOEXCEPT
                                                ^
/home/liu_lab/shared/include/ROOT/libcpp_string_view.h: In function ‘bool std::experimental::__ROOT::operator>=(std::experimental::__ROOT::basic_string_view<_CharT, _Traits>, int)’:
/home/liu_lab/shared/include/ROOT/libcpp_string_view.h:765:30: error: ‘__rhs’ was not declared in this scope
         return __lhs.compare(__rhs) >= 0;
                              ^
/home/liu_lab/shared/include/ROOT/libcpp_string_view.h: At global scope:
/home/liu_lab/shared/include/ROOT/libcpp_string_view.h:770:37: error: ‘common_type’ in namespace ‘std’ does not name a type
     bool operator>=(typename _VSTD::common_type<basic_string_view<_CharT, _Traits> >::type __lhs,
                                     ^
/home/liu_lab/shared/include/ROOT/libcpp_string_view.h:770:48: error: expected ‘,’ or ‘...’ before ‘<’ token
     bool operator>=(typename _VSTD::common_type<basic_string_view<_CharT, _Traits> >::type __lhs,
                                                ^
/home/liu_lab/shared/include/ROOT/libcpp_string_view.h:771:61: error: ‘bool std::experimental::__ROOT::operator>=(int)’ must have an argument of class or enumerated type
                     basic_string_view<_CharT, _Traits> __rhs) _NOEXCEPT
                                                             ^
/home/liu_lab/shared/include/ROOT/libcpp_string_view.h:786:29: error: ‘char16_t’ was not declared in this scope
   typedef basic_string_view<char16_t> u16string_view;
                             ^
/home/liu_lab/shared/include/ROOT/libcpp_string_view.h:786:37: error: template argument 1 is invalid
   typedef basic_string_view<char16_t> u16string_view;
                                     ^
/home/liu_lab/shared/include/ROOT/libcpp_string_view.h:786:37: error: template argument 2 is invalid
/home/liu_lab/shared/include/ROOT/libcpp_string_view.h:786:53: error: invalid type in declaration before ‘;’ token
   typedef basic_string_view<char16_t> u16string_view;
                                                     ^
/home/liu_lab/shared/include/ROOT/libcpp_string_view.h:787:29: error: ‘char32_t’ was not declared in this scope
   typedef basic_string_view<char32_t> u32string_view;
                             ^
/home/liu_lab/shared/include/ROOT/libcpp_string_view.h:787:37: error: template argument 1 is invalid
   typedef basic_string_view<char32_t> u32string_view;
                                     ^
/home/liu_lab/shared/include/ROOT/libcpp_string_view.h:787:37: error: template argument 2 is invalid
/home/liu_lab/shared/include/ROOT/libcpp_string_view.h:787:53: error: invalid type in declaration before ‘;’ token
   typedef basic_string_view<char32_t> u32string_view;
                                                     ^
/home/liu_lab/shared/include/ROOT/libcpp_string_view.h:796:30: error: ‘hash’ is not a class template
 struct _LIBCPP_TYPE_VIS_ONLY hash<std::experimental::basic_string_view<_CharT, _Traits> >
                              ^
/home/liu_lab/shared/include/ROOT/libcpp_string_view.h:804:60: error: wrong number of template arguments (1, should be 2)
 hash<std::experimental::basic_string_view<_CharT, _Traits> >::operator()(
                                                            ^
/home/liu_lab/shared/include/ROOT/libcpp_string_view.h:796:89: error: provided for ‘template<class _CharT, class _Traits> struct std::hash’
 struct _LIBCPP_TYPE_VIS_ONLY hash<std::experimental::basic_string_view<_CharT, _Traits> >
                                                                                         ^
/home/liu_lab/shared/include/ROOT/libcpp_string_view.h:805:77: error: non-member function ‘std::size_t std::operator()(const std::experimental::__ROOT::basic_string_view<_CharT, _Traits>&)’ cannot have cv-qualifier
         const std::experimental::basic_string_view<_CharT, _Traits>& __val) const _NOEXCEPT
                                                                             ^
/home/liu_lab/shared/include/ROOT/libcpp_string_view.h:805:77: error: ‘std::size_t std::operator()(const std::experimental::__ROOT::basic_string_view<_CharT, _Traits>&)’ must be a nonstatic member function
In file included from /home/liu_lab/shared/include/TString.h:28:0,
                 from /home/liu_lab/shared/include/TNamed.h:26,
                 from /home/liu_lab/shared/include/TRandom.h:25,
                 from /home/liu_lab/shared/include/TRandom3.h:25,
                 from test.cc:2:
/home/liu_lab/shared/include/ROOT/RStringView.hxx:32:4: error: expected unqualified-id before ‘using’
    using basic_string_view = ::std::experimental::basic_string_view<_CharT,_Traits>;
    ^
/home/liu_lab/shared/include/ROOT/RStringView.hxx:35:12: error: ‘basic_string_view’ does not name a type
    typedef basic_string_view<char> string_view;
            ^
/home/liu_lab/shared/include/ROOT/RStringView.hxx:36:12: error: ‘basic_string_view’ does not name a type
    typedef basic_string_view<char16_t> u16string_view;
            ^
/home/liu_lab/shared/include/ROOT/RStringView.hxx:37:12: error: ‘basic_string_view’ does not name a type
    typedef basic_string_view<char32_t> u32string_view;
            ^
/home/liu_lab/shared/include/ROOT/RStringView.hxx:38:12: error: ‘basic_string_view’ does not name a type
    typedef basic_string_view<wchar_t> wstring_view;
            ^
/home/liu_lab/shared/include/ROOT/RStringView.hxx:48:28: error: ‘std::stod’ declared as an ‘inline’ variable
    inline double stod(std::string_view str, size_t *pos)
                            ^
/home/liu_lab/shared/include/ROOT/RStringView.hxx:48:23: error: ‘string_view’ is not a member of ‘std’
    inline double stod(std::string_view str, size_t *pos)
                       ^
/home/liu_lab/shared/include/ROOT/RStringView.hxx:48:23: note: suggested alternatives:
In file included from /home/liu_lab/shared/include/ROOT/RWrap_libcpp_string_view.h:545:0,
                 from /home/liu_lab/shared/include/ROOT/RStringView.hxx:26,
                 from /home/liu_lab/shared/include/TString.h:28,
                 from /home/liu_lab/shared/include/TNamed.h:26,
                 from /home/liu_lab/shared/include/TRandom.h:25,
                 from /home/liu_lab/shared/include/TRandom3.h:25,
                 from test.cc:2:
/home/liu_lab/shared/include/ROOT/libcpp_string_view.h:785:39: note:   ‘std::experimental::__ROOT::string_view’
   typedef basic_string_view<char>     string_view;
                                       ^
/home/liu_lab/shared/include/ROOT/libcpp_string_view.h:785:39: note:   ‘std::experimental::__ROOT::string_view’
In file included from /home/liu_lab/shared/include/TString.h:28:0,
                 from /home/liu_lab/shared/include/TNamed.h:26,
                 from /home/liu_lab/shared/include/TRandom.h:25,
                 from /home/liu_lab/shared/include/TRandom3.h:25,
                 from test.cc:2:
/home/liu_lab/shared/include/ROOT/RStringView.hxx:48:52: error: expected primary-expression before ‘*’ token
    inline double stod(std::string_view str, size_t *pos)
                                                    ^
/home/liu_lab/shared/include/ROOT/RStringView.hxx:48:53: error: ‘pos’ was not declared in this scope
    inline double stod(std::string_view str, size_t *pos)
                                                     ^
/home/liu_lab/shared/include/ROOT/RStringView.hxx:48:56: error: expression list treated as compound expression in initializer [-fpermissive]
    inline double stod(std::string_view str, size_t *pos)
                                                        ^
/home/liu_lab/shared/include/ROOT/RStringView.hxx:49:4: error: expected ‘,’ or ‘;’ before ‘{’ token
    {
    ^
/home/liu_lab/shared/include/ROOT/RStringView.hxx:61:33: warning: non-static data member initializers only available with -std=c++11 or -std=gnu++11 [enabled by default]
        const char *fData{nullptr};
                                 ^
/home/liu_lab/shared/include/ROOT/RStringView.hxx:62:29: warning: non-static data member initializers only available with -std=c++11 or -std=gnu++11 [enabled by default]
        size_t      fLength{0};
                             ^
/home/liu_lab/shared/include/ROOT/RStringView.hxx:67:17: error: expected type-specifier
        operator std::string_view() const { return std::string_view(fData,fLength); }
                 ^
/home/liu_lab/shared/include/ROOT/RStringView.hxx:61:25: warning: extended initializer lists only available with -std=c++11 or -std=gnu++11 [enabled by default]
        const char *fData{nullptr};
                         ^
/home/liu_lab/shared/include/ROOT/RStringView.hxx:61:26: error: ‘nullptr’ was not declared in this scope
        const char *fData{nullptr};
                          ^
/home/liu_lab/shared/include/ROOT/RStringView.hxx:61:33: warning: extended initializer lists only available with -std=c++11 or -std=gnu++11 [enabled by default]
        const char *fData{nullptr};
                                 ^
/home/liu_lab/shared/include/ROOT/RStringView.hxx:61:33: error: cannot convert ‘<brace-enclosed initializer list>’ to ‘const char*’ in initialization
/home/liu_lab/shared/include/ROOT/RStringView.hxx:62:27: warning: extended initializer lists only available with -std=c++11 or -std=gnu++11 [enabled by default]
        size_t      fLength{0};
                           ^
/home/liu_lab/shared/include/ROOT/RStringView.hxx:62:29: warning: extended initializer lists only available with -std=c++11 or -std=gnu++11 [enabled by default]
        size_t      fLength{0};
                             ^
In file included from /home/liu_lab/shared/include/ROOT/RSpan.hxx:33:0,
                 from /home/liu_lab/shared/include/ROOT/TypeTraits.hxx:18,
                 from /home/liu_lab/shared/include/TString.h:29,
                 from /home/liu_lab/shared/include/TNamed.h:26,
                 from /home/liu_lab/shared/include/TRandom.h:25,
                 from /home/liu_lab/shared/include/TRandom3.h:25,
                 from test.cc:2:
/home/liu_lab/shared/include/ROOT/span.hxx:46:23: error: ‘array’ is not a member of ‘std’
 struct is_array_class<std::array<T, N>> {
                       ^
/home/liu_lab/shared/include/ROOT/span.hxx:46:23: error: ‘array’ is not a member of ‘std’
/home/liu_lab/shared/include/ROOT/span.hxx:46:38: error: spurious ‘>>’, use ‘>’ to terminate a template argument list
 struct is_array_class<std::array<T, N>> {
                                      ^
/home/liu_lab/shared/include/ROOT/span.hxx:46:38: error: wrong number of template arguments (2, should be 1)
/home/liu_lab/shared/include/ROOT/span.hxx:42:8: error: provided for ‘template<class Array> struct ROOT::Detail::is_array_class’
 struct is_array_class {
        ^
/home/liu_lab/shared/include/ROOT/span.hxx:50:36: error: ‘>>’ should be ‘> >’ within a nested template argument list
 struct is_array_class<std::vector<T>> {
                                    ^
/home/liu_lab/shared/include/ROOT/span.hxx:54:23: error: ‘initializer_list’ is not a member of ‘std’
 struct is_array_class<std::initializer_list<T>> {
                       ^
/home/liu_lab/shared/include/ROOT/span.hxx:54:23: error: ‘initializer_list’ is not a member of ‘std’
/home/liu_lab/shared/include/ROOT/span.hxx:54:46: error: template argument 1 is invalid
 struct is_array_class<std::initializer_list<T>> {
                                              ^
/home/liu_lab/shared/include/ROOT/span.hxx:60:21: warning: variadic templates only available with -std=c++11 or -std=gnu++11 [enabled by default]
 template< size_t... Indices >
                     ^
/home/liu_lab/shared/include/ROOT/span.hxx:62:10: error: ‘constexpr’ does not name a type
   static constexpr size_t value[sizeof...(Indices)] = {Indices...};
          ^
/home/liu_lab/shared/include/ROOT/span.hxx:62:10: note: C++11 ‘constexpr’ only available with -std=c++11 or -std=gnu++11
/home/liu_lab/shared/include/ROOT/span.hxx:68:20: warning: variadic templates only available with -std=c++11 or -std=gnu++11 [enabled by default]
 template<size_t... Indices, size_t Next>
                    ^
/home/liu_lab/shared/include/ROOT/span.hxx:76:20: warning: variadic templates only available with -std=c++11 or -std=gnu++11 [enabled by default]
 template<size_t... Indices, size_t Next, size_t Tail>
                    ^
/home/liu_lab/shared/include/ROOT/span.hxx:89:18: error: ‘enable_if’ in namespace ‘std’ does not name a type
    typename std::enable_if<(N == 0)>::type
                  ^
/home/liu_lab/shared/include/ROOT/span.hxx:89:27: error: expected template-argument before ‘<’ token
    typename std::enable_if<(N == 0)>::type
                           ^
/home/liu_lab/shared/include/ROOT/span.hxx:89:27: error: expected ‘>’ before ‘<’ token
/home/liu_lab/shared/include/ROOT/span.hxx:90:1: error: template argument 4 is invalid
 > {
 ^
/home/liu_lab/shared/include/ROOT/span.hxx:90:3: error: expected ‘::’ before ‘{’ token
 > {
   ^
/home/liu_lab/shared/include/ROOT/span.hxx:90:3: error: expected identifier before ‘{’ token
/home/liu_lab/shared/include/ROOT/span.hxx:90:3: error: qualified name does not name a class before ‘{’ token
/home/liu_lab/shared/include/ROOT/span.hxx:99:18: error: ‘enable_if’ in namespace ‘std’ does not name a type
    typename std::enable_if<(N == 1)>::type
                  ^
/home/liu_lab/shared/include/ROOT/span.hxx:99:27: error: expected template-argument before ‘<’ token
    typename std::enable_if<(N == 1)>::type
                           ^
/home/liu_lab/shared/include/ROOT/span.hxx:99:27: error: expected ‘>’ before ‘<’ token
/home/liu_lab/shared/include/ROOT/span.hxx:100:1: error: template argument 4 is invalid
 > {
 ^
/home/liu_lab/shared/include/ROOT/span.hxx:100:3: error: expected ‘::’ before ‘{’ token
 > {
   ^
/home/liu_lab/shared/include/ROOT/span.hxx:100:3: error: expected identifier before ‘{’ token
/home/liu_lab/shared/include/ROOT/span.hxx:100:3: error: qualified name does not name a class before ‘{’ token
/home/liu_lab/shared/include/ROOT/span.hxx:109:18: error: ‘enable_if’ in namespace ‘std’ does not name a type
    typename std::enable_if<(N > 1 && N % 2 == 0)>::type
                  ^
/home/liu_lab/shared/include/ROOT/span.hxx:109:27: error: expected template-argument before ‘<’ token
    typename std::enable_if<(N > 1 && N % 2 == 0)>::type
                           ^
/home/liu_lab/shared/include/ROOT/span.hxx:109:27: error: expected ‘>’ before ‘<’ token
/home/liu_lab/shared/include/ROOT/span.hxx:110:1: error: template argument 4 is invalid
 >
 ^
/home/liu_lab/shared/include/ROOT/span.hxx:111:4: error: expected ‘::’ before ‘:’ token
    : ROOT::Detail::make_indices_next<
    ^
/home/liu_lab/shared/include/ROOT/span.hxx:111:4: error: expected identifier before ‘:’ token
/home/liu_lab/shared/include/ROOT/span.hxx:111:4: error: qualified name does not name a class before ‘:’ token
/home/liu_lab/shared/include/ROOT/span.hxx:111:4: error: expected ‘{’ before ‘:’ token
/home/liu_lab/shared/include/ROOT/span.hxx:111:4: error: expected unqualified-id before ‘:’ token
/home/liu_lab/shared/include/ROOT/span.hxx:122:18: error: ‘enable_if’ in namespace ‘std’ does not name a type
    typename std::enable_if<(N > 1 && N % 2 == 1)>::type
                  ^
/home/liu_lab/shared/include/ROOT/span.hxx:122:27: error: expected template-argument before ‘<’ token
    typename std::enable_if<(N > 1 && N % 2 == 1)>::type
                           ^
/home/liu_lab/shared/include/ROOT/span.hxx:122:27: error: expected ‘>’ before ‘<’ token
/home/liu_lab/shared/include/ROOT/span.hxx:123:1: error: template argument 4 is invalid
 >
 ^
/home/liu_lab/shared/include/ROOT/span.hxx:124:4: error: expected ‘::’ before ‘:’ token
    : ROOT::Detail::make_indices_next2<
    ^
/home/liu_lab/shared/include/ROOT/span.hxx:124:4: error: expected identifier before ‘:’ token
/home/liu_lab/shared/include/ROOT/span.hxx:124:4: error: qualified name does not name a class before ‘:’ token
/home/liu_lab/shared/include/ROOT/span.hxx:124:4: error: expected ‘{’ before ‘:’ token
/home/liu_lab/shared/include/ROOT/span.hxx:124:4: error: expected unqualified-id before ‘:’ token
/home/liu_lab/shared/include/ROOT/span.hxx:141:1: error: expected unqualified-id before ‘using’
 using make_indices = typename make_indices_< Start, Last, Step >::type;
 ^
/home/liu_lab/shared/include/ROOT/span.hxx:153:8: error: ‘constexpr’ does not name a type
 static constexpr check_bound_t check_bound{};
        ^
/home/liu_lab/shared/include/ROOT/span.hxx:153:8: note: C++11 ‘constexpr’ only available with -std=c++11 or -std=gnu++11
/home/liu_lab/shared/include/ROOT/span.hxx:176:3: error: ‘constexpr’ does not name a type
   constexpr span() noexcept
   ^
/home/liu_lab/shared/include/ROOT/span.hxx:176:3: note: C++11 ‘constexpr’ only available with -std=c++11 or -std=gnu++11
/home/liu_lab/shared/include/ROOT/span.hxx:180:3: error: ‘constexpr’ does not name a type
   constexpr span(span const&) noexcept = default;
   ^
/home/liu_lab/shared/include/ROOT/span.hxx:180:3: note: C++11 ‘constexpr’ only available with -std=c++11 or -std=gnu++11
/home/liu_lab/shared/include/ROOT/span.hxx:181:3: error: ‘constexpr’ does not name a type
   constexpr span(span &&) noexcept = default;
   ^
/home/liu_lab/shared/include/ROOT/span.hxx:181:3: note: C++11 ‘constexpr’ only available with -std=c++11 or -std=gnu++11
/home/liu_lab/shared/include/ROOT/span.hxx:186:31: error: expected ‘)’ before ‘<’ token
   /*implicit*/ span(std::array<T, N> const& a) noexcept
                               ^
/home/liu_lab/shared/include/ROOT/span.hxx:193:39: error: expected initializer before ‘noexcept’
   /*implicit*/ span(T const (& a)[N]) noexcept
                                       ^
/home/liu_lab/shared/include/ROOT/span.hxx:199:44: error: expected ‘;’ at end of member declaration
   /*implicit*/ span(std::vector<T> const& v) noexcept
                                            ^
/home/liu_lab/shared/include/ROOT/span.hxx:199:46: error: ‘noexcept’ does not name a type
   /*implicit*/ span(std::vector<T> const& v) noexcept
                                              ^
/home/liu_lab/shared/include/ROOT/span.hxx:203:16: error: ‘constexpr’ does not name a type
   /*implicit*/ constexpr span(T const* a, size_type const n) noexcept
                ^
/home/liu_lab/shared/include/ROOT/span.hxx:203:16: note: C++11 ‘constexpr’ only available with -std=c++11 or -std=gnu++11
/home/liu_lab/shared/include/ROOT/span.hxx:209:28: error: ‘enable_if’ in namespace ‘std’ does not name a type
      class = typename std::enable_if<
                            ^
/home/liu_lab/shared/include/ROOT/span.hxx:209:37: error: expected ‘>’ before ‘<’ token
      class = typename std::enable_if<
                                     ^
/home/liu_lab/shared/include/ROOT/span.hxx:216:56: error: default template arguments may not be used in function templates without -std=c++11 or -std=gnu++11
   explicit span(InputIterator start, InputIterator last)
                                                        ^
/home/liu_lab/shared/include/ROOT/span.hxx:220:29: error: expected ‘)’ before ‘<’ token
   span(std::initializer_list<T> const& l)
                             ^
/home/liu_lab/shared/include/ROOT/span.hxx:224:30: error: expected ‘;’ at end of member declaration
   span& operator=(span const&) noexcept = delete;
                              ^
/home/liu_lab/shared/include/ROOT/span.hxx:224:32: error: ‘noexcept’ does not name a type
   span& operator=(span const&) noexcept = delete;
                                ^
/home/liu_lab/shared/include/ROOT/span.hxx:225:24: error: expected ‘,’ or ‘...’ before ‘&&’ token
   span& operator=(span &&) noexcept = delete;
                        ^
/home/liu_lab/shared/include/ROOT/span.hxx:225:26: error: expected ‘;’ at end of member declaration
   span& operator=(span &&) noexcept = delete;
                          ^
/home/liu_lab/shared/include/ROOT/span.hxx:225:28: error: ‘noexcept’ does not name a type
   span& operator=(span &&) noexcept = delete;
                            ^
/home/liu_lab/shared/include/ROOT/span.hxx:230:3: error: ‘constexpr’ does not name a type
   constexpr const_iterator begin() const noexcept
   ^
/home/liu_lab/shared/include/ROOT/span.hxx:230:3: note: C++11 ‘constexpr’ only available with -std=c++11 or -std=gnu++11
/home/liu_lab/shared/include/ROOT/span.hxx:234:3: error: ‘constexpr’ does not name a type
   constexpr const_iterator end() const noexcept
   ^
/home/liu_lab/shared/include/ROOT/span.hxx:234:3: note: C++11 ‘constexpr’ only available with -std=c++11 or -std=gnu++11
/home/liu_lab/shared/include/ROOT/span.hxx:238:3: error: ‘constexpr’ does not name a type
   constexpr const_iterator cbegin() const noexcept
   ^
/home/liu_lab/shared/include/ROOT/span.hxx:238:3: note: C++11 ‘constexpr’ only available with -std=c++11 or -std=gnu++11
/home/liu_lab/shared/include/ROOT/span.hxx:242:3: error: ‘constexpr’ does not name a type
   constexpr const_iterator cend() const noexcept
   ^
/home/liu_lab/shared/include/ROOT/span.hxx:242:3: note: C++11 ‘constexpr’ only available with -std=c++11 or -std=gnu++11
/home/liu_lab/shared/include/ROOT/span.hxx:266:3: error: ‘constexpr’ does not name a type
   constexpr size_type size() const noexcept
   ^
/home/liu_lab/shared/include/ROOT/span.hxx:266:3: note: C++11 ‘constexpr’ only available with -std=c++11 or -std=gnu++11
/home/liu_lab/shared/include/ROOT/span.hxx:270:3: error: ‘constexpr’ does not name a type
   constexpr size_type length() const noexcept
   ^
/home/liu_lab/shared/include/ROOT/span.hxx:270:3: note: C++11 ‘constexpr’ only available with -std=c++11 or -std=gnu++11
/home/liu_lab/shared/include/ROOT/span.hxx:274:3: error: ‘constexpr’ does not name a type
   constexpr size_type max_size() const noexcept
   ^
/home/liu_lab/shared/include/ROOT/span.hxx:274:3: note: C++11 ‘constexpr’ only available with -std=c++11 or -std=gnu++11
/home/liu_lab/shared/include/ROOT/span.hxx:278:3: error: ‘constexpr’ does not name a type
   constexpr bool empty() const noexcept
   ^
/home/liu_lab/shared/include/ROOT/span.hxx:278:3: note: C++11 ‘constexpr’ only available with -std=c++11 or -std=gnu++11
/home/liu_lab/shared/include/ROOT/span.hxx:282:3: error: ‘constexpr’ does not name a type
   constexpr const_reference operator[](size_type const n) const noexcept
   ^
/home/liu_lab/shared/include/ROOT/span.hxx:282:3: note: C++11 ‘constexpr’ only available with -std=c++11 or -std=gnu++11
/home/liu_lab/shared/include/ROOT/span.hxx:286:3: error: ‘constexpr’ does not name a type
   constexpr const_reference at(size_type const n) const
   ^
/home/liu_lab/shared/include/ROOT/span.hxx:286:3: note: C++11 ‘constexpr’ only available with -std=c++11 or -std=gnu++11
/home/liu_lab/shared/include/ROOT/span.hxx:293:3: error: ‘constexpr’ does not name a type
   constexpr const_pointer data() const noexcept
   ^
/home/liu_lab/shared/include/ROOT/span.hxx:293:3: note: C++11 ‘constexpr’ only available with -std=c++11 or -std=gnu++11
/home/liu_lab/shared/include/ROOT/span.hxx:297:3: error: ‘constexpr’ does not name a type
   constexpr const_reference front() const noexcept
   ^
/home/liu_lab/shared/include/ROOT/span.hxx:297:3: note: C++11 ‘constexpr’ only available with -std=c++11 or -std=gnu++11
/home/liu_lab/shared/include/ROOT/span.hxx:301:3: error: ‘constexpr’ does not name a type
   constexpr const_reference back() const noexcept
   ^
/home/liu_lab/shared/include/ROOT/span.hxx:301:3: note: C++11 ‘constexpr’ only available with -std=c++11 or -std=gnu++11
/home/liu_lab/shared/include/ROOT/span.hxx:311:3: error: ‘constexpr’ does not name a type
   constexpr span<T> slice(check_bound_t, size_type const pos, size_type const slicelen) const
   ^
/home/liu_lab/shared/include/ROOT/span.hxx:311:3: note: C++11 ‘constexpr’ only available with -std=c++11 or -std=gnu++11
In file included from /home/liu_lab/shared/include/ROOT/RSpan.hxx:33:0,
                 from /home/liu_lab/shared/include/ROOT/TypeTraits.hxx:18,
                 from /home/liu_lab/shared/include/TString.h:29,
                 from /home/liu_lab/shared/include/TNamed.h:26,
                 from /home/liu_lab/shared/include/TRandom.h:25,
                 from /home/liu_lab/shared/include/TRandom3.h:25,
                 from test.cc:2:
/home/liu_lab/shared/include/ROOT/span.hxx:320:3: error: ‘constexpr’ does not name a type
   constexpr span<T> slice_before(check_bound_t, size_type const pos) const
   ^
/home/liu_lab/shared/include/ROOT/span.hxx:320:3: note: C++11 ‘constexpr’ only available with -std=c++11 or -std=gnu++11
/home/liu_lab/shared/include/ROOT/span.hxx:329:3: error: ‘constexpr’ does not name a type
   constexpr span<T> slice_after(check_bound_t, size_type const pos) const
   ^
/home/liu_lab/shared/include/ROOT/span.hxx:329:3: note: C++11 ‘constexpr’ only available with -std=c++11 or -std=gnu++11
/home/liu_lab/shared/include/ROOT/span.hxx:340:3: error: ‘constexpr’ does not name a type
   constexpr span<T> slice(size_type const pos, size_type const slicelen) const
   ^
/home/liu_lab/shared/include/ROOT/span.hxx:340:3: note: C++11 ‘constexpr’ only available with -std=c++11 or -std=gnu++11
/home/liu_lab/shared/include/ROOT/span.hxx:344:3: error: ‘constexpr’ does not name a type
   constexpr span<T> slice_before(size_type const pos) const
   ^
/home/liu_lab/shared/include/ROOT/span.hxx:344:3: note: C++11 ‘constexpr’ only available with -std=c++11 or -std=gnu++11
/home/liu_lab/shared/include/ROOT/span.hxx:348:3: error: ‘constexpr’ does not name a type
   constexpr span<T> slice_after(size_type const pos) const
   ^
/home/liu_lab/shared/include/ROOT/span.hxx:348:3: note: C++11 ‘constexpr’ only available with -std=c++11 or -std=gnu++11
/home/liu_lab/shared/include/ROOT/span.hxx:356:3: error: ‘constexpr’ does not name a type
   constexpr span<T> slice(check_bound_t, iterator start, iterator last) const
   ^
/home/liu_lab/shared/include/ROOT/span.hxx:356:3: note: C++11 ‘constexpr’ only available with -std=c++11 or -std=gnu++11
/home/liu_lab/shared/include/ROOT/span.hxx:371:3: error: ‘constexpr’ does not name a type
   constexpr span<T> slice_before(check_bound_t, iterator const pos) const
   ^
/home/liu_lab/shared/include/ROOT/span.hxx:371:3: note: C++11 ‘constexpr’ only available with -std=c++11 or -std=gnu++11
/home/liu_lab/shared/include/ROOT/span.hxx:380:3: error: ‘constexpr’ does not name a type
   constexpr span<T> slice_after(check_bound_t, iterator const pos) const
   ^
/home/liu_lab/shared/include/ROOT/span.hxx:380:3: note: C++11 ‘constexpr’ only available with -std=c++11 or -std=gnu++11
/home/liu_lab/shared/include/ROOT/span.hxx:391:3: error: ‘constexpr’ does not name a type
   constexpr span<T> slice(iterator start, iterator last) const
   ^
/home/liu_lab/shared/include/ROOT/span.hxx:391:3: note: C++11 ‘constexpr’ only available with -std=c++11 or -std=gnu++11
/home/liu_lab/shared/include/ROOT/span.hxx:395:3: error: ‘constexpr’ does not name a type
   constexpr span<T> slice_before(iterator const pos) const
   ^
/home/liu_lab/shared/include/ROOT/span.hxx:395:3: note: C++11 ‘constexpr’ only available with -std=c++11 or -std=gnu++11
/home/liu_lab/shared/include/ROOT/span.hxx:399:3: error: ‘constexpr’ does not name a type
   constexpr span<T> slice_after(iterator const pos) const
   ^
/home/liu_lab/shared/include/ROOT/span.hxx:399:3: note: C++11 ‘constexpr’ only available with -std=c++11 or -std=gnu++11
/home/liu_lab/shared/include/ROOT/span.hxx:409:46: error: spurious ‘>>’, use ‘>’ to terminate a template argument list
   template<class Allocator = std::allocator<T>>
                                              ^
/home/liu_lab/shared/include/ROOT/span.hxx:409:35: warning: C++11 auto only available with -std=c++11 or -std=gnu++11 [enabled by default]
   template<class Allocator = std::allocator<T>>
                                   ^
/home/liu_lab/shared/include/ROOT/span.hxx:410:8: error: two or more data types in declaration of ‘type name’
   auto to_vector(Allocator const& alloc = Allocator{}) const
        ^
/home/liu_lab/shared/include/ROOT/span.hxx:410:8: error: expected ‘>’ before ‘to_vector’
/home/liu_lab/shared/include/ROOT/span.hxx:410:52: error: expected unqualified-id before ‘{’ token
   auto to_vector(Allocator const& alloc = Allocator{}) const
                                                    ^
/home/liu_lab/shared/include/ROOT/span.hxx:410:54: error: expected unqualified-id before ‘)’ token
   auto to_vector(Allocator const& alloc = Allocator{}) const
                                                      ^
test.cc:14:1: error: expected ‘}’ at end of input
 }
 ^
In file included from /home/liu_lab/shared/include/ROOT/RSpan.hxx:33:0,
                 from /home/liu_lab/shared/include/ROOT/TypeTraits.hxx:18,
                 from /home/liu_lab/shared/include/TString.h:29,
                 from /home/liu_lab/shared/include/TNamed.h:26,
                 from /home/liu_lab/shared/include/TRandom.h:25,
                 from /home/liu_lab/shared/include/TRandom3.h:25,
                 from test.cc:2:
/home/liu_lab/shared/include/ROOT/span.hxx: In constructor ‘std::__ROOT::span<T>::span(InputIterator, InputIterator)’:
/home/liu_lab/shared/include/ROOT/span.hxx:217:8: error: class ‘std::__ROOT::span<T>’ does not have any field named ‘length_’
      : length_(std::distance(start, last)), data_(start)
        ^
/home/liu_lab/shared/include/ROOT/span.hxx:217:45: error: class ‘std::__ROOT::span<T>’ does not have any field named ‘data_’
      : length_(std::distance(start, last)), data_(start)
                                             ^
/home/liu_lab/shared/include/ROOT/span.hxx: In member function ‘std::__ROOT::span<T>::const_reverse_iterator std::__ROOT::span<T>::rbegin() const’:
/home/liu_lab/shared/include/ROOT/span.hxx:248:5: warning: extended initializer lists only available with -std=c++11 or -std=gnu++11 [enabled by default]
     return {end()};
     ^
/home/liu_lab/shared/include/ROOT/span.hxx:248:17: error: there are no arguments to ‘end’ that depend on a template parameter, so a declaration of ‘end’ must be available [-fpermissive]
     return {end()};
                 ^
/home/liu_lab/shared/include/ROOT/span.hxx: In member function ‘std::__ROOT::span<T>::const_reverse_iterator std::__ROOT::span<T>::rend() const’:
/home/liu_lab/shared/include/ROOT/span.hxx:252:5: warning: extended initializer lists only available with -std=c++11 or -std=gnu++11 [enabled by default]
     return {begin()};
     ^
/home/liu_lab/shared/include/ROOT/span.hxx:252:19: error: there are no arguments to ‘begin’ that depend on a template parameter, so a declaration of ‘begin’ must be available [-fpermissive]
     return {begin()};
                   ^
/home/liu_lab/shared/include/ROOT/span.hxx: At global scope:
/home/liu_lab/shared/include/ROOT/span.hxx:261:3: error: expected unqualified-id at end of input
   }
   ^
/home/liu_lab/shared/include/ROOT/span.hxx:261:3: error: expected ‘}’ at end of input
/home/liu_lab/shared/include/ROOT/span.hxx:261:3: error: expected ‘}’ at end of input
